#
# There is insufficient memory for the Java Runtime Environment to continue.
# Native memory allocation (malloc) failed to allocate 154140672 bytes for committing reserved memory.
# Possible reasons:
#   The system is out of physical RAM or swap space
#   In 32 bit mode, the process size limit was hit
# Possible solutions:
#   Reduce memory load on the system
#   Increase physical memory or swap space
#   Check if swap backing store is full
#   Use 64 bit Java on a 64 bit OS
#   Decrease Java heap size (-Xmx/-Xms)
#   Decrease number of Java threads
#   Decrease Java thread stack sizes (-Xss)
#   Set larger code cache with -XX:ReservedCodeCacheSize=
# This output file may be truncated or incomplete.
#
#  Out of Memory Error (os_linux.cpp:2809), pid=9618, tid=139852836038400
#
# JRE version: OpenJDK Runtime Environment (7.0_79-b14) (build 1.7.0_79-b14)
# Java VM: OpenJDK 64-Bit Server VM (24.79-b02 mixed mode linux-amd64 compressed oops)
# Derivative: IcedTea 2.5.5
# Distribution: Custom build (Wed Apr 15 12:39:15 UTC 2015)
# Failed to write core dump. Core dumps have been disabled. To enable core dumping, try "ulimit -c unlimited" before starting Java again
#

---------------  T H R E A D  ---------------

Current thread (0x00007f320c06f800):  VMThread [stack: 0x00007f32068ce000,0x00007f32069cf000] [id=9625]

Stack: [0x00007f32068ce000,0x00007f32069cf000],  sp=0x00007f32069cd4e0,  free space=1021k
Native frames: (J=compiled Java code, j=interpreted, Vv=VM code, C=native code)
V  [libjvm.so+0x9888a6]
V  [libjvm.so+0x48eff2]
V  [libjvm.so+0x7fbf2b]
V  [libjvm.so+0x7f667e]
V  [libjvm.so+0x868ecb]
V  [libjvm.so+0x869d73]
V  [libjvm.so+0x86a48b]
V  [libjvm.so+0x865e99]
V  [libjvm.so+0x866678]
V  [libjvm.so+0x81e443]
V  [libjvm.so+0x98a172]
V  [libjvm.so+0x98ea07]
V  [libjvm.so+0x98cfeb]
V  [libjvm.so+0x98d696]
V  [libjvm.so+0x98db61]
V  [libjvm.so+0x7f8e72]

VM_Operation (0x00007f3214288d00): ParallelGCFailedAllocation, mode: safepoint, requested by thread 0x00007f320c009000


---------------  P R O C E S S  ---------------

Java Threads: ( => current thread )
  0x00007f320c0aa000 JavaThread "Service Thread" daemon [_thread_blocked, id=9631, stack(0x00007f3206255000,0x00007f3206356000)]
  0x00007f320c0a8000 JavaThread "C2 CompilerThread1" daemon [_thread_blocked, id=9630, stack(0x00007f3206356000,0x00007f3206457000)]
  0x00007f320c0a5000 JavaThread "C2 CompilerThread0" daemon [_thread_blocked, id=9629, stack(0x00007f3206457000,0x00007f3206558000)]
  0x00007f320c0a2800 JavaThread "Signal Dispatcher" daemon [_thread_blocked, id=9628, stack(0x00007f3206558000,0x00007f3206659000)]
  0x00007f320c076000 JavaThread "Finalizer" daemon [_thread_blocked, id=9627, stack(0x00007f32066cc000,0x00007f32067cd000)]
  0x00007f320c074000 JavaThread "Reference Handler" daemon [_thread_blocked, id=9626, stack(0x00007f32067cd000,0x00007f32068ce000)]
  0x00007f320c009000 JavaThread "main" [_thread_blocked, id=9620, stack(0x00007f321418a000,0x00007f321428b000)]

Other Threads:
=>0x00007f320c06f800 VMThread [stack: 0x00007f32068ce000,0x00007f32069cf000] [id=9625]
  0x00007f320c0ac800 WatcherThread [stack: 0x00007f3206154000,0x00007f3206255000] [id=9632]

VM state:at safepoint (normal execution)

VM Mutex/Monitor currently owned by a thread:  ([mutex/lock_event])
[0x00007f320c0066a0] Threads_lock - owner thread: 0x00007f320c06f800
[0x00007f320c006ba0] Heap_lock - owner thread: 0x00007f320c009000

Heap
 PSYoungGen      total 144896K, used 15844K [0x00000000eaa80000, 0x00000000f4980000, 0x0000000100000000)
  eden space 129024K, 0% used [0x00000000eaa80000,0x00000000eaa80000,0x00000000f2880000)
  from space 15872K, 99% used [0x00000000f2880000,0x00000000f37f9010,0x00000000f3800000)
  to   space 13824K, 0% used [0x00000000f3800000,0x00000000f3800000,0x00000000f4580000)
 ParOldGen       total 42496K, used 42023K [0x00000000c0000000, 0x00000000c2980000, 0x00000000eaa80000)
  object space 42496K, 98% used [0x00000000c0000000,0x00000000c2909d98,0x00000000c2980000)
 PSPermGen       total 21504K, used 6041K [0x00000000b5a00000, 0x00000000b6f00000, 0x00000000c0000000)
  object space 21504K, 28% used [0x00000000b5a00000,0x00000000b5fe6500,0x00000000b6f00000)

Card table byte_map: [0x00007f3211195000,0x00007f32113e9000] byte_map_base: 0x00007f3210be8000

Polling page: 0x00007f32142b4000

Code Cache  [0x00007f3209000000, 0x00007f3209300000, 0x00007f320c000000)
 total_blobs=911 nmethods=684 adapters=181 free_code_cache=46344Kb largest_free_block=47225024

Compilation events (10 events):
Event: 36,253 Thread 0x00007f320c0a5000  700             com.android.dx.ssa.SsaMethod::onInsnsChanged (16 bytes)
Event: 36,254 Thread 0x00007f320c0a5000 nmethod 700 0x00007f32090afc90 code [0x00007f32090afdc0, 0x00007f32090afe18]
Event: 36,300 Thread 0x00007f320c0a5000  701             com.android.dx.rop.type.StdTypeList::getType (6 bytes)
Event: 36,301 Thread 0x00007f320c0a5000 nmethod 701 0x00007f3209183bd0 code [0x00007f3209183d20, 0x00007f3209183df8]
Event: 36,320 Thread 0x00007f320c0a5000  702             com.android.dx.ssa.SsaMethod::makeNewGotoBlock (52 bytes)
Event: 36,326 Thread 0x00007f320c0a5000 nmethod 702 0x00007f32092cbc50 code [0x00007f32092cbe40, 0x00007f32092cc440]
Event: 36,326 Thread 0x00007f320c0a5000  703             com.android.dx.ssa.SsaMethod::getGoto (26 bytes)
Event: 36,328 Thread 0x00007f320c0a5000 nmethod 703 0x00007f320913d350 code [0x00007f320913d4c0, 0x00007f320913d678]
Event: 36,340 Thread 0x00007f320c0a5000  704             com.android.dx.cf.code.Frame::<init> (52 bytes)
Event: 36,341 Thread 0x00007f320c0a5000 nmethod 704 0x00007f320913cf90 code [0x00007f320913d0e0, 0x00007f320913d1d8]

GC Heap History (10 events):
Event: 29,559 GC heap after
Heap after GC invocations=2 (full 0):
 PSYoungGen      total 35328K, used 2538K [0x00000000eaa80000, 0x00000000ecf80000, 0x0000000100000000)
  eden space 32768K, 0% used [0x00000000eaa80000,0x00000000eaa80000,0x00000000eca80000)
  from space 2560K, 99% used [0x00000000ecd00000,0x00000000ecf7aab8,0x00000000ecf80000)
  to   space 2560K, 0% used [0x00000000eca80000,0x00000000eca80000,0x00000000ecd00000)
 ParOldGen       total 41984K, used 3743K [0x00000000c0000000, 0x00000000c2900000, 0x00000000eaa80000)
  object space 41984K, 8% used [0x00000000c0000000,0x00000000c03a7f88,0x00000000c2900000)
 PSPermGen       total 21504K, used 5797K [0x00000000b5a00000, 0x00000000b6f00000, 0x00000000c0000000)
  object space 21504K, 26% used [0x00000000b5a00000,0x00000000b5fa96b0,0x00000000b6f00000)
}
Event: 30,871 GC heap before
{Heap before GC invocations=3 (full 0):
 PSYoungGen      total 35328K, used 35306K [0x00000000eaa80000, 0x00000000ecf80000, 0x0000000100000000)
  eden space 32768K, 100% used [0x00000000eaa80000,0x00000000eca80000,0x00000000eca80000)
  from space 2560K, 99% used [0x00000000ecd00000,0x00000000ecf7aab8,0x00000000ecf80000)
  to   space 2560K, 0% used [0x00000000eca80000,0x00000000eca80000,0x00000000ecd00000)
 ParOldGen       total 41984K, used 3743K [0x00000000c0000000, 0x00000000c2900000, 0x00000000eaa80000)
  object space 41984K, 8% used [0x00000000c0000000,0x00000000c03a7f88,0x00000000c2900000)
 PSPermGen       total 21504K, used 5864K [0x00000000b5a00000, 0x00000000b6f00000, 0x00000000c0000000)
  object space 21504K, 27% used [0x00000000b5a00000,0x00000000b5fba298,0x00000000b6f00000)
Event: 30,901 GC heap after
Heap after GC invocations=3 (full 0):
 PSYoungGen      total 35328K, used 2544K [0x00000000eaa80000, 0x00000000eef80000, 0x0000000100000000)
  eden space 32768K, 0% used [0x00000000eaa80000,0x00000000eaa80000,0x00000000eca80000)
  from space 2560K, 99% used [0x00000000eca80000,0x00000000eccfc2b0,0x00000000ecd00000)
  to   space 2560K, 0% used [0x00000000eed00000,0x00000000eed00000,0x00000000eef80000)
 ParOldGen       total 41984K, used 7994K [0x00000000c0000000, 0x00000000c2900000, 0x00000000eaa80000)
  object space 41984K, 19% used [0x00000000c0000000,0x00000000c07ce8b0,0x00000000c2900000)
 PSPermGen       total 21504K, used 5864K [0x00000000b5a00000, 0x00000000b6f00000, 0x00000000c0000000)
  object space 21504K, 27% used [0x00000000b5a00000,0x00000000b5fba298,0x00000000b6f00000)
}
Event: 32,058 GC heap before
{Heap before GC invocations=4 (full 0):
 PSYoungGen      total 35328K, used 35312K [0x00000000eaa80000, 0x00000000eef80000, 0x0000000100000000)
  eden space 32768K, 100% used [0x00000000eaa80000,0x00000000eca80000,0x00000000eca80000)
  from space 2560K, 99% used [0x00000000eca80000,0x00000000eccfc2b0,0x00000000ecd00000)
  to   space 2560K, 0% used [0x00000000eed00000,0x00000000eed00000,0x00000000eef80000)
 ParOldGen       total 41984K, used 7994K [0x00000000c0000000, 0x00000000c2900000, 0x00000000eaa80000)
  object space 41984K, 19% used [0x00000000c0000000,0x00000000c07ce8b0,0x00000000c2900000)
 PSPermGen       total 21504K, used 5908K [0x00000000b5a00000, 0x00000000b6f00000, 0x00000000c0000000)
  object space 21504K, 27% used [0x00000000b5a00000,0x00000000b5fc5010,0x00000000b6f00000)
Event: 32,084 GC heap after
Heap after GC invocations=4 (full 0):
 PSYoungGen      total 68096K, used 2531K [0x00000000eaa80000, 0x00000000eef80000, 0x0000000100000000)
  eden space 65536K, 0% used [0x00000000eaa80000,0x00000000eaa80000,0x00000000eea80000)
  from space 2560K, 98% used [0x00000000eed00000,0x00000000eef78c40,0x00000000eef80000)
  to   space 2560K, 0% used [0x00000000eea80000,0x00000000eea80000,0x00000000eed00000)
 ParOldGen       total 41984K, used 13227K [0x00000000c0000000, 0x00000000c2900000, 0x00000000eaa80000)
  object space 41984K, 31% used [0x00000000c0000000,0x00000000c0ceac28,0x00000000c2900000)
 PSPermGen       total 21504K, used 5908K [0x00000000b5a00000, 0x00000000b6f00000, 0x00000000c0000000)
  object space 21504K, 27% used [0x00000000b5a00000,0x00000000b5fc5010,0x00000000b6f00000)
}
Event: 33,530 GC heap before
{Heap before GC invocations=5 (full 0):
 PSYoungGen      total 68096K, used 68067K [0x00000000eaa80000, 0x00000000eef80000, 0x0000000100000000)
  eden space 65536K, 100% used [0x00000000eaa80000,0x00000000eea80000,0x00000000eea80000)
  from space 2560K, 98% used [0x00000000eed00000,0x00000000eef78c40,0x00000000eef80000)
  to   space 2560K, 0% used [0x00000000eea80000,0x00000000eea80000,0x00000000eed00000)
 ParOldGen       total 41984K, used 13227K [0x00000000c0000000, 0x00000000c2900000, 0x00000000eaa80000)
  object space 41984K, 31% used [0x00000000c0000000,0x00000000c0ceac28,0x00000000c2900000)
 PSPermGen       total 21504K, used 5956K [0x00000000b5a00000, 0x00000000b6f00000, 0x00000000c0000000)
  object space 21504K, 27% used [0x00000000b5a00000,0x00000000b5fd1300,0x00000000b6f00000)
Event: 33,618 GC heap after
Heap after GC invocations=5 (full 0):
 PSYoungGen      total 68096K, used 2544K [0x00000000eaa80000, 0x00000000f4580000, 0x0000000100000000)
  eden space 65536K, 0% used [0x00000000eaa80000,0x00000000eaa80000,0x00000000eea80000)
  from space 2560K, 99% used [0x00000000eea80000,0x00000000eecfc2b0,0x00000000eed00000)
  to   space 13824K, 0% used [0x00000000f3800000,0x00000000f3800000,0x00000000f4580000)
 ParOldGen       total 41984K, used 24262K [0x00000000c0000000, 0x00000000c2900000, 0x00000000eaa80000)
  object space 41984K, 57% used [0x00000000c0000000,0x00000000c17b1958,0x00000000c2900000)
 PSPermGen       total 21504K, used 5956K [0x00000000b5a00000, 0x00000000b6f00000, 0x00000000c0000000)
  object space 21504K, 27% used [0x00000000b5a00000,0x00000000b5fd1300,0x00000000b6f00000)
}
Event: 34,813 GC heap before
{Heap before GC invocations=6 (full 0):
 PSYoungGen      total 68096K, used 68080K [0x00000000eaa80000, 0x00000000f4580000, 0x0000000100000000)
  eden space 65536K, 100% used [0x00000000eaa80000,0x00000000eea80000,0x00000000eea80000)
  from space 2560K, 99% used [0x00000000eea80000,0x00000000eecfc2b0,0x00000000eed00000)
  to   space 13824K, 0% used [0x00000000f3800000,0x00000000f3800000,0x00000000f4580000)
 ParOldGen       total 41984K, used 24262K [0x00000000c0000000, 0x00000000c2900000, 0x00000000eaa80000)
  object space 41984K, 57% used [0x00000000c0000000,0x00000000c17b1958,0x00000000c2900000)
 PSPermGen       total 21504K, used 5979K [0x00000000b5a00000, 0x00000000b6f00000, 0x00000000c0000000)
  object space 21504K, 27% used [0x00000000b5a00000,0x00000000b5fd6f20,0x00000000b6f00000)
Event: 34,888 GC heap after
Heap after GC invocations=6 (full 0):
 PSYoungGen      total 142848K, used 13109K [0x00000000eaa80000, 0x00000000f4980000, 0x0000000100000000)
  eden space 129024K, 0% used [0x00000000eaa80000,0x00000000eaa80000,0x00000000f2880000)
  from space 13824K, 94% used [0x00000000f3800000,0x00000000f44cd598,0x00000000f4580000)
  to   space 15872K, 0% used [0x00000000f2880000,0x00000000f2880000,0x00000000f3800000)
 ParOldGen       total 41984K, used 24262K [0x00000000c0000000, 0x00000000c2900000, 0x00000000eaa80000)
  object space 41984K, 57% used [0x00000000c0000000,0x00000000c17b1958,0x00000000c2900000)
 PSPermGen       total 21504K, used 5979K [0x00000000b5a00000, 0x00000000b6f00000, 0x00000000c0000000)
  object space 21504K, 27% used [0x00000000b5a00000,0x00000000b5fd6f20,0x00000000b6f00000)
}
Event: 36,357 GC heap before
{Heap before GC invocations=7 (full 0):
 PSYoungGen      total 142848K, used 142133K [0x00000000eaa80000, 0x00000000f4980000, 0x0000000100000000)
  eden space 129024K, 100% used [0x00000000eaa80000,0x00000000f2880000,0x00000000f2880000)
  from space 13824K, 94% used [0x00000000f3800000,0x00000000f44cd598,0x00000000f4580000)
  to   space 15872K, 0% used [0x00000000f2880000,0x00000000f2880000,0x00000000f3800000)
 ParOldGen       total 41984K, used 24262K [0x00000000c0000000, 0x00000000c2900000, 0x00000000eaa80000)
  object space 41984K, 57% used [0x00000000c0000000,0x00000000c17b1958,0x00000000c2900000)
 PSPermGen       total 21504K, used 6041K [0x00000000b5a00000, 0x00000000b6f00000, 0x00000000c0000000)
  object space 21504K, 28% used [0x00000000b5a00000,0x00000000b5fe6500,0x00000000b6f00000)

Deoptimization events (10 events):
Event: 35,311 Thread 0x00007f320c009000 Uncommon trap: reason=class_check action=maybe_recompile pc=0x00007f320924b7e8 method=com.android.dx.rop.cst.CstKnownNull.equals(Ljava/lang/Object;)Z @ 1
Event: 35,476 Thread 0x00007f320c009000 Uncommon trap: reason=class_check action=maybe_recompile pc=0x00007f320924b7e8 method=com.android.dx.rop.cst.CstKnownNull.equals(Ljava/lang/Object;)Z @ 1
Event: 35,488 Thread 0x00007f320c009000 Uncommon trap: reason=class_check action=maybe_recompile pc=0x00007f320924b7e8 method=com.android.dx.rop.cst.CstKnownNull.equals(Ljava/lang/Object;)Z @ 1
Event: 35,685 Thread 0x00007f320c009000 Uncommon trap: reason=bimorphic action=maybe_recompile pc=0x00007f32092b798c method=com.android.dx.cf.code.BytecodeArray.parseInstruction(ILcom/android/dx/cf/code/BytecodeArray$Visitor;)I @ 1161
Event: 35,685 Thread 0x00007f320c009000 Uncommon trap: reason=bimorphic action=maybe_recompile pc=0x00007f32092b798c method=com.android.dx.cf.code.BytecodeArray.parseInstruction(ILcom/android/dx/cf/code/BytecodeArray$Visitor;)I @ 1161
Event: 36,023 Thread 0x00007f320c009000 Uncommon trap: reason=class_check action=maybe_recompile pc=0x00007f32092d13e0 method=com.android.dx.cf.code.RopperMachine.run(Lcom/android/dx/cf/code/Frame;II)V @ 1024
Event: 36,164 Thread 0x00007f320c009000 Uncommon trap: reason=bimorphic action=maybe_recompile pc=0x00007f32092e5fb0 method=com.android.dx.cf.code.BytecodeArray.parseInstruction(ILcom/android/dx/cf/code/BytecodeArray$Visitor;)I @ 1035
Event: 36,164 Thread 0x00007f320c009000 Uncommon trap: reason=bimorphic action=maybe_recompile pc=0x00007f32092e5fb0 method=com.android.dx.cf.code.BytecodeArray.parseInstruction(ILcom/android/dx/cf/code/BytecodeArray$Visitor;)I @ 1035
Event: 36,287 Thread 0x00007f320c009000 Uncommon trap: reason=class_check action=maybe_recompile pc=0x00007f320911306c method=com.android.dx.ssa.SCCP.replaceConstants()V @ 127
Event: 36,302 Thread 0x00007f320c009000 Uncommon trap: reason=class_check action=maybe_recompile pc=0x00007f320911306c method=com.android.dx.ssa.SCCP.replaceConstants()V @ 127

Internal exceptions (10 events):
Event: 30,702 Thread 0x00007f320c009000 Implicit null exception at 0x00007f320909af20 to 0x00007f320909b8bd
Event: 31,953 Thread 0x00007f320c009000 Threw 0x00000000ec91cea8 at /build/java7-openjdk/src/icedtea-2.5.5/openjdk/hotspot/src/share/vm/prims/jvm.cpp:1284
Event: 32,432 Thread 0x00007f320c009000 Threw 0x00000000eb865598 at /build/java7-openjdk/src/icedtea-2.5.5/openjdk/hotspot/src/share/vm/prims/jvm.cpp:1284
Event: 32,565 Thread 0x00007f320c009000 Implicit null exception at 0x00007f32090a5ad6 to 0x00007f32090a6345
Event: 32,637 Thread 0x00007f320c009000 Threw 0x00000000ec33f3e8 at /build/java7-openjdk/src/icedtea-2.5.5/openjdk/hotspot/src/share/vm/prims/jvm.cpp:1284
Event: 32,664 Thread 0x00007f320c009000 Implicit null exception at 0x00007f3209087e4d to 0x00007f3209088725
Event: 32,664 Thread 0x00007f320c009000 Implicit null exception at 0x00007f3209183ddc to 0x00007f3209183f29
Event: 32,863 Thread 0x00007f320c009000 Implicit null exception at 0x00007f3209152569 to 0x00007f320915302d
Event: 32,864 Thread 0x00007f320c009000 Implicit null exception at 0x00007f32090afea8 to 0x00007f32090affd9
Event: 33,631 Thread 0x00007f320c009000 Threw 0x00000000eabe5b70 at /build/java7-openjdk/src/icedtea-2.5.5/openjdk/hotspot/src/share/vm/prims/jvm.cpp:1284

Events (10 events):
Event: 36,164 Thread 0x00007f320c009000 DEOPT PACKING pc=0x00007f32092e5fb0 sp=0x00007f3214288d70
Event: 36,164 Thread 0x00007f320c009000 DEOPT UNPACKING pc=0x00007f3209039045 sp=0x00007f3214288d28 mode 2
Event: 36,254 Thread 0x00007f320c0a5000 flushing nmethod 0x00007f32092061d0
Event: 36,287 Thread 0x00007f320c009000 Uncommon trap: trap_request=0xffffffde fr.pc=0x00007f320911306c
Event: 36,288 Thread 0x00007f320c009000 DEOPT PACKING pc=0x00007f320911306c sp=0x00007f3214288f50
Event: 36,288 Thread 0x00007f320c009000 DEOPT UNPACKING pc=0x00007f3209039045 sp=0x00007f3214288e98 mode 2
Event: 36,302 Thread 0x00007f320c009000 Uncommon trap: trap_request=0xffffffde fr.pc=0x00007f320911306c
Event: 36,302 Thread 0x00007f320c009000 DEOPT PACKING pc=0x00007f320911306c sp=0x00007f3214288f50
Event: 36,302 Thread 0x00007f320c009000 DEOPT UNPACKING pc=0x00007f3209039045 sp=0x00007f3214288e98 mode 2
Event: 36,356 Executing VM operation: ParallelGCFailedAllocation


Dynamic libraries:
00400000-00401000 r-xp 00000000 08:05 555982                             /usr/lib/jvm/java-7-openjdk/jre/bin/java
00600000-00601000 rw-p 00000000 08:05 555982                             /usr/lib/jvm/java-7-openjdk/jre/bin/java
011a2000-011c3000 rw-p 00000000 00:00 0                                  [heap]
b5a00000-b6f00000 rw-p 00000000 00:00 0 
b6f00000-c0000000 rw-p 00000000 00:00 0 
c0000000-c2980000 rw-p 00000000 00:00 0 
c2980000-eaa80000 rw-p 00000000 00:00 0 
eaa80000-f4980000 rw-p 00000000 00:00 0 
fdc80000-100000000 rw-p 00000000 00:00 0 
7f31d8000000-7f31d8021000 rw-p 00000000 00:00 0 
7f31d8021000-7f31dc000000 ---p 00000000 00:00 0 
7f31e0000000-7f31e0e2d000 rw-p 00000000 00:00 0 
7f31e0e2d000-7f31e4000000 ---p 00000000 00:00 0 
7f31e4000000-7f31e4021000 rw-p 00000000 00:00 0 
7f31e4021000-7f31e8000000 ---p 00000000 00:00 0 
7f31e8000000-7f31e8021000 rw-p 00000000 00:00 0 
7f31e8021000-7f31ec000000 ---p 00000000 00:00 0 
7f31ec000000-7f31ed08d000 rw-p 00000000 00:00 0 
7f31ed08d000-7f31f0000000 ---p 00000000 00:00 0 
7f31f0000000-7f31f0021000 rw-p 00000000 00:00 0 
7f31f0021000-7f31f4000000 ---p 00000000 00:00 0 
7f31f4000000-7f31f4021000 rw-p 00000000 00:00 0 
7f31f4021000-7f31f8000000 ---p 00000000 00:00 0 
7f31f8000000-7f31f8021000 rw-p 00000000 00:00 0 
7f31f8021000-7f31fc000000 ---p 00000000 00:00 0 
7f31fc000000-7f31fc030000 rw-p 00000000 00:00 0 
7f31fc030000-7f3200000000 ---p 00000000 00:00 0 
7f3200000000-7f3200021000 rw-p 00000000 00:00 0 
7f3200021000-7f3204000000 ---p 00000000 00:00 0 
7f3204b8a000-7f3204bbb000 rw-p 00000000 00:00 0 
7f3204bbb000-7f3204c29000 r-xp 00000000 08:05 530783                     /usr/lib/libpcre.so.1.2.5
7f3204c29000-7f3204e29000 ---p 0006e000 08:05 530783                     /usr/lib/libpcre.so.1.2.5
7f3204e29000-7f3204e2a000 r--p 0006e000 08:05 530783                     /usr/lib/libpcre.so.1.2.5
7f3204e2a000-7f3204e2b000 rw-p 0006f000 08:05 530783                     /usr/lib/libpcre.so.1.2.5
7f3204e2b000-7f3204e33000 r-xp 00000000 08:05 535290                     /usr/lib/libffi.so.6.0.4
7f3204e33000-7f3205032000 ---p 00008000 08:05 535290                     /usr/lib/libffi.so.6.0.4
7f3205032000-7f3205033000 r--p 00007000 08:05 535290                     /usr/lib/libffi.so.6.0.4
7f3205033000-7f3205034000 rw-p 00008000 08:05 535290                     /usr/lib/libffi.so.6.0.4
7f3205034000-7f3205048000 r-xp 00000000 08:05 527352                     /usr/lib/libresolv-2.21.so
7f3205048000-7f3205247000 ---p 00014000 08:05 527352                     /usr/lib/libresolv-2.21.so
7f3205247000-7f3205248000 r--p 00013000 08:05 527352                     /usr/lib/libresolv-2.21.so
7f3205248000-7f3205249000 rw-p 00014000 08:05 527352                     /usr/lib/libresolv-2.21.so
7f3205249000-7f320524b000 rw-p 00000000 00:00 0 
7f320524b000-7f320524e000 r-xp 00000000 08:05 535373                     /usr/lib/libgmodule-2.0.so.0.4400.0
7f320524e000-7f320544d000 ---p 00003000 08:05 535373                     /usr/lib/libgmodule-2.0.so.0.4400.0
7f320544d000-7f320544e000 r--p 00002000 08:05 535373                     /usr/lib/libgmodule-2.0.so.0.4400.0
7f320544e000-7f320544f000 rw-p 00003000 08:05 535373                     /usr/lib/libgmodule-2.0.so.0.4400.0
7f320544f000-7f320555b000 r-xp 00000000 08:05 535372                     /usr/lib/libglib-2.0.so.0.4400.0
7f320555b000-7f320575a000 ---p 0010c000 08:05 535372                     /usr/lib/libglib-2.0.so.0.4400.0
7f320575a000-7f320575b000 r--p 0010b000 08:05 535372                     /usr/lib/libglib-2.0.so.0.4400.0
7f320575b000-7f320575c000 rw-p 0010c000 08:05 535372                     /usr/lib/libglib-2.0.so.0.4400.0
7f320575c000-7f320575d000 rw-p 00000000 00:00 0 
7f320575d000-7f32057ac000 r-xp 00000000 08:05 535375                     /usr/lib/libgobject-2.0.so.0.4400.0
7f32057ac000-7f32059ac000 ---p 0004f000 08:05 535375                     /usr/lib/libgobject-2.0.so.0.4400.0
7f32059ac000-7f32059ad000 r--p 0004f000 08:05 535375                     /usr/lib/libgobject-2.0.so.0.4400.0
7f32059ad000-7f32059ae000 rw-p 00050000 08:05 535375                     /usr/lib/libgobject-2.0.so.0.4400.0
7f32059ae000-7f3205b24000 r-xp 00000000 08:05 535376                     /usr/lib/libgio-2.0.so.0.4400.0
7f3205b24000-7f3205d24000 ---p 00176000 08:05 535376                     /usr/lib/libgio-2.0.so.0.4400.0
7f3205d24000-7f3205d28000 r--p 00176000 08:05 535376                     /usr/lib/libgio-2.0.so.0.4400.0
7f3205d28000-7f3205d2a000 rw-p 0017a000 08:05 535376                     /usr/lib/libgio-2.0.so.0.4400.0
7f3205d2a000-7f3205d2c000 rw-p 00000000 00:00 0 
7f3205d2c000-7f3205d43000 r-xp 00000000 08:05 555956                     /usr/lib/jvm/java-7-openjdk/jre/lib/amd64/libnet.so
7f3205d43000-7f3205f42000 ---p 00017000 08:05 555956                     /usr/lib/jvm/java-7-openjdk/jre/lib/amd64/libnet.so
7f3205f42000-7f3205f43000 rw-p 00016000 08:05 555956                     /usr/lib/jvm/java-7-openjdk/jre/lib/amd64/libnet.so
7f3205f43000-7f3205f53000 r-xp 00000000 08:05 555957                     /usr/lib/jvm/java-7-openjdk/jre/lib/amd64/libnio.so
7f3205f53000-7f3206153000 ---p 00010000 08:05 555957                     /usr/lib/jvm/java-7-openjdk/jre/lib/amd64/libnio.so
7f3206153000-7f3206154000 rw-p 00010000 08:05 555957                     /usr/lib/jvm/java-7-openjdk/jre/lib/amd64/libnio.so
7f3206154000-7f3206155000 ---p 00000000 00:00 0 
7f3206155000-7f3206255000 rw-p 00000000 00:00 0                          [stack:9632]
7f3206255000-7f3206258000 ---p 00000000 00:00 0 
7f3206258000-7f3206356000 rw-p 00000000 00:00 0                          [stack:9631]
7f3206356000-7f3206359000 ---p 00000000 00:00 0 
7f3206359000-7f3206457000 rw-p 00000000 00:00 0                          [stack:9630]
7f3206457000-7f320645a000 ---p 00000000 00:00 0 
7f320645a000-7f3206558000 rw-p 00000000 00:00 0                          [stack:9629]
7f3206558000-7f320655b000 ---p 00000000 00:00 0 
7f320655b000-7f3206659000 rw-p 00000000 00:00 0                          [stack:9628]
7f3206659000-7f32066cc000 r--p 00000000 08:05 527780                     /usr/lib/locale/locale-archive
7f32066cc000-7f32066cf000 ---p 00000000 00:00 0 
7f32066cf000-7f32067cd000 rw-p 00000000 00:00 0                          [stack:9627]
7f32067cd000-7f32067d0000 ---p 00000000 00:00 0 
7f32067d0000-7f32068ce000 rw-p 00000000 00:00 0                          [stack:9626]
7f32068ce000-7f32068cf000 ---p 00000000 00:00 0 
7f32068cf000-7f3209000000 rw-p 00000000 00:00 0                          [stack:9625]
7f3209000000-7f3209300000 rwxp 00000000 00:00 0 
7f3209300000-7f320c1e3000 rw-p 00000000 00:00 0 
7f320c1e3000-7f3210000000 ---p 00000000 00:00 0 
7f3210003000-7f3210028000 r--p 00000000 08:05 527348                     /usr/share/locale/pl/LC_MESSAGES/libc.mo
7f3210028000-7f3210039000 r--s 000b9000 08:07 916292                     /home/fuji/AndroidStudioProjects/TirtClient/app/build/intermediates/exploded-aar/com.android.support/support-v4/22.0.0/jars/classes.jar
7f3210039000-7f32108ed000 rw-p 00000000 00:00 0 
7f32108ed000-7f3210a9e000 r--s 01d27000 08:05 555057                     /usr/lib/jvm/java-7-openjdk/jre/lib/rt.jar
7f3210a9e000-7f3210dea000 rw-p 00000000 00:00 0 
7f3210dea000-7f3210deb000 ---p 00000000 00:00 0 
7f3210deb000-7f3210eeb000 rw-p 00000000 00:00 0                          [stack:9623]
7f3210eeb000-7f3210eec000 ---p 00000000 00:00 0 
7f3210eec000-7f3210ff7000 rw-p 00000000 00:00 0                          [stack:9621]
7f3210ff7000-7f321103f000 rw-p 00000000 00:00 0 
7f321103f000-7f3211054000 rw-p 00000000 00:00 0 
7f3211054000-7f3211195000 rw-p 00000000 00:00 0 
7f3211195000-7f32111a0000 rw-p 00000000 00:00 0 
7f32111a0000-7f32111e8000 rw-p 00000000 00:00 0 
7f32111e8000-7f32111fd000 rw-p 00000000 00:00 0 
7f32111fd000-7f321133d000 rw-p 00000000 00:00 0 
7f321133d000-7f321138d000 rw-p 00000000 00:00 0 
7f321138d000-7f32113e8000 rw-p 00000000 00:00 0 
7f32113e8000-7f32113e9000 rw-p 00000000 00:00 0 
7f32113e9000-7f32113f1000 r-xp 00000000 08:05 555955                     /usr/lib/jvm/java-7-openjdk/jre/lib/amd64/libzip.so
7f32113f1000-7f32115f0000 ---p 00008000 08:05 555955                     /usr/lib/jvm/java-7-openjdk/jre/lib/amd64/libzip.so
7f32115f0000-7f32115f1000 rw-p 00007000 08:05 555955                     /usr/lib/jvm/java-7-openjdk/jre/lib/amd64/libzip.so
7f32115f1000-7f32115fc000 r-xp 00000000 08:05 527356                     /usr/lib/libnss_files-2.21.so
7f32115fc000-7f32117fc000 ---p 0000b000 08:05 527356                     /usr/lib/libnss_files-2.21.so
7f32117fc000-7f32117fd000 r--p 0000b000 08:05 527356                     /usr/lib/libnss_files-2.21.so
7f32117fd000-7f32117fe000 rw-p 0000c000 08:05 527356                     /usr/lib/libnss_files-2.21.so
7f32117fe000-7f321182a000 r-xp 00000000 08:05 555954                     /usr/lib/jvm/java-7-openjdk/jre/lib/amd64/libjava.so
7f321182a000-7f3211a29000 ---p 0002c000 08:05 555954                     /usr/lib/jvm/java-7-openjdk/jre/lib/amd64/libjava.so
7f3211a29000-7f3211a2b000 rw-p 0002b000 08:05 555954                     /usr/lib/jvm/java-7-openjdk/jre/lib/amd64/libjava.so
7f3211a2b000-7f3211a38000 r-xp 00000000 08:05 555953                     /usr/lib/jvm/java-7-openjdk/jre/lib/amd64/libverify.so
7f3211a38000-7f3211c37000 ---p 0000d000 08:05 555953                     /usr/lib/jvm/java-7-openjdk/jre/lib/amd64/libverify.so
7f3211c37000-7f3211c39000 rw-p 0000c000 08:05 555953                     /usr/lib/jvm/java-7-openjdk/jre/lib/amd64/libverify.so
7f3211c39000-7f3211c40000 r-xp 00000000 08:05 527442                     /usr/lib/librt-2.21.so
7f3211c40000-7f3211e3f000 ---p 00007000 08:05 527442                     /usr/lib/librt-2.21.so
7f3211e3f000-7f3211e40000 r--p 00006000 08:05 527442                     /usr/lib/librt-2.21.so
7f3211e40000-7f3211e41000 rw-p 00007000 08:05 527442                     /usr/lib/librt-2.21.so
7f3211e41000-7f3211e57000 r-xp 00000000 08:05 527804                     /usr/lib/libgcc_s.so.1
7f3211e57000-7f3212056000 ---p 00016000 08:05 527804                     /usr/lib/libgcc_s.so.1
7f3212056000-7f3212057000 rw-p 00015000 08:05 527804                     /usr/lib/libgcc_s.so.1
7f3212057000-7f321215a000 r-xp 00000000 08:05 527491                     /usr/lib/libm-2.21.so
7f321215a000-7f321235a000 ---p 00103000 08:05 527491                     /usr/lib/libm-2.21.so
7f321235a000-7f321235b000 r--p 00103000 08:05 527491                     /usr/lib/libm-2.21.so
7f321235b000-7f321235c000 rw-p 00104000 08:05 527491                     /usr/lib/libm-2.21.so
7f321235c000-7f321244c000 r-xp 00000000 08:05 527808                     /usr/lib/libstdc++.so.6.0.20
7f321244c000-7f321264c000 ---p 000f0000 08:05 527808                     /usr/lib/libstdc++.so.6.0.20
7f321264c000-7f3212654000 r--p 000f0000 08:05 527808                     /usr/lib/libstdc++.so.6.0.20
7f3212654000-7f3212656000 rw-p 000f8000 08:05 527808                     /usr/lib/libstdc++.so.6.0.20
7f3212656000-7f321266b000 rw-p 00000000 00:00 0 
7f321266b000-7f32131c0000 r-xp 00000000 08:05 662899                     /usr/lib/jvm/java-7-openjdk/jre/lib/amd64/server/libjvm.so
7f32131c0000-7f32133c0000 ---p 00b55000 08:05 662899                     /usr/lib/jvm/java-7-openjdk/jre/lib/amd64/server/libjvm.so
7f32133c0000-7f3213482000 rw-p 00b55000 08:05 662899                     /usr/lib/jvm/java-7-openjdk/jre/lib/amd64/server/libjvm.so
7f3213482000-7f32134ae000 rw-p 00000000 00:00 0 
7f32134ae000-7f32134c3000 r-xp 00000000 08:05 530530                     /usr/lib/libz.so.1.2.8
7f32134c3000-7f32136c2000 ---p 00015000 08:05 530530                     /usr/lib/libz.so.1.2.8
7f32136c2000-7f32136c3000 r--p 00014000 08:05 530530                     /usr/lib/libz.so.1.2.8
7f32136c3000-7f32136c4000 rw-p 00015000 08:05 530530                     /usr/lib/libz.so.1.2.8
7f32136c4000-7f321385d000 r-xp 00000000 08:05 527366                     /usr/lib/libc-2.21.so
7f321385d000-7f3213a5d000 ---p 00199000 08:05 527366                     /usr/lib/libc-2.21.so
7f3213a5d000-7f3213a61000 r--p 00199000 08:05 527366                     /usr/lib/libc-2.21.so
7f3213a61000-7f3213a63000 rw-p 0019d000 08:05 527366                     /usr/lib/libc-2.21.so
7f3213a63000-7f3213a67000 rw-p 00000000 00:00 0 
7f3213a67000-7f3213a69000 r-xp 00000000 08:05 527458                     /usr/lib/libdl-2.21.so
7f3213a69000-7f3213c69000 ---p 00002000 08:05 527458                     /usr/lib/libdl-2.21.so
7f3213c69000-7f3213c6a000 r--p 00002000 08:05 527458                     /usr/lib/libdl-2.21.so
7f3213c6a000-7f3213c6b000 rw-p 00003000 08:05 527458                     /usr/lib/libdl-2.21.so
7f3213c6b000-7f3213c78000 r-xp 00000000 08:05 662895                     /usr/lib/jvm/java-7-openjdk/jre/lib/amd64/jli/libjli.so
7f3213c78000-7f3213e77000 ---p 0000d000 08:05 662895                     /usr/lib/jvm/java-7-openjdk/jre/lib/amd64/jli/libjli.so
7f3213e77000-7f3213e78000 rw-p 0000c000 08:05 662895                     /usr/lib/jvm/java-7-openjdk/jre/lib/amd64/jli/libjli.so
7f3213e78000-7f3213e90000 r-xp 00000000 08:05 527440                     /usr/lib/libpthread-2.21.so
7f3213e90000-7f321408f000 ---p 00018000 08:05 527440                     /usr/lib/libpthread-2.21.so
7f321408f000-7f3214090000 r--p 00017000 08:05 527440                     /usr/lib/libpthread-2.21.so
7f3214090000-7f3214091000 rw-p 00018000 08:05 527440                     /usr/lib/libpthread-2.21.so
7f3214091000-7f3214095000 rw-p 00000000 00:00 0 
7f3214095000-7f32140b7000 r-xp 00000000 08:05 527486                     /usr/lib/ld-2.21.so
7f32140bb000-7f32140ca000 r--s 000dd000 08:07 1445658                    /home/fuji/Android/Sdk/build-tools/22.0.1/lib/dx.jar
7f32140ca000-7f32140d6000 rw-p 00000000 00:00 0 
7f32140d6000-7f321418a000 rw-p 00000000 00:00 0 
7f321418a000-7f321418d000 ---p 00000000 00:00 0 
7f321418d000-7f321428f000 rw-p 00000000 00:00 0                          [stack:9620]
7f3214292000-7f32142ab000 rw-p 00000000 00:00 0 
7f32142ab000-7f32142b3000 rw-s 00000000 00:20 41196                      /tmp/hsperfdata_fuji/9618
7f32142b3000-7f32142b4000 rw-p 00000000 00:00 0 
7f32142b4000-7f32142b5000 ---p 00000000 00:00 0 
7f32142b5000-7f32142b6000 rw-p 00000000 00:00 0 
7f32142b6000-7f32142b7000 r--p 00021000 08:05 527486                     /usr/lib/ld-2.21.so
7f32142b7000-7f32142b8000 rw-p 00022000 08:05 527486                     /usr/lib/ld-2.21.so
7f32142b8000-7f32142b9000 rw-p 00000000 00:00 0 
7ffcbcb17000-7ffcbcb38000 rw-p 00000000 00:00 0                          [stack]
7ffcbcb6a000-7ffcbcb6c000 r--p 00000000 00:00 0                          [vvar]
7ffcbcb6c000-7ffcbcb6e000 r-xp 00000000 00:00 0                          [vdso]
ffffffffff600000-ffffffffff601000 r-xp 00000000 00:00 0                  [vsyscall]

VM Arguments:
jvm_args: -Xmx1024M -Dfile.encoding=UTF-8 -Duser.country=PL -Duser.language=pl -Duser.variant 
java_command: com.android.dx.command.Main --dex --output /home/fuji/AndroidStudioProjects/TirtClient/app/build/intermediates/pre-dexed/debug/classes-7cff51fc019965de3d29840091ccba743ff63d40.jar /home/fuji/AndroidStudioProjects/TirtClient/app/build/intermediates/exploded-aar/com.android.support/support-v4/22.0.0/jars/classes.jar
Launcher Type: SUN_STANDARD

Environment Variables:
PATH=~/.gem/ruby/2.1.0/bin/:~/.gem/ruby/2.1.0/gems/bundler-1.6.3/bin/:/usr/local/sbin:/usr/local/bin:/usr/bin:/usr/lib/jvm/default/bin:/usr/bin/site_perl:/usr/bin/vendor_perl:/usr/bin/core_perl:/home/fuji/.rvm/bin
LD_LIBRARY_PATH=.:
SHELL=/usr/bin/zsh
DISPLAY=:0

Signal Handlers:
SIGSEGV: [libjvm.so+0x989390], sa_mask[0]=0x7ffbfeff, sa_flags=0x10000004
SIGBUS: [libjvm.so+0x989390], sa_mask[0]=0x7ffbfeff, sa_flags=0x10000004
SIGFPE: [libjvm.so+0x7f74d0], sa_mask[0]=0x7ffbfeff, sa_flags=0x10000004
SIGPIPE: [libjvm.so+0x7f74d0], sa_mask[0]=0x7ffbfeff, sa_flags=0x10000004
SIGXFSZ: [libjvm.so+0x7f74d0], sa_mask[0]=0x7ffbfeff, sa_flags=0x10000004
SIGILL: [libjvm.so+0x7f74d0], sa_mask[0]=0x7ffbfeff, sa_flags=0x10000004
SIGUSR1: SIG_DFL, sa_mask[0]=0x00000000, sa_flags=0x00000000
SIGUSR2: [libjvm.so+0x7f7350], sa_mask[0]=0x00000004, sa_flags=0x10000004
SIGHUP: [libjvm.so+0x7f7550], sa_mask[0]=0x7ffbfeff, sa_flags=0x10000004
SIGINT: [libjvm.so+0x7f7550], sa_mask[0]=0x7ffbfeff, sa_flags=0x10000004
SIGTERM: [libjvm.so+0x7f7550], sa_mask[0]=0x7ffbfeff, sa_flags=0x10000004
SIGQUIT: [libjvm.so+0x7f7550], sa_mask[0]=0x7ffbfeff, sa_flags=0x10000004
SIGTRAP: SIG_DFL, sa_mask[0]=0x00000000, sa_flags=0x00000000


---------------  S Y S T E M  ---------------

OS:Linux
uname:Linux 4.0.2-1-ARCH #1 SMP PREEMPT Thu May 7 06:47:54 CEST 2015 x86_64
libc:glibc 2.21 NPTL 2.21 
rlimit: STACK 8192k, CORE 0k, NPROC 15803, NOFILE 4096, AS infinity
load average:12,67 4,79 2,30

/proc/meminfo:
MemTotal:        4051052 kB
MemFree:          102936 kB
MemAvailable:      55160 kB
Buffers:            4788 kB
Cached:           821724 kB
SwapCached:            0 kB
Active:          3039072 kB
Inactive:         621340 kB
Active(anon):    3028088 kB
Inactive(anon):   578780 kB
Active(file):      10984 kB
Inactive(file):    42560 kB
Unevictable:         136 kB
Mlocked:             136 kB
SwapTotal:             0 kB
SwapFree:              0 kB
Dirty:               740 kB
Writeback:             0 kB
AnonPages:       2834000 kB
Mapped:           203144 kB
Shmem:            772872 kB
Slab:              42840 kB
SReclaimable:      19840 kB
SUnreclaim:        23000 kB
KernelStack:        3744 kB
PageTables:        11808 kB
NFS_Unstable:          0 kB
Bounce:                0 kB
WritebackTmp:          0 kB
CommitLimit:     2025524 kB
Committed_AS:    5741016 kB
VmallocTotal:   34359738367 kB
VmallocUsed:       77488 kB
VmallocChunk:   34359657459 kB
HardwareCorrupted:     0 kB
AnonHugePages:   1220608 kB
HugePages_Total:       0
HugePages_Free:        0
HugePages_Rsvd:        0
HugePages_Surp:        0
Hugepagesize:       2048 kB
DirectMap4k:      516928 kB
DirectMap2M:     3676160 kB


CPU:total 2 (2 cores per cpu, 1 threads per core) family 6 model 23 stepping 10, cmov, cx8, fxsr, mmx, sse, sse2, sse3, ssse3, sse4.1, tsc

/proc/cpuinfo:
processor	: 0
vendor_id	: GenuineIntel
cpu family	: 6
model		: 23
model name	: Intel(R) Core(TM)2 Duo CPU     E8500  @ 3.16GHz
stepping	: 10
microcode	: 0xa07
cpu MHz		: 3165.000
cache size	: 6144 KB
physical id	: 0
siblings	: 2
core id		: 0
cpu cores	: 2
apicid		: 0
initial apicid	: 0
fpu		: yes
fpu_exception	: yes
cpuid level	: 13
wp		: yes
flags		: fpu vme de pse tsc msr pae mce cx8 apic sep mtrr pge mca cmov pat pse36 clflush dts acpi mmx fxsr sse sse2 ss ht tm pbe syscall nx lm constant_tsc arch_perfmon pebs bts rep_good nopl aperfmperf pni dtes64 monitor ds_cpl vmx smx est tm2 ssse3 cx16 xtpr pdcm sse4_1 xsave lahf_lm dtherm tpr_shadow vnmi flexpriority
bugs		:
bogomips	: 6335.24
clflush size	: 64
cache_alignment	: 64
address sizes	: 36 bits physical, 48 bits virtual
power management:

processor	: 1
vendor_id	: GenuineIntel
cpu family	: 6
model		: 23
model name	: Intel(R) Core(TM)2 Duo CPU     E8500  @ 3.16GHz
stepping	: 10
microcode	: 0xa07
cpu MHz		: 3165.000
cache size	: 6144 KB
physical id	: 0
siblings	: 2
core id		: 1
cpu cores	: 2
apicid		: 1
initial apicid	: 1
fpu		: yes
fpu_exception	: yes
cpuid level	: 13
wp		: yes
flags		: fpu vme de pse tsc msr pae mce cx8 apic sep mtrr pge mca cmov pat pse36 clflush dts acpi mmx fxsr sse sse2 ss ht tm pbe syscall nx lm constant_tsc arch_perfmon pebs bts rep_good nopl aperfmperf pni dtes64 monitor ds_cpl vmx smx est tm2 ssse3 cx16 xtpr pdcm sse4_1 xsave lahf_lm dtherm tpr_shadow vnmi flexpriority
bugs		:
bogomips	: 6335.24
clflush size	: 64
cache_alignment	: 64
address sizes	: 36 bits physical, 48 bits virtual
power management:



Memory: 4k page, physical 4051052k(102936k free), swap 0k(0k free)

vm_info: OpenJDK 64-Bit Server VM (24.79-b02) for linux-amd64 JRE (1.7.0_79-b14), built on Apr 15 2015 12:42:59 by "builduser" with gcc 4.9.2 20150304 (prerelease)

time: Sat May 16 14:36:34 2015
elapsed time: 36 seconds

