#
# There is insufficient memory for the Java Runtime Environment to continue.
# Native memory allocation (malloc) failed to allocate 90177536 bytes for committing reserved memory.
# Possible reasons:
#   The system is out of physical RAM or swap space
#   In 32 bit mode, the process size limit was hit
# Possible solutions:
#   Reduce memory load on the system
#   Increase physical memory or swap space
#   Check if swap backing store is full
#   Use 64 bit Java on a 64 bit OS
#   Decrease Java heap size (-Xmx/-Xms)
#   Decrease number of Java threads
#   Decrease Java thread stack sizes (-Xss)
#   Set larger code cache with -XX:ReservedCodeCacheSize=
# This output file may be truncated or incomplete.
#
#  Out of Memory Error (os_linux.cpp:2809), pid=11588, tid=139749784360704
#
# JRE version: OpenJDK Runtime Environment (7.0_79-b14) (build 1.7.0_79-b14)
# Java VM: OpenJDK 64-Bit Server VM (24.79-b02 mixed mode linux-amd64 compressed oops)
# Derivative: IcedTea 2.5.5
# Distribution: Custom build (Wed Apr 15 12:39:15 UTC 2015)
# Failed to write core dump. Core dumps have been disabled. To enable core dumping, try "ulimit -c unlimited" before starting Java again
#

---------------  T H R E A D  ---------------

Current thread (0x00007f1a0c06f800):  VMThread [stack: 0x00007f1a08311000,0x00007f1a08412000] [id=11598]

Stack: [0x00007f1a08311000,0x00007f1a08412000],  sp=0x00007f1a084104e0,  free space=1021k
Native frames: (J=compiled Java code, j=interpreted, Vv=VM code, C=native code)
V  [libjvm.so+0x9888a6]
V  [libjvm.so+0x48eff2]
V  [libjvm.so+0x7fbf2b]
V  [libjvm.so+0x7f667e]
V  [libjvm.so+0x868ecb]
V  [libjvm.so+0x869d73]
V  [libjvm.so+0x86a48b]
V  [libjvm.so+0x865e99]
V  [libjvm.so+0x866678]
V  [libjvm.so+0x81e443]
V  [libjvm.so+0x98a172]
V  [libjvm.so+0x98ea07]
V  [libjvm.so+0x98cfeb]
V  [libjvm.so+0x98d696]
V  [libjvm.so+0x98db61]
V  [libjvm.so+0x7f8e72]

VM_Operation (0x00007f1a15c9de50): ParallelGCFailedAllocation, mode: safepoint, requested by thread 0x00007f1a0c009000


---------------  P R O C E S S  ---------------

Java Threads: ( => current thread )
  0x00007f1a0c0aa000 JavaThread "Service Thread" daemon [_thread_blocked, id=11604, stack(0x00007f19f3bfc000,0x00007f19f3cfd000)]
  0x00007f1a0c0a8000 JavaThread "C2 CompilerThread1" daemon [_thread_blocked, id=11603, stack(0x00007f19f3cfd000,0x00007f19f3dfe000)]
  0x00007f1a0c0a5000 JavaThread "C2 CompilerThread0" daemon [_thread_blocked, id=11602, stack(0x00007f19f3dfe000,0x00007f19f3eff000)]
  0x00007f1a0c0a2800 JavaThread "Signal Dispatcher" daemon [_thread_blocked, id=11601, stack(0x00007f19f3eff000,0x00007f19f4000000)]
  0x00007f1a0c076000 JavaThread "Finalizer" daemon [_thread_blocked, id=11600, stack(0x00007f1a0810f000,0x00007f1a08210000)]
  0x00007f1a0c074000 JavaThread "Reference Handler" daemon [_thread_blocked, id=11599, stack(0x00007f1a08210000,0x00007f1a08311000)]
  0x00007f1a0c009000 JavaThread "main" [_thread_blocked, id=11590, stack(0x00007f1a15b9f000,0x00007f1a15ca0000)]

Other Threads:
=>0x00007f1a0c06f800 VMThread [stack: 0x00007f1a08311000,0x00007f1a08412000] [id=11598]
  0x00007f1a0c0ac800 WatcherThread [stack: 0x00007f19f3afb000,0x00007f19f3bfc000] [id=11605]

VM state:at safepoint (normal execution)

VM Mutex/Monitor currently owned by a thread:  ([mutex/lock_event])
[0x00007f1a0c0066a0] Threads_lock - owner thread: 0x00007f1a0c06f800
[0x00007f1a0c006ba0] Heap_lock - owner thread: 0x00007f1a0c009000

Heap
 PSYoungGen      total 68096K, used 2550K [0x00000000eaa80000, 0x00000000eef80000, 0x0000000100000000)
  eden space 65536K, 0% used [0x00000000eaa80000,0x00000000eaa80000,0x00000000eea80000)
  from space 2560K, 99% used [0x00000000eea80000,0x00000000eecfd8e0,0x00000000eed00000)
  to   space 2560K, 0% used [0x00000000eed00000,0x00000000eed00000,0x00000000eef80000)
 ParOldGen       total 41984K, used 24265K [0x00000000c0000000, 0x00000000c2900000, 0x00000000eaa80000)
  object space 41984K, 57% used [0x00000000c0000000,0x00000000c17b2618,0x00000000c2900000)
 PSPermGen       total 21504K, used 5944K [0x00000000b5a00000, 0x00000000b6f00000, 0x00000000c0000000)
  object space 21504K, 27% used [0x00000000b5a00000,0x00000000b5fce180,0x00000000b6f00000)

Card table byte_map: [0x00007f1a12baa000,0x00007f1a12dfe000] byte_map_base: 0x00007f1a125fd000

Polling page: 0x00007f1a15cc9000

Code Cache  [0x00007f1a09000000, 0x00007f1a09270000, 0x00007f1a0c000000)
 total_blobs=793 nmethods=566 adapters=181 free_code_cache=47045Kb largest_free_block=48135744

Compilation events (10 events):
Event: 7,932 Thread 0x00007f1a0c0a8000 nmethod 569 0x00007f1a0920e6d0 code [0x00007f1a0920e820, 0x00007f1a0920e8e8]
Event: 7,932 Thread 0x00007f1a0c0a8000  572             com.android.dx.cf.code.Simulator$SimVisitor::visitConstant (332 bytes)
Event: 7,950 Thread 0x00007f1a0c0a5000 nmethod 571 0x00007f1a09210150 code [0x00007f1a09210360, 0x00007f1a09210a20]
Event: 7,950 Thread 0x00007f1a0c0a5000  573             com.android.dx.rop.type.StdTypeList::<init> (6 bytes)
Event: 7,956 Thread 0x00007f1a0c0a5000 nmethod 573 0x00007f1a0920de90 code [0x00007f1a0920dfe0, 0x00007f1a0920e118]
Event: 7,956 Thread 0x00007f1a0c0a5000  574             com.android.dx.dex.file.Item::<init> (5 bytes)
Event: 7,956 Thread 0x00007f1a0c0a5000 nmethod 574 0x00007f1a0920ff50 code [0x00007f1a09210080, 0x00007f1a092100d8]
Event: 7,956 Thread 0x00007f1a0c0a5000  575             com.android.dx.dex.code.CstInsn::<init> (39 bytes)
Event: 7,957 Thread 0x00007f1a0c0a5000 nmethod 575 0x00007f1a092149d0 code [0x00007f1a09214b20, 0x00007f1a09214c78]
Event: 7,957 Thread 0x00007f1a0c0a5000  576   !         com.android.dx.cf.code.BytecodeArray::parseInstruction (2764 bytes)

GC Heap History (9 events):
Event: 1,093 GC heap before
{Heap before GC invocations=1 (full 0):
 PSYoungGen      total 18944K, used 16384K [0x00000000eaa80000, 0x00000000ebf80000, 0x0000000100000000)
  eden space 16384K, 100% used [0x00000000eaa80000,0x00000000eba80000,0x00000000eba80000)
  from space 2560K, 0% used [0x00000000ebd00000,0x00000000ebd00000,0x00000000ebf80000)
  to   space 2560K, 0% used [0x00000000eba80000,0x00000000eba80000,0x00000000ebd00000)
 ParOldGen       total 41984K, used 0K [0x00000000c0000000, 0x00000000c2900000, 0x00000000eaa80000)
  object space 41984K, 0% used [0x00000000c0000000,0x00000000c0000000,0x00000000c2900000)
 PSPermGen       total 21504K, used 5603K [0x00000000b5a00000, 0x00000000b6f00000, 0x00000000c0000000)
  object space 21504K, 26% used [0x00000000b5a00000,0x00000000b5f78e38,0x00000000b6f00000)
Event: 1,106 GC heap after
Heap after GC invocations=1 (full 0):
 PSYoungGen      total 18944K, used 2551K [0x00000000eaa80000, 0x00000000ecf80000, 0x0000000100000000)
  eden space 16384K, 0% used [0x00000000eaa80000,0x00000000eaa80000,0x00000000eba80000)
  from space 2560K, 99% used [0x00000000eba80000,0x00000000ebcfdc78,0x00000000ebd00000)
  to   space 2560K, 0% used [0x00000000ecd00000,0x00000000ecd00000,0x00000000ecf80000)
 ParOldGen       total 41984K, used 1557K [0x00000000c0000000, 0x00000000c2900000, 0x00000000eaa80000)
  object space 41984K, 3% used [0x00000000c0000000,0x00000000c0185508,0x00000000c2900000)
 PSPermGen       total 21504K, used 5603K [0x00000000b5a00000, 0x00000000b6f00000, 0x00000000c0000000)
  object space 21504K, 26% used [0x00000000b5a00000,0x00000000b5f78e38,0x00000000b6f00000)
}
Event: 2,600 GC heap before
{Heap before GC invocations=2 (full 0):
 PSYoungGen      total 18944K, used 18935K [0x00000000eaa80000, 0x00000000ecf80000, 0x0000000100000000)
  eden space 16384K, 100% used [0x00000000eaa80000,0x00000000eba80000,0x00000000eba80000)
  from space 2560K, 99% used [0x00000000eba80000,0x00000000ebcfdc78,0x00000000ebd00000)
  to   space 2560K, 0% used [0x00000000ecd00000,0x00000000ecd00000,0x00000000ecf80000)
 ParOldGen       total 41984K, used 1557K [0x00000000c0000000, 0x00000000c2900000, 0x00000000eaa80000)
  object space 41984K, 3% used [0x00000000c0000000,0x00000000c0185508,0x00000000c2900000)
 PSPermGen       total 21504K, used 5790K [0x00000000b5a00000, 0x00000000b6f00000, 0x00000000c0000000)
  object space 21504K, 26% used [0x00000000b5a00000,0x00000000b5fa7ad8,0x00000000b6f00000)
Event: 2,623 GC heap after
Heap after GC invocations=2 (full 0):
 PSYoungGen      total 35328K, used 2535K [0x00000000eaa80000, 0x00000000ecf80000, 0x0000000100000000)
  eden space 32768K, 0% used [0x00000000eaa80000,0x00000000eaa80000,0x00000000eca80000)
  from space 2560K, 99% used [0x00000000ecd00000,0x00000000ecf79f38,0x00000000ecf80000)
  to   space 2560K, 0% used [0x00000000eca80000,0x00000000eca80000,0x00000000ecd00000)
 ParOldGen       total 41984K, used 3802K [0x00000000c0000000, 0x00000000c2900000, 0x00000000eaa80000)
  object space 41984K, 9% used [0x00000000c0000000,0x00000000c03b6a48,0x00000000c2900000)
 PSPermGen       total 21504K, used 5790K [0x00000000b5a00000, 0x00000000b6f00000, 0x00000000c0000000)
  object space 21504K, 26% used [0x00000000b5a00000,0x00000000b5fa7ad8,0x00000000b6f00000)
}
Event: 4,599 GC heap before
{Heap before GC invocations=3 (full 0):
 PSYoungGen      total 35328K, used 35303K [0x00000000eaa80000, 0x00000000ecf80000, 0x0000000100000000)
  eden space 32768K, 100% used [0x00000000eaa80000,0x00000000eca80000,0x00000000eca80000)
  from space 2560K, 99% used [0x00000000ecd00000,0x00000000ecf79f38,0x00000000ecf80000)
  to   space 2560K, 0% used [0x00000000eca80000,0x00000000eca80000,0x00000000ecd00000)
 ParOldGen       total 41984K, used 3802K [0x00000000c0000000, 0x00000000c2900000, 0x00000000eaa80000)
  object space 41984K, 9% used [0x00000000c0000000,0x00000000c03b6a48,0x00000000c2900000)
 PSPermGen       total 21504K, used 5856K [0x00000000b5a00000, 0x00000000b6f00000, 0x00000000c0000000)
  object space 21504K, 27% used [0x00000000b5a00000,0x00000000b5fb8258,0x00000000b6f00000)
Event: 4,643 GC heap after
Heap after GC invocations=3 (full 0):
 PSYoungGen      total 35328K, used 2544K [0x00000000eaa80000, 0x00000000eef80000, 0x0000000100000000)
  eden space 32768K, 0% used [0x00000000eaa80000,0x00000000eaa80000,0x00000000eca80000)
  from space 2560K, 99% used [0x00000000eca80000,0x00000000eccfc2c0,0x00000000ecd00000)
  to   space 2560K, 0% used [0x00000000eed00000,0x00000000eed00000,0x00000000eef80000)
 ParOldGen       total 41984K, used 8041K [0x00000000c0000000, 0x00000000c2900000, 0x00000000eaa80000)
  object space 41984K, 19% used [0x00000000c0000000,0x00000000c07da5d0,0x00000000c2900000)
 PSPermGen       total 21504K, used 5856K [0x00000000b5a00000, 0x00000000b6f00000, 0x00000000c0000000)
  object space 21504K, 27% used [0x00000000b5a00000,0x00000000b5fb8258,0x00000000b6f00000)
}
Event: 6,191 GC heap before
{Heap before GC invocations=4 (full 0):
 PSYoungGen      total 35328K, used 35312K [0x00000000eaa80000, 0x00000000eef80000, 0x0000000100000000)
  eden space 32768K, 100% used [0x00000000eaa80000,0x00000000eca80000,0x00000000eca80000)
  from space 2560K, 99% used [0x00000000eca80000,0x00000000eccfc2c0,0x00000000ecd00000)
  to   space 2560K, 0% used [0x00000000eed00000,0x00000000eed00000,0x00000000eef80000)
 ParOldGen       total 41984K, used 8041K [0x00000000c0000000, 0x00000000c2900000, 0x00000000eaa80000)
  object space 41984K, 19% used [0x00000000c0000000,0x00000000c07da5d0,0x00000000c2900000)
 PSPermGen       total 21504K, used 5898K [0x00000000b5a00000, 0x00000000b6f00000, 0x00000000c0000000)
  object space 21504K, 27% used [0x00000000b5a00000,0x00000000b5fc2a60,0x00000000b6f00000)
Event: 6,247 GC heap after
Heap after GC invocations=4 (full 0):
 PSYoungGen      total 68096K, used 2544K [0x00000000eaa80000, 0x00000000eef80000, 0x0000000100000000)
  eden space 65536K, 0% used [0x00000000eaa80000,0x00000000eaa80000,0x00000000eea80000)
  from space 2560K, 99% used [0x00000000eed00000,0x00000000eef7c2c0,0x00000000eef80000)
  to   space 2560K, 0% used [0x00000000eea80000,0x00000000eea80000,0x00000000eed00000)
 ParOldGen       total 41984K, used 13313K [0x00000000c0000000, 0x00000000c2900000, 0x00000000eaa80000)
  object space 41984K, 31% used [0x00000000c0000000,0x00000000c0d00628,0x00000000c2900000)
 PSPermGen       total 21504K, used 5898K [0x00000000b5a00000, 0x00000000b6f00000, 0x00000000c0000000)
  object space 21504K, 27% used [0x00000000b5a00000,0x00000000b5fc2a60,0x00000000b6f00000)
}
Event: 8,097 GC heap before
{Heap before GC invocations=5 (full 0):
 PSYoungGen      total 68096K, used 68080K [0x00000000eaa80000, 0x00000000eef80000, 0x0000000100000000)
  eden space 65536K, 100% used [0x00000000eaa80000,0x00000000eea80000,0x00000000eea80000)
  from space 2560K, 99% used [0x00000000eed00000,0x00000000eef7c2c0,0x00000000eef80000)
  to   space 2560K, 0% used [0x00000000eea80000,0x00000000eea80000,0x00000000eed00000)
 ParOldGen       total 41984K, used 13313K [0x00000000c0000000, 0x00000000c2900000, 0x00000000eaa80000)
  object space 41984K, 31% used [0x00000000c0000000,0x00000000c0d00628,0x00000000c2900000)
 PSPermGen       total 21504K, used 5944K [0x00000000b5a00000, 0x00000000b6f00000, 0x00000000c0000000)
  object space 21504K, 27% used [0x00000000b5a00000,0x00000000b5fce180,0x00000000b6f00000)

Deoptimization events (10 events):
Event: 7,289 Thread 0x00007f1a0c009000 Uncommon trap: reason=unreached action=reinterpret pc=0x00007f1a09151ae4 method=com.android.dx.rop.code.LocalItem.compareHandlesNulls(Lcom/android/dx/rop/cst/CstString;Lcom/android/dx/rop/cst/CstString;)I @ 14
Event: 7,289 Thread 0x00007f1a0c009000 Uncommon trap: reason=unreached action=reinterpret pc=0x00007f1a090a596c method=com.android.dx.rop.code.LocalItem.compareHandlesNulls(Lcom/android/dx/rop/cst/CstString;Lcom/android/dx/rop/cst/CstString;)I @ 14
Event: 7,750 Thread 0x00007f1a0c009000 Uncommon trap: reason=unloaded action=reinterpret pc=0x00007f1a091f9704 method=com.android.dx.cf.code.Ropper.addReturnBlock()V @ 45
Event: 7,750 Thread 0x00007f1a0c009000 Uncommon trap: reason=unreached action=reinterpret pc=0x00007f1a09131a2c method=com.android.dx.ssa.MoveParamCombiner$1.visitNonMoveInsn(Lcom/android/dx/ssa/NormalSsaInsn;)V @ 27
Event: 7,841 Thread 0x00007f1a0c009000 Uncommon trap: reason=bimorphic action=maybe_recompile pc=0x00007f1a091392fc method=com.android.dx.cf.code.BytecodeArray.parseInstruction(ILcom/android/dx/cf/code/BytecodeArray$Visitor;)I @ 1501
Event: 7,841 Thread 0x00007f1a0c009000 Uncommon trap: reason=bimorphic action=maybe_recompile pc=0x00007f1a0913bb44 method=com.android.dx.cf.code.BytecodeArray.parseInstruction(ILcom/android/dx/cf/code/BytecodeArray$Visitor;)I @ 2135
Event: 7,841 Thread 0x00007f1a0c009000 Uncommon trap: reason=bimorphic action=maybe_recompile pc=0x00007f1a091392fc method=com.android.dx.cf.code.BytecodeArray.parseInstruction(ILcom/android/dx/cf/code/BytecodeArray$Visitor;)I @ 1501
Event: 7,861 Thread 0x00007f1a0c009000 Uncommon trap: reason=bimorphic action=maybe_recompile pc=0x00007f1a0912d1b4 method=com.android.dx.ssa.LiteralOpUpgrader.tryReplacingWithConstant(Lcom/android/dx/ssa/NormalSsaInsn;)Z @ 62
Event: 7,865 Thread 0x00007f1a0c009000 Uncommon trap: reason=bimorphic action=maybe_recompile pc=0x00007f1a0912d1b4 method=com.android.dx.ssa.LiteralOpUpgrader.tryReplacingWithConstant(Lcom/android/dx/ssa/NormalSsaInsn;)Z @ 62
Event: 7,946 Thread 0x00007f1a0c009000 Uncommon trap: reason=null_check action=make_not_entrant pc=0x00007f1a091de614 method=com.android.dx.dex.file.FieldIdsSection.intern(Lcom/android/dx/rop/cst/CstFieldRef;)Lcom/android/dx/dex/file/FieldIdItem; @ 26

Internal exceptions (10 events):
Event: 2,648 Thread 0x00007f1a0c009000 Threw 0x00000000eab06868 at /build/java7-openjdk/src/icedtea-2.5.5/openjdk/hotspot/src/share/vm/prims/jvm.cpp:1284
Event: 3,404 Thread 0x00007f1a0c009000 Implicit null exception at 0x00007f1a090c9192 to 0x00007f1a090c9232
Event: 4,132 Thread 0x00007f1a0c009000 Threw 0x00000000ec3c4870 at /build/java7-openjdk/src/icedtea-2.5.5/openjdk/hotspot/src/share/vm/prims/jvm.cpp:1284
Event: 6,104 Thread 0x00007f1a0c009000 Threw 0x00000000ec89bd58 at /build/java7-openjdk/src/icedtea-2.5.5/openjdk/hotspot/src/share/vm/prims/jvm.cpp:1284
Event: 6,695 Thread 0x00007f1a0c009000 Threw 0x00000000eb7d6b38 at /build/java7-openjdk/src/icedtea-2.5.5/openjdk/hotspot/src/share/vm/prims/jvm.cpp:1284
Event: 7,065 Thread 0x00007f1a0c009000 Threw 0x00000000ec2b2018 at /build/java7-openjdk/src/icedtea-2.5.5/openjdk/hotspot/src/share/vm/prims/jvm.cpp:1284
Event: 7,066 Thread 0x00007f1a0c009000 Implicit null exception at 0x00007f1a0915383d to 0x00007f1a09154171
Event: 7,066 Thread 0x00007f1a0c009000 Implicit null exception at 0x00007f1a09183a5c to 0x00007f1a09183ba9
Event: 7,289 Thread 0x00007f1a0c009000 Implicit null exception at 0x00007f1a09150ff9 to 0x00007f1a09151ab9
Event: 7,289 Thread 0x00007f1a0c009000 Implicit null exception at 0x00007f1a090a5828 to 0x00007f1a090a5959

Events (10 events):
Event: 7,861 Thread 0x00007f1a0c009000 Uncommon trap: trap_request=0xffffffc6 fr.pc=0x00007f1a0912d1b4
Event: 7,861 Thread 0x00007f1a0c009000 DEOPT PACKING pc=0x00007f1a0912d1b4 sp=0x00007f1a15c9de10
Event: 7,861 Thread 0x00007f1a0c009000 DEOPT UNPACKING pc=0x00007f1a09039045 sp=0x00007f1a15c9dd60 mode 2
Event: 7,865 Thread 0x00007f1a0c009000 Uncommon trap: trap_request=0xffffffc6 fr.pc=0x00007f1a0912d1b4
Event: 7,865 Thread 0x00007f1a0c009000 DEOPT PACKING pc=0x00007f1a0912d1b4 sp=0x00007f1a15c9dd80
Event: 7,865 Thread 0x00007f1a0c009000 DEOPT UNPACKING pc=0x00007f1a09039045 sp=0x00007f1a15c9dcd0 mode 2
Event: 7,946 Thread 0x00007f1a0c009000 Uncommon trap: trap_request=0xfffffff4 fr.pc=0x00007f1a091de614
Event: 7,946 Thread 0x00007f1a0c009000 DEOPT PACKING pc=0x00007f1a091de614 sp=0x00007f1a15c9e2c0
Event: 7,946 Thread 0x00007f1a0c009000 DEOPT UNPACKING pc=0x00007f1a09039045 sp=0x00007f1a15c9e218 mode 2
Event: 8,097 Executing VM operation: ParallelGCFailedAllocation


Dynamic libraries:
00400000-00401000 r-xp 00000000 08:05 555982                             /usr/lib/jvm/java-7-openjdk/jre/bin/java
00600000-00601000 rw-p 00000000 08:05 555982                             /usr/lib/jvm/java-7-openjdk/jre/bin/java
025de000-025ff000 rw-p 00000000 00:00 0                                  [heap]
b5a00000-b6f00000 rw-p 00000000 00:00 0 
b6f00000-c0000000 rw-p 00000000 00:00 0 
c0000000-c2900000 rw-p 00000000 00:00 0 
c2900000-eaa80000 rw-p 00000000 00:00 0 
eaa80000-eef80000 rw-p 00000000 00:00 0 
f4580000-100000000 rw-p 00000000 00:00 0 
7f19dc000000-7f19dc021000 rw-p 00000000 00:00 0 
7f19dc021000-7f19e0000000 ---p 00000000 00:00 0 
7f19e0000000-7f19e0021000 rw-p 00000000 00:00 0 
7f19e0021000-7f19e4000000 ---p 00000000 00:00 0 
7f19e4000000-7f19e4d35000 rw-p 00000000 00:00 0 
7f19e4d35000-7f19e8000000 ---p 00000000 00:00 0 
7f19e8000000-7f19e8d8f000 rw-p 00000000 00:00 0 
7f19e8d8f000-7f19ec000000 ---p 00000000 00:00 0 
7f19ec000000-7f19ec021000 rw-p 00000000 00:00 0 
7f19ec021000-7f19f0000000 ---p 00000000 00:00 0 
7f19f2562000-7f19f25d0000 r-xp 00000000 08:05 530783                     /usr/lib/libpcre.so.1.2.5
7f19f25d0000-7f19f27d0000 ---p 0006e000 08:05 530783                     /usr/lib/libpcre.so.1.2.5
7f19f27d0000-7f19f27d1000 r--p 0006e000 08:05 530783                     /usr/lib/libpcre.so.1.2.5
7f19f27d1000-7f19f27d2000 rw-p 0006f000 08:05 530783                     /usr/lib/libpcre.so.1.2.5
7f19f27d2000-7f19f27da000 r-xp 00000000 08:05 535290                     /usr/lib/libffi.so.6.0.4
7f19f27da000-7f19f29d9000 ---p 00008000 08:05 535290                     /usr/lib/libffi.so.6.0.4
7f19f29d9000-7f19f29da000 r--p 00007000 08:05 535290                     /usr/lib/libffi.so.6.0.4
7f19f29da000-7f19f29db000 rw-p 00008000 08:05 535290                     /usr/lib/libffi.so.6.0.4
7f19f29db000-7f19f29ef000 r-xp 00000000 08:05 527352                     /usr/lib/libresolv-2.21.so
7f19f29ef000-7f19f2bee000 ---p 00014000 08:05 527352                     /usr/lib/libresolv-2.21.so
7f19f2bee000-7f19f2bef000 r--p 00013000 08:05 527352                     /usr/lib/libresolv-2.21.so
7f19f2bef000-7f19f2bf0000 rw-p 00014000 08:05 527352                     /usr/lib/libresolv-2.21.so
7f19f2bf0000-7f19f2bf2000 rw-p 00000000 00:00 0 
7f19f2bf2000-7f19f2bf5000 r-xp 00000000 08:05 535373                     /usr/lib/libgmodule-2.0.so.0.4400.0
7f19f2bf5000-7f19f2df4000 ---p 00003000 08:05 535373                     /usr/lib/libgmodule-2.0.so.0.4400.0
7f19f2df4000-7f19f2df5000 r--p 00002000 08:05 535373                     /usr/lib/libgmodule-2.0.so.0.4400.0
7f19f2df5000-7f19f2df6000 rw-p 00003000 08:05 535373                     /usr/lib/libgmodule-2.0.so.0.4400.0
7f19f2df6000-7f19f2f02000 r-xp 00000000 08:05 535372                     /usr/lib/libglib-2.0.so.0.4400.0
7f19f2f02000-7f19f3101000 ---p 0010c000 08:05 535372                     /usr/lib/libglib-2.0.so.0.4400.0
7f19f3101000-7f19f3102000 r--p 0010b000 08:05 535372                     /usr/lib/libglib-2.0.so.0.4400.0
7f19f3102000-7f19f3103000 rw-p 0010c000 08:05 535372                     /usr/lib/libglib-2.0.so.0.4400.0
7f19f3103000-7f19f3104000 rw-p 00000000 00:00 0 
7f19f3104000-7f19f3153000 r-xp 00000000 08:05 535375                     /usr/lib/libgobject-2.0.so.0.4400.0
7f19f3153000-7f19f3353000 ---p 0004f000 08:05 535375                     /usr/lib/libgobject-2.0.so.0.4400.0
7f19f3353000-7f19f3354000 r--p 0004f000 08:05 535375                     /usr/lib/libgobject-2.0.so.0.4400.0
7f19f3354000-7f19f3355000 rw-p 00050000 08:05 535375                     /usr/lib/libgobject-2.0.so.0.4400.0
7f19f3355000-7f19f34cb000 r-xp 00000000 08:05 535376                     /usr/lib/libgio-2.0.so.0.4400.0
7f19f34cb000-7f19f36cb000 ---p 00176000 08:05 535376                     /usr/lib/libgio-2.0.so.0.4400.0
7f19f36cb000-7f19f36cf000 r--p 00176000 08:05 535376                     /usr/lib/libgio-2.0.so.0.4400.0
7f19f36cf000-7f19f36d1000 rw-p 0017a000 08:05 535376                     /usr/lib/libgio-2.0.so.0.4400.0
7f19f36d1000-7f19f36d3000 rw-p 00000000 00:00 0 
7f19f36d3000-7f19f36ea000 r-xp 00000000 08:05 555956                     /usr/lib/jvm/java-7-openjdk/jre/lib/amd64/libnet.so
7f19f36ea000-7f19f38e9000 ---p 00017000 08:05 555956                     /usr/lib/jvm/java-7-openjdk/jre/lib/amd64/libnet.so
7f19f38e9000-7f19f38ea000 rw-p 00016000 08:05 555956                     /usr/lib/jvm/java-7-openjdk/jre/lib/amd64/libnet.so
7f19f38ea000-7f19f38fa000 r-xp 00000000 08:05 555957                     /usr/lib/jvm/java-7-openjdk/jre/lib/amd64/libnio.so
7f19f38fa000-7f19f3afa000 ---p 00010000 08:05 555957                     /usr/lib/jvm/java-7-openjdk/jre/lib/amd64/libnio.so
7f19f3afa000-7f19f3afb000 rw-p 00010000 08:05 555957                     /usr/lib/jvm/java-7-openjdk/jre/lib/amd64/libnio.so
7f19f3afb000-7f19f3afc000 ---p 00000000 00:00 0 
7f19f3afc000-7f19f3bfc000 rw-p 00000000 00:00 0                          [stack:11605]
7f19f3bfc000-7f19f3bff000 ---p 00000000 00:00 0 
7f19f3bff000-7f19f3cfd000 rw-p 00000000 00:00 0                          [stack:11604]
7f19f3cfd000-7f19f3d00000 ---p 00000000 00:00 0 
7f19f3d00000-7f19f3dfe000 rw-p 00000000 00:00 0                          [stack:11603]
7f19f3dfe000-7f19f3e01000 ---p 00000000 00:00 0 
7f19f3e01000-7f19f3eff000 rw-p 00000000 00:00 0                          [stack:11602]
7f19f3eff000-7f19f3f02000 ---p 00000000 00:00 0 
7f19f3f02000-7f19f4000000 rw-p 00000000 00:00 0                          [stack:11601]
7f19f4000000-7f19f4021000 rw-p 00000000 00:00 0 
7f19f4021000-7f19f8000000 ---p 00000000 00:00 0 
7f19f8000000-7f19f8021000 rw-p 00000000 00:00 0 
7f19f8021000-7f19fc000000 ---p 00000000 00:00 0 
7f19fc000000-7f19fc021000 rw-p 00000000 00:00 0 
7f19fc021000-7f1a00000000 ---p 00000000 00:00 0 
7f1a00000000-7f1a00030000 rw-p 00000000 00:00 0 
7f1a00030000-7f1a04000000 ---p 00000000 00:00 0 
7f1a04000000-7f1a04021000 rw-p 00000000 00:00 0 
7f1a04021000-7f1a08000000 ---p 00000000 00:00 0 
7f1a08034000-7f1a08065000 rw-p 00000000 00:00 0 
7f1a08066000-7f1a0808b000 r--p 00000000 08:05 527348                     /usr/share/locale/pl/LC_MESSAGES/libc.mo
7f1a0808b000-7f1a0809c000 r--s 000b9000 08:07 916183                     /home/fuji/AndroidStudioProjects/TirtClient/app/build/intermediates/exploded-aar/com.android.support/support-v4/22.0.0/jars/classes.jar
7f1a0809c000-7f1a0810f000 r--p 00000000 08:05 527780                     /usr/lib/locale/locale-archive
7f1a0810f000-7f1a08112000 ---p 00000000 00:00 0 
7f1a08112000-7f1a08210000 rw-p 00000000 00:00 0                          [stack:11600]
7f1a08210000-7f1a08213000 ---p 00000000 00:00 0 
7f1a08213000-7f1a08311000 rw-p 00000000 00:00 0                          [stack:11599]
7f1a08311000-7f1a08312000 ---p 00000000 00:00 0 
7f1a08312000-7f1a08d7e000 rw-p 00000000 00:00 0                          [stack:11598]
7f1a08d7e000-7f1a08f2f000 r--s 01d27000 08:05 555057                     /usr/lib/jvm/java-7-openjdk/jre/lib/rt.jar
7f1a08f2f000-7f1a09000000 rw-p 00000000 00:00 0 
7f1a09000000-7f1a09270000 rwxp 00000000 00:00 0 
7f1a09270000-7f1a0c1e5000 rw-p 00000000 00:00 0 
7f1a0c1e5000-7f1a10000000 ---p 00000000 00:00 0 
7f1a1000b000-7f1a127ff000 rw-p 00000000 00:00 0 
7f1a127ff000-7f1a12800000 ---p 00000000 00:00 0 
7f1a12800000-7f1a12900000 rw-p 00000000 00:00 0                          [stack:11593]
7f1a12900000-7f1a12901000 ---p 00000000 00:00 0 
7f1a12901000-7f1a12a0c000 rw-p 00000000 00:00 0                          [stack:11592]
7f1a12a0c000-7f1a12a54000 rw-p 00000000 00:00 0 
7f1a12a54000-7f1a12a69000 rw-p 00000000 00:00 0 
7f1a12a69000-7f1a12baa000 rw-p 00000000 00:00 0 
7f1a12baa000-7f1a12bb5000 rw-p 00000000 00:00 0 
7f1a12bb5000-7f1a12bfd000 rw-p 00000000 00:00 0 
7f1a12bfd000-7f1a12c12000 rw-p 00000000 00:00 0 
7f1a12c12000-7f1a12d52000 rw-p 00000000 00:00 0 
7f1a12d52000-7f1a12d75000 rw-p 00000000 00:00 0 
7f1a12d75000-7f1a12dfd000 rw-p 00000000 00:00 0 
7f1a12dfd000-7f1a12dfe000 rw-p 00000000 00:00 0 
7f1a12dfe000-7f1a12e06000 r-xp 00000000 08:05 555955                     /usr/lib/jvm/java-7-openjdk/jre/lib/amd64/libzip.so
7f1a12e06000-7f1a13005000 ---p 00008000 08:05 555955                     /usr/lib/jvm/java-7-openjdk/jre/lib/amd64/libzip.so
7f1a13005000-7f1a13006000 rw-p 00007000 08:05 555955                     /usr/lib/jvm/java-7-openjdk/jre/lib/amd64/libzip.so
7f1a13006000-7f1a13011000 r-xp 00000000 08:05 527356                     /usr/lib/libnss_files-2.21.so
7f1a13011000-7f1a13211000 ---p 0000b000 08:05 527356                     /usr/lib/libnss_files-2.21.so
7f1a13211000-7f1a13212000 r--p 0000b000 08:05 527356                     /usr/lib/libnss_files-2.21.so
7f1a13212000-7f1a13213000 rw-p 0000c000 08:05 527356                     /usr/lib/libnss_files-2.21.so
7f1a13213000-7f1a1323f000 r-xp 00000000 08:05 555954                     /usr/lib/jvm/java-7-openjdk/jre/lib/amd64/libjava.so
7f1a1323f000-7f1a1343e000 ---p 0002c000 08:05 555954                     /usr/lib/jvm/java-7-openjdk/jre/lib/amd64/libjava.so
7f1a1343e000-7f1a13440000 rw-p 0002b000 08:05 555954                     /usr/lib/jvm/java-7-openjdk/jre/lib/amd64/libjava.so
7f1a13440000-7f1a1344d000 r-xp 00000000 08:05 555953                     /usr/lib/jvm/java-7-openjdk/jre/lib/amd64/libverify.so
7f1a1344d000-7f1a1364c000 ---p 0000d000 08:05 555953                     /usr/lib/jvm/java-7-openjdk/jre/lib/amd64/libverify.so
7f1a1364c000-7f1a1364e000 rw-p 0000c000 08:05 555953                     /usr/lib/jvm/java-7-openjdk/jre/lib/amd64/libverify.so
7f1a1364e000-7f1a13655000 r-xp 00000000 08:05 527442                     /usr/lib/librt-2.21.so
7f1a13655000-7f1a13854000 ---p 00007000 08:05 527442                     /usr/lib/librt-2.21.so
7f1a13854000-7f1a13855000 r--p 00006000 08:05 527442                     /usr/lib/librt-2.21.so
7f1a13855000-7f1a13856000 rw-p 00007000 08:05 527442                     /usr/lib/librt-2.21.so
7f1a13856000-7f1a1386c000 r-xp 00000000 08:05 527804                     /usr/lib/libgcc_s.so.1
7f1a1386c000-7f1a13a6b000 ---p 00016000 08:05 527804                     /usr/lib/libgcc_s.so.1
7f1a13a6b000-7f1a13a6c000 rw-p 00015000 08:05 527804                     /usr/lib/libgcc_s.so.1
7f1a13a6c000-7f1a13b6f000 r-xp 00000000 08:05 527491                     /usr/lib/libm-2.21.so
7f1a13b6f000-7f1a13d6f000 ---p 00103000 08:05 527491                     /usr/lib/libm-2.21.so
7f1a13d6f000-7f1a13d70000 r--p 00103000 08:05 527491                     /usr/lib/libm-2.21.so
7f1a13d70000-7f1a13d71000 rw-p 00104000 08:05 527491                     /usr/lib/libm-2.21.so
7f1a13d71000-7f1a13e61000 r-xp 00000000 08:05 527808                     /usr/lib/libstdc++.so.6.0.20
7f1a13e61000-7f1a14061000 ---p 000f0000 08:05 527808                     /usr/lib/libstdc++.so.6.0.20
7f1a14061000-7f1a14069000 r--p 000f0000 08:05 527808                     /usr/lib/libstdc++.so.6.0.20
7f1a14069000-7f1a1406b000 rw-p 000f8000 08:05 527808                     /usr/lib/libstdc++.so.6.0.20
7f1a1406b000-7f1a14080000 rw-p 00000000 00:00 0 
7f1a14080000-7f1a14bd5000 r-xp 00000000 08:05 662899                     /usr/lib/jvm/java-7-openjdk/jre/lib/amd64/server/libjvm.so
7f1a14bd5000-7f1a14dd5000 ---p 00b55000 08:05 662899                     /usr/lib/jvm/java-7-openjdk/jre/lib/amd64/server/libjvm.so
7f1a14dd5000-7f1a14e97000 rw-p 00b55000 08:05 662899                     /usr/lib/jvm/java-7-openjdk/jre/lib/amd64/server/libjvm.so
7f1a14e97000-7f1a14ec3000 rw-p 00000000 00:00 0 
7f1a14ec3000-7f1a14ed8000 r-xp 00000000 08:05 530530                     /usr/lib/libz.so.1.2.8
7f1a14ed8000-7f1a150d7000 ---p 00015000 08:05 530530                     /usr/lib/libz.so.1.2.8
7f1a150d7000-7f1a150d8000 r--p 00014000 08:05 530530                     /usr/lib/libz.so.1.2.8
7f1a150d8000-7f1a150d9000 rw-p 00015000 08:05 530530                     /usr/lib/libz.so.1.2.8
7f1a150d9000-7f1a15272000 r-xp 00000000 08:05 527366                     /usr/lib/libc-2.21.so
7f1a15272000-7f1a15472000 ---p 00199000 08:05 527366                     /usr/lib/libc-2.21.so
7f1a15472000-7f1a15476000 r--p 00199000 08:05 527366                     /usr/lib/libc-2.21.so
7f1a15476000-7f1a15478000 rw-p 0019d000 08:05 527366                     /usr/lib/libc-2.21.so
7f1a15478000-7f1a1547c000 rw-p 00000000 00:00 0 
7f1a1547c000-7f1a1547e000 r-xp 00000000 08:05 527458                     /usr/lib/libdl-2.21.so
7f1a1547e000-7f1a1567e000 ---p 00002000 08:05 527458                     /usr/lib/libdl-2.21.so
7f1a1567e000-7f1a1567f000 r--p 00002000 08:05 527458                     /usr/lib/libdl-2.21.so
7f1a1567f000-7f1a15680000 rw-p 00003000 08:05 527458                     /usr/lib/libdl-2.21.so
7f1a15680000-7f1a1568d000 r-xp 00000000 08:05 662895                     /usr/lib/jvm/java-7-openjdk/jre/lib/amd64/jli/libjli.so
7f1a1568d000-7f1a1588c000 ---p 0000d000 08:05 662895                     /usr/lib/jvm/java-7-openjdk/jre/lib/amd64/jli/libjli.so
7f1a1588c000-7f1a1588d000 rw-p 0000c000 08:05 662895                     /usr/lib/jvm/java-7-openjdk/jre/lib/amd64/jli/libjli.so
7f1a1588d000-7f1a158a5000 r-xp 00000000 08:05 527440                     /usr/lib/libpthread-2.21.so
7f1a158a5000-7f1a15aa4000 ---p 00018000 08:05 527440                     /usr/lib/libpthread-2.21.so
7f1a15aa4000-7f1a15aa5000 r--p 00017000 08:05 527440                     /usr/lib/libpthread-2.21.so
7f1a15aa5000-7f1a15aa6000 rw-p 00018000 08:05 527440                     /usr/lib/libpthread-2.21.so
7f1a15aa6000-7f1a15aaa000 rw-p 00000000 00:00 0 
7f1a15aaa000-7f1a15acc000 r-xp 00000000 08:05 527486                     /usr/lib/ld-2.21.so
7f1a15ad0000-7f1a15adf000 r--s 000dd000 08:07 1445658                    /home/fuji/Android/Sdk/build-tools/22.0.1/lib/dx.jar
7f1a15adf000-7f1a15ae9000 rw-p 00000000 00:00 0 
7f1a15ae9000-7f1a15b9f000 rw-p 00000000 00:00 0 
7f1a15b9f000-7f1a15ba2000 ---p 00000000 00:00 0 
7f1a15ba2000-7f1a15ca4000 rw-p 00000000 00:00 0                          [stack:11590]
7f1a15ca7000-7f1a15cc0000 rw-p 00000000 00:00 0 
7f1a15cc0000-7f1a15cc8000 rw-s 00000000 00:20 61836                      /tmp/hsperfdata_fuji/11588
7f1a15cc8000-7f1a15cc9000 rw-p 00000000 00:00 0 
7f1a15cc9000-7f1a15cca000 ---p 00000000 00:00 0 
7f1a15cca000-7f1a15ccb000 rw-p 00000000 00:00 0 
7f1a15ccb000-7f1a15ccc000 r--p 00021000 08:05 527486                     /usr/lib/ld-2.21.so
7f1a15ccc000-7f1a15ccd000 rw-p 00022000 08:05 527486                     /usr/lib/ld-2.21.so
7f1a15ccd000-7f1a15cce000 rw-p 00000000 00:00 0 
7ffc4518a000-7ffc451ab000 rw-p 00000000 00:00 0                          [stack]
7ffc451bc000-7ffc451be000 r--p 00000000 00:00 0                          [vvar]
7ffc451be000-7ffc451c0000 r-xp 00000000 00:00 0                          [vdso]
ffffffffff600000-ffffffffff601000 r-xp 00000000 00:00 0                  [vsyscall]

VM Arguments:
jvm_args: -Xmx1024M -Dfile.encoding=UTF-8 -Duser.country=PL -Duser.language=pl -Duser.variant 
java_command: com.android.dx.command.Main --dex --output /home/fuji/AndroidStudioProjects/TirtClient/app/build/intermediates/pre-dexed/debug/classes-7cff51fc019965de3d29840091ccba743ff63d40.jar /home/fuji/AndroidStudioProjects/TirtClient/app/build/intermediates/exploded-aar/com.android.support/support-v4/22.0.0/jars/classes.jar
Launcher Type: SUN_STANDARD

Environment Variables:
PATH=~/.gem/ruby/2.1.0/bin/:~/.gem/ruby/2.1.0/gems/bundler-1.6.3/bin/:/usr/local/sbin:/usr/local/bin:/usr/bin:/usr/lib/jvm/default/bin:/usr/bin/site_perl:/usr/bin/vendor_perl:/usr/bin/core_perl:/home/fuji/.rvm/bin
LD_LIBRARY_PATH=.:
SHELL=/usr/bin/zsh
DISPLAY=:0

Signal Handlers:
SIGSEGV: [libjvm.so+0x989390], sa_mask[0]=0x7ffbfeff, sa_flags=0x10000004
SIGBUS: [libjvm.so+0x989390], sa_mask[0]=0x7ffbfeff, sa_flags=0x10000004
SIGFPE: [libjvm.so+0x7f74d0], sa_mask[0]=0x7ffbfeff, sa_flags=0x10000004
SIGPIPE: [libjvm.so+0x7f74d0], sa_mask[0]=0x7ffbfeff, sa_flags=0x10000004
SIGXFSZ: [libjvm.so+0x7f74d0], sa_mask[0]=0x7ffbfeff, sa_flags=0x10000004
SIGILL: [libjvm.so+0x7f74d0], sa_mask[0]=0x7ffbfeff, sa_flags=0x10000004
SIGUSR1: SIG_DFL, sa_mask[0]=0x00000000, sa_flags=0x00000000
SIGUSR2: [libjvm.so+0x7f7350], sa_mask[0]=0x00000004, sa_flags=0x10000004
SIGHUP: [libjvm.so+0x7f7550], sa_mask[0]=0x7ffbfeff, sa_flags=0x10000004
SIGINT: [libjvm.so+0x7f7550], sa_mask[0]=0x7ffbfeff, sa_flags=0x10000004
SIGTERM: [libjvm.so+0x7f7550], sa_mask[0]=0x7ffbfeff, sa_flags=0x10000004
SIGQUIT: [libjvm.so+0x7f7550], sa_mask[0]=0x7ffbfeff, sa_flags=0x10000004
SIGTRAP: SIG_DFL, sa_mask[0]=0x00000000, sa_flags=0x00000000


---------------  S Y S T E M  ---------------

OS:Linux
uname:Linux 4.0.2-1-ARCH #1 SMP PREEMPT Thu May 7 06:47:54 CEST 2015 x86_64
libc:glibc 2.21 NPTL 2.21 
rlimit: STACK 8192k, CORE 0k, NPROC 15803, NOFILE 4096, AS infinity
load average:5,39 3,04 2,27

/proc/meminfo:
MemTotal:        4051052 kB
MemFree:          146816 kB
MemAvailable:      85048 kB
Buffers:             444 kB
Cached:           806720 kB
SwapCached:            0 kB
Active:          2969144 kB
Inactive:         669056 kB
Active(anon):    2959252 kB
Inactive(anon):   654200 kB
Active(file):       9892 kB
Inactive(file):    14856 kB
Unevictable:           0 kB
Mlocked:               0 kB
SwapTotal:             0 kB
SwapFree:              0 kB
Dirty:               724 kB
Writeback:             0 kB
AnonPages:       2831444 kB
Mapped:           160996 kB
Shmem:            782008 kB
Slab:              46008 kB
SReclaimable:      20644 kB
SUnreclaim:        25364 kB
KernelStack:        3840 kB
PageTables:        12464 kB
NFS_Unstable:          0 kB
Bounce:                0 kB
WritebackTmp:          0 kB
CommitLimit:     2025524 kB
Committed_AS:    5936988 kB
VmallocTotal:   34359738367 kB
VmallocUsed:       78852 kB
VmallocChunk:   34359653364 kB
HardwareCorrupted:     0 kB
AnonHugePages:   1101824 kB
HugePages_Total:       0
HugePages_Free:        0
HugePages_Rsvd:        0
HugePages_Surp:        0
Hugepagesize:       2048 kB
DirectMap4k:      627520 kB
DirectMap2M:     3565568 kB


CPU:total 2 (2 cores per cpu, 1 threads per core) family 6 model 23 stepping 10, cmov, cx8, fxsr, mmx, sse, sse2, sse3, ssse3, sse4.1, tsc

/proc/cpuinfo:
processor	: 0
vendor_id	: GenuineIntel
cpu family	: 6
model		: 23
model name	: Intel(R) Core(TM)2 Duo CPU     E8500  @ 3.16GHz
stepping	: 10
microcode	: 0xa07
cpu MHz		: 3165.000
cache size	: 6144 KB
physical id	: 0
siblings	: 2
core id		: 0
cpu cores	: 2
apicid		: 0
initial apicid	: 0
fpu		: yes
fpu_exception	: yes
cpuid level	: 13
wp		: yes
flags		: fpu vme de pse tsc msr pae mce cx8 apic sep mtrr pge mca cmov pat pse36 clflush dts acpi mmx fxsr sse sse2 ss ht tm pbe syscall nx lm constant_tsc arch_perfmon pebs bts rep_good nopl aperfmperf pni dtes64 monitor ds_cpl vmx smx est tm2 ssse3 cx16 xtpr pdcm sse4_1 xsave lahf_lm dtherm tpr_shadow vnmi flexpriority
bugs		:
bogomips	: 6335.24
clflush size	: 64
cache_alignment	: 64
address sizes	: 36 bits physical, 48 bits virtual
power management:

processor	: 1
vendor_id	: GenuineIntel
cpu family	: 6
model		: 23
model name	: Intel(R) Core(TM)2 Duo CPU     E8500  @ 3.16GHz
stepping	: 10
microcode	: 0xa07
cpu MHz		: 3165.000
cache size	: 6144 KB
physical id	: 0
siblings	: 2
core id		: 1
cpu cores	: 2
apicid		: 1
initial apicid	: 1
fpu		: yes
fpu_exception	: yes
cpuid level	: 13
wp		: yes
flags		: fpu vme de pse tsc msr pae mce cx8 apic sep mtrr pge mca cmov pat pse36 clflush dts acpi mmx fxsr sse sse2 ss ht tm pbe syscall nx lm constant_tsc arch_perfmon pebs bts rep_good nopl aperfmperf pni dtes64 monitor ds_cpl vmx smx est tm2 ssse3 cx16 xtpr pdcm sse4_1 xsave lahf_lm dtherm tpr_shadow vnmi flexpriority
bugs		:
bogomips	: 6335.24
clflush size	: 64
cache_alignment	: 64
address sizes	: 36 bits physical, 48 bits virtual
power management:



Memory: 4k page, physical 4051052k(146816k free), swap 0k(0k free)

vm_info: OpenJDK 64-Bit Server VM (24.79-b02) for linux-amd64 JRE (1.7.0_79-b14), built on Apr 15 2015 12:42:59 by "builduser" with gcc 4.9.2 20150304 (prerelease)

time: Sat May 16 14:48:43 2015
elapsed time: 9 seconds

