#
# There is insufficient memory for the Java Runtime Environment to continue.
# Native memory allocation (malloc) failed to allocate 56623104 bytes for committing reserved memory.
# Possible reasons:
#   The system is out of physical RAM or swap space
#   In 32 bit mode, the process size limit was hit
# Possible solutions:
#   Reduce memory load on the system
#   Increase physical memory or swap space
#   Check if swap backing store is full
#   Use 64 bit Java on a 64 bit OS
#   Decrease Java heap size (-Xmx/-Xms)
#   Decrease number of Java threads
#   Decrease Java thread stack sizes (-Xss)
#   Set larger code cache with -XX:ReservedCodeCacheSize=
# This output file may be truncated or incomplete.
#
#  Out of Memory Error (os_linux.cpp:2809), pid=21570, tid=140264654165760
#
# JRE version: OpenJDK Runtime Environment (7.0_79-b14) (build 1.7.0_79-b14)
# Java VM: OpenJDK 64-Bit Server VM (24.79-b02 mixed mode linux-amd64 compressed oops)
# Derivative: IcedTea 2.5.5
# Distribution: Custom build (Wed Apr 15 12:39:15 UTC 2015)
# Failed to write core dump. Core dumps have been disabled. To enable core dumping, try "ulimit -c unlimited" before starting Java again
#

---------------  T H R E A D  ---------------

Current thread (0x00007f91e4070000):  VMThread [stack: 0x00007f91e8d2d000,0x00007f91e8e2e000] [id=21579]

Stack: [0x00007f91e8d2d000,0x00007f91e8e2e000],  sp=0x00007f91e8e2c4e0,  free space=1021k
Native frames: (J=compiled Java code, j=interpreted, Vv=VM code, C=native code)
V  [libjvm.so+0x9888a6]
V  [libjvm.so+0x48eff2]
V  [libjvm.so+0x7fbf2b]
V  [libjvm.so+0x7f667e]
V  [libjvm.so+0x868ecb]
V  [libjvm.so+0x869d73]
V  [libjvm.so+0x86a48b]
V  [libjvm.so+0x865e99]
V  [libjvm.so+0x866678]
V  [libjvm.so+0x81e443]
V  [libjvm.so+0x98a172]
V  [libjvm.so+0x98ea07]
V  [libjvm.so+0x98cfeb]
V  [libjvm.so+0x98d696]
V  [libjvm.so+0x98db61]
V  [libjvm.so+0x7f8e72]

VM_Operation (0x00007f91ed17f670): ParallelGCFailedAllocation, mode: safepoint, requested by thread 0x00007f91e4009800


---------------  P R O C E S S  ---------------

Java Threads: ( => current thread )
  0x00007f91e40a8800 JavaThread "Service Thread" daemon [_thread_blocked, id=21585, stack(0x00007f91e86b4000,0x00007f91e87b5000)]
  0x00007f91e40a6800 JavaThread "C2 CompilerThread1" daemon [_thread_blocked, id=21584, stack(0x00007f91e87b5000,0x00007f91e88b6000)]
  0x00007f91e40a3800 JavaThread "C2 CompilerThread0" daemon [_thread_blocked, id=21583, stack(0x00007f91e88b6000,0x00007f91e89b7000)]
  0x00007f91e40a1800 JavaThread "Signal Dispatcher" daemon [_thread_blocked, id=21582, stack(0x00007f91e89b7000,0x00007f91e8ab8000)]
  0x00007f91e4076800 JavaThread "Finalizer" daemon [_thread_blocked, id=21581, stack(0x00007f91e8b2b000,0x00007f91e8c2c000)]
  0x00007f91e4074800 JavaThread "Reference Handler" daemon [_thread_blocked, id=21580, stack(0x00007f91e8c2c000,0x00007f91e8d2d000)]
  0x00007f91e4009800 JavaThread "main" [_thread_blocked, id=21576, stack(0x00007f91ed080000,0x00007f91ed181000)]

Other Threads:
=>0x00007f91e4070000 VMThread [stack: 0x00007f91e8d2d000,0x00007f91e8e2e000] [id=21579]
  0x00007f91e40ab000 WatcherThread [stack: 0x00007f91e85b3000,0x00007f91e86b4000] [id=21586]

VM state:at safepoint (normal execution)

VM Mutex/Monitor currently owned by a thread:  ([mutex/lock_event])
[0x00007f91e4006ec0] Threads_lock - owner thread: 0x00007f91e4070000
[0x00007f91e40073c0] Heap_lock - owner thread: 0x00007f91e4009800

Heap
 PSYoungGen      total 35328K, used 2544K [0x00000000eaa80000, 0x00000000ecf80000, 0x0000000100000000)
  eden space 32768K, 0% used [0x00000000eaa80000,0x00000000eaa80000,0x00000000eca80000)
  from space 2560K, 99% used [0x00000000eca80000,0x00000000eccfc040,0x00000000ecd00000)
  to   space 2560K, 0% used [0x00000000ecd00000,0x00000000ecd00000,0x00000000ecf80000)
 ParOldGen       total 41984K, used 22182K [0x00000000c0000000, 0x00000000c2900000, 0x00000000eaa80000)
  object space 41984K, 52% used [0x00000000c0000000,0x00000000c15a9b50,0x00000000c2900000)
 PSPermGen       total 21504K, used 7316K [0x00000000b5a00000, 0x00000000b6f00000, 0x00000000c0000000)
  object space 21504K, 34% used [0x00000000b5a00000,0x00000000b6125398,0x00000000b6f00000)

Card table byte_map: [0x00007f91ea08b000,0x00007f91ea2df000] byte_map_base: 0x00007f91e9ade000

Polling page: 0x00007f91ed1aa000

Code Cache  [0x00007f91e1000000, 0x00007f91e1270000, 0x00007f91e4000000)
 total_blobs=676 nmethods=426 adapters=204 free_code_cache=47987Kb largest_free_block=49084224

Compilation events (10 events):
Event: 4,318 Thread 0x00007f91e40a3800 nmethod 423 0x00007f91e1102c90 code [0x00007f91e1102e40, 0x00007f91e1103378]
Event: 4,318 Thread 0x00007f91e40a3800  424             com.android.dex.TypeList::getTypes (5 bytes)
Event: 4,318 Thread 0x00007f91e40a3800 nmethod 424 0x00007f91e1103ed0 code [0x00007f91e1104000, 0x00007f91e1104058]
Event: 4,318 Thread 0x00007f91e40a3800  425             com.android.dx.merge.IndexMap::adjustTypeListOffset (18 bytes)
Event: 4,325 Thread 0x00007f91e40a6800 nmethod 396 0x00007f91e1121ed0 code [0x00007f91e11225e0, 0x00007f91e1126430]
Event: 4,326 Thread 0x00007f91e40a6800  426             com.android.dx.merge.IndexMap$EncodedValueTransformer::transformAnnotation (68 bytes)
Event: 4,327 Thread 0x00007f91e40a3800 nmethod 425 0x00007f91e1106610 code [0x00007f91e1106780, 0x00007f91e1106a38]
Event: 4,327 Thread 0x00007f91e40a3800  427             com.android.dx.merge.DexMerger::transformAnnotationSet (82 bytes)
Event: 4,331 Thread 0x00007f91e40a6800 nmethod 426 0x00007f91e1102410 code [0x00007f91e11025c0, 0x00007f91e1102890]
Event: 4,331 Thread 0x00007f91e40a6800  428             com.android.dx.merge.DexMerger::getSortedTypes (139 bytes)

GC Heap History (9 events):
Event: 1,384 GC heap before
{Heap before GC invocations=1 (full 0):
 PSYoungGen      total 18944K, used 16384K [0x00000000eaa80000, 0x00000000ebf80000, 0x0000000100000000)
  eden space 16384K, 100% used [0x00000000eaa80000,0x00000000eba80000,0x00000000eba80000)
  from space 2560K, 0% used [0x00000000ebd00000,0x00000000ebd00000,0x00000000ebf80000)
  to   space 2560K, 0% used [0x00000000eba80000,0x00000000eba80000,0x00000000ebd00000)
 ParOldGen       total 41984K, used 0K [0x00000000c0000000, 0x00000000c2900000, 0x00000000eaa80000)
  object space 41984K, 0% used [0x00000000c0000000,0x00000000c0000000,0x00000000c2900000)
 PSPermGen       total 21504K, used 5220K [0x00000000b5a00000, 0x00000000b6f00000, 0x00000000c0000000)
  object space 21504K, 24% used [0x00000000b5a00000,0x00000000b5f19188,0x00000000b6f00000)
Event: 1,392 GC heap after
Heap after GC invocations=1 (full 0):
 PSYoungGen      total 18944K, used 2544K [0x00000000eaa80000, 0x00000000ebf80000, 0x0000000100000000)
  eden space 16384K, 0% used [0x00000000eaa80000,0x00000000eaa80000,0x00000000eba80000)
  from space 2560K, 99% used [0x00000000eba80000,0x00000000ebcfc028,0x00000000ebd00000)
  to   space 2560K, 0% used [0x00000000ebd00000,0x00000000ebd00000,0x00000000ebf80000)
 ParOldGen       total 41984K, used 1919K [0x00000000c0000000, 0x00000000c2900000, 0x00000000eaa80000)
  object space 41984K, 4% used [0x00000000c0000000,0x00000000c01dfd00,0x00000000c2900000)
 PSPermGen       total 21504K, used 5220K [0x00000000b5a00000, 0x00000000b6f00000, 0x00000000c0000000)
  object space 21504K, 24% used [0x00000000b5a00000,0x00000000b5f19188,0x00000000b6f00000)
}
Event: 1,903 GC heap before
{Heap before GC invocations=2 (full 0):
 PSYoungGen      total 18944K, used 17383K [0x00000000eaa80000, 0x00000000ebf80000, 0x0000000100000000)
  eden space 16384K, 90% used [0x00000000eaa80000,0x00000000eb8fdca8,0x00000000eba80000)
  from space 2560K, 99% used [0x00000000eba80000,0x00000000ebcfc028,0x00000000ebd00000)
  to   space 2560K, 0% used [0x00000000ebd00000,0x00000000ebd00000,0x00000000ebf80000)
 ParOldGen       total 41984K, used 1919K [0x00000000c0000000, 0x00000000c2900000, 0x00000000eaa80000)
  object space 41984K, 4% used [0x00000000c0000000,0x00000000c01dfd00,0x00000000c2900000)
 PSPermGen       total 21504K, used 5655K [0x00000000b5a00000, 0x00000000b6f00000, 0x00000000c0000000)
  object space 21504K, 26% used [0x00000000b5a00000,0x00000000b5f85e80,0x00000000b6f00000)
Event: 1,915 GC heap after
Heap after GC invocations=2 (full 0):
 PSYoungGen      total 18944K, used 2528K [0x00000000eaa80000, 0x00000000ecf80000, 0x0000000100000000)
  eden space 16384K, 0% used [0x00000000eaa80000,0x00000000eaa80000,0x00000000eba80000)
  from space 2560K, 98% used [0x00000000ebd00000,0x00000000ebf78018,0x00000000ebf80000)
  to   space 2560K, 0% used [0x00000000eba80000,0x00000000eba80000,0x00000000ebd00000)
 ParOldGen       total 41984K, used 6826K [0x00000000c0000000, 0x00000000c2900000, 0x00000000eaa80000)
  object space 41984K, 16% used [0x00000000c0000000,0x00000000c06aaaa0,0x00000000c2900000)
 PSPermGen       total 21504K, used 5655K [0x00000000b5a00000, 0x00000000b6f00000, 0x00000000c0000000)
  object space 21504K, 26% used [0x00000000b5a00000,0x00000000b5f85e80,0x00000000b6f00000)
}
Event: 3,646 GC heap before
{Heap before GC invocations=3 (full 0):
 PSYoungGen      total 18944K, used 18912K [0x00000000eaa80000, 0x00000000ecf80000, 0x0000000100000000)
  eden space 16384K, 100% used [0x00000000eaa80000,0x00000000eba80000,0x00000000eba80000)
  from space 2560K, 98% used [0x00000000ebd00000,0x00000000ebf78018,0x00000000ebf80000)
  to   space 2560K, 0% used [0x00000000eba80000,0x00000000eba80000,0x00000000ebd00000)
 ParOldGen       total 41984K, used 6826K [0x00000000c0000000, 0x00000000c2900000, 0x00000000eaa80000)
  object space 41984K, 16% used [0x00000000c0000000,0x00000000c06aaaa0,0x00000000c2900000)
 PSPermGen       total 21504K, used 7226K [0x00000000b5a00000, 0x00000000b6f00000, 0x00000000c0000000)
  object space 21504K, 33% used [0x00000000b5a00000,0x00000000b610e998,0x00000000b6f00000)
Event: 3,657 GC heap after
Heap after GC invocations=3 (full 0):
 PSYoungGen      total 18944K, used 2528K [0x00000000eaa80000, 0x00000000ecf80000, 0x0000000100000000)
  eden space 16384K, 0% used [0x00000000eaa80000,0x00000000eaa80000,0x00000000eba80000)
  from space 2560K, 98% used [0x00000000eba80000,0x00000000ebcf8050,0x00000000ebd00000)
  to   space 2560K, 0% used [0x00000000ecd00000,0x00000000ecd00000,0x00000000ecf80000)
 ParOldGen       total 41984K, used 16620K [0x00000000c0000000, 0x00000000c2900000, 0x00000000eaa80000)
  object space 41984K, 39% used [0x00000000c0000000,0x00000000c103b060,0x00000000c2900000)
 PSPermGen       total 21504K, used 7226K [0x00000000b5a00000, 0x00000000b6f00000, 0x00000000c0000000)
  object space 21504K, 33% used [0x00000000b5a00000,0x00000000b610e998,0x00000000b6f00000)
}
Event: 3,969 GC heap before
{Heap before GC invocations=4 (full 0):
 PSYoungGen      total 18944K, used 18912K [0x00000000eaa80000, 0x00000000ecf80000, 0x0000000100000000)
  eden space 16384K, 100% used [0x00000000eaa80000,0x00000000eba80000,0x00000000eba80000)
  from space 2560K, 98% used [0x00000000eba80000,0x00000000ebcf8050,0x00000000ebd00000)
  to   space 2560K, 0% used [0x00000000ecd00000,0x00000000ecd00000,0x00000000ecf80000)
 ParOldGen       total 41984K, used 16620K [0x00000000c0000000, 0x00000000c2900000, 0x00000000eaa80000)
  object space 41984K, 39% used [0x00000000c0000000,0x00000000c103b060,0x00000000c2900000)
 PSPermGen       total 21504K, used 7276K [0x00000000b5a00000, 0x00000000b6f00000, 0x00000000c0000000)
  object space 21504K, 33% used [0x00000000b5a00000,0x00000000b611b2b8,0x00000000b6f00000)
Event: 3,976 GC heap after
Heap after GC invocations=4 (full 0):
 PSYoungGen      total 35328K, used 2528K [0x00000000eaa80000, 0x00000000ecf80000, 0x0000000100000000)
  eden space 32768K, 0% used [0x00000000eaa80000,0x00000000eaa80000,0x00000000eca80000)
  from space 2560K, 98% used [0x00000000ecd00000,0x00000000ecf78050,0x00000000ecf80000)
  to   space 2560K, 0% used [0x00000000eca80000,0x00000000eca80000,0x00000000ecd00000)
 ParOldGen       total 41984K, used 18964K [0x00000000c0000000, 0x00000000c2900000, 0x00000000eaa80000)
  object space 41984K, 45% used [0x00000000c0000000,0x00000000c1285080,0x00000000c2900000)
 PSPermGen       total 21504K, used 7276K [0x00000000b5a00000, 0x00000000b6f00000, 0x00000000c0000000)
  object space 21504K, 33% used [0x00000000b5a00000,0x00000000b611b2b8,0x00000000b6f00000)
}
Event: 4,338 GC heap before
{Heap before GC invocations=5 (full 0):
 PSYoungGen      total 35328K, used 35204K [0x00000000eaa80000, 0x00000000ecf80000, 0x0000000100000000)
  eden space 32768K, 99% used [0x00000000eaa80000,0x00000000eca68fb0,0x00000000eca80000)
  from space 2560K, 98% used [0x00000000ecd00000,0x00000000ecf78050,0x00000000ecf80000)
  to   space 2560K, 0% used [0x00000000eca80000,0x00000000eca80000,0x00000000ecd00000)
 ParOldGen       total 41984K, used 18964K [0x00000000c0000000, 0x00000000c2900000, 0x00000000eaa80000)
  object space 41984K, 45% used [0x00000000c0000000,0x00000000c1285080,0x00000000c2900000)
 PSPermGen       total 21504K, used 7316K [0x00000000b5a00000, 0x00000000b6f00000, 0x00000000c0000000)
  object space 21504K, 34% used [0x00000000b5a00000,0x00000000b6125398,0x00000000b6f00000)

Deoptimization events (10 events):
Event: 3,321 Thread 0x00007f91e4009800 Uncommon trap: reason=bimorphic action=maybe_recompile pc=0x00007f91e109ac88 method=java.util.HashMap.put(Ljava/lang/Object;Ljava/lang/Object;)Ljava/lang/Object; @ 83
Event: 3,321 Thread 0x00007f91e4009800 Uncommon trap: reason=bimorphic action=maybe_recompile pc=0x00007f91e109ac88 method=java.util.HashMap.put(Ljava/lang/Object;Ljava/lang/Object;)Ljava/lang/Object; @ 83
Event: 3,321 Thread 0x00007f91e4009800 Uncommon trap: reason=bimorphic action=maybe_recompile pc=0x00007f91e109ac88 method=java.util.HashMap.put(Ljava/lang/Object;Ljava/lang/Object;)Ljava/lang/Object; @ 83
Event: 3,321 Thread 0x00007f91e4009800 Uncommon trap: reason=bimorphic action=maybe_recompile pc=0x00007f91e109ac88 method=java.util.HashMap.put(Ljava/lang/Object;Ljava/lang/Object;)Ljava/lang/Object; @ 83
Event: 3,575 Thread 0x00007f91e4009800 Uncommon trap: reason=class_check action=maybe_recompile pc=0x00007f91e10a584c method=com.android.dex.Leb128.readUnsignedLeb128(Lcom/android/dex/util/ByteInput;)I @ 5
Event: 3,575 Thread 0x00007f91e4009800 Uncommon trap: reason=class_check action=maybe_recompile pc=0x00007f91e10a584c method=com.android.dex.Leb128.readUnsignedLeb128(Lcom/android/dex/util/ByteInput;)I @ 5
Event: 3,575 Thread 0x00007f91e4009800 Uncommon trap: reason=class_check action=maybe_recompile pc=0x00007f91e10a584c method=com.android.dex.Leb128.readUnsignedLeb128(Lcom/android/dex/util/ByteInput;)I @ 5
Event: 3,575 Thread 0x00007f91e4009800 Uncommon trap: reason=class_check action=maybe_recompile pc=0x00007f91e10a584c method=com.android.dex.Leb128.readUnsignedLeb128(Lcom/android/dex/util/ByteInput;)I @ 5
Event: 3,643 Thread 0x00007f91e4009800 Uncommon trap: reason=predicate action=maybe_recompile pc=0x00007f91e10b9e38 method=com.android.dex.Leb128.readUnsignedLeb128(Lcom/android/dex/util/ByteInput;)I @ 41
Event: 3,990 Thread 0x00007f91e4009800 Uncommon trap: reason=predicate action=maybe_recompile pc=0x00007f91e10ea8e4 method=java.util.ComparableTimSort.binarySort([Ljava/lang/Object;III)V @ 37

Internal exceptions (10 events):
Event: 2,907 Thread 0x00007f91e4009800 Threw 0x00000000eb693fa0 at /build/java7-openjdk/src/icedtea-2.5.5/openjdk/hotspot/src/share/vm/prims/jvm.cpp:1284
Event: 2,909 Thread 0x00007f91e4009800 Threw 0x00000000eb69b318 at /build/java7-openjdk/src/icedtea-2.5.5/openjdk/hotspot/src/share/vm/prims/jvm.cpp:1284
Event: 2,910 Thread 0x00007f91e4009800 Threw 0x00000000eb69d370 at /build/java7-openjdk/src/icedtea-2.5.5/openjdk/hotspot/src/share/vm/prims/jvm.cpp:1284
Event: 3,360 Thread 0x00007f91e4009800 Threw 0x00000000eb73ec18 at /build/java7-openjdk/src/icedtea-2.5.5/openjdk/hotspot/src/share/vm/prims/jvm.cpp:1284
Event: 3,360 Thread 0x00007f91e4009800 Threw 0x00000000eb73ed40 at /build/java7-openjdk/src/icedtea-2.5.5/openjdk/hotspot/src/share/vm/prims/jvm.cpp:1284
Event: 3,360 Thread 0x00007f91e4009800 Threw 0x00000000eb741188 at /build/java7-openjdk/src/icedtea-2.5.5/openjdk/hotspot/src/share/vm/prims/jvm.cpp:1284
Event: 3,360 Thread 0x00007f91e4009800 Threw 0x00000000eb7412b0 at /build/java7-openjdk/src/icedtea-2.5.5/openjdk/hotspot/src/share/vm/prims/jvm.cpp:1284
Event: 3,360 Thread 0x00007f91e4009800 Threw 0x00000000eb741c38 at /build/java7-openjdk/src/icedtea-2.5.5/openjdk/hotspot/src/share/vm/prims/jvm.cpp:1284
Event: 3,360 Thread 0x00007f91e4009800 Threw 0x00000000eb741d60 at /build/java7-openjdk/src/icedtea-2.5.5/openjdk/hotspot/src/share/vm/prims/jvm.cpp:1284
Event: 3,919 Thread 0x00007f91e4009800 Threw 0x00000000eb7a8018 at /build/java7-openjdk/src/icedtea-2.5.5/openjdk/hotspot/src/share/vm/prims/jvm.cpp:1284

Events (10 events):
Event: 3,919 loading class 0x00007f91e421bb90
Event: 3,919 loading class 0x00007f91e421bb90 done
Event: 3,969 Executing VM operation: ParallelGCFailedAllocation
Event: 3,976 Executing VM operation: ParallelGCFailedAllocation done
Event: 3,990 Thread 0x00007f91e4009800 Uncommon trap: trap_request=0xffffff86 fr.pc=0x00007f91e10ea8e4
Event: 3,990 Thread 0x00007f91e4009800 DEOPT PACKING pc=0x00007f91e10ea8e4 sp=0x00007f91ed17f4a0
Event: 3,990 Thread 0x00007f91e4009800 DEOPT UNPACKING pc=0x00007f91e1039045 sp=0x00007f91ed17f480 mode 2
Event: 4,155 loading class 0x00007f91e9a43b90
Event: 4,203 loading class 0x00007f91e9a43b90 done
Event: 4,338 Executing VM operation: ParallelGCFailedAllocation


Dynamic libraries:
00400000-00401000 r-xp 00000000 08:05 555982                             /usr/lib/jvm/java-7-openjdk/jre/bin/java
00600000-00601000 rw-p 00000000 08:05 555982                             /usr/lib/jvm/java-7-openjdk/jre/bin/java
01bf1000-01c12000 rw-p 00000000 00:00 0                                  [heap]
b5a00000-b6f00000 rw-p 00000000 00:00 0 
b6f00000-c0000000 rw-p 00000000 00:00 0 
c0000000-c2900000 rw-p 00000000 00:00 0 
c2900000-eaa80000 rw-p 00000000 00:00 0 
eaa80000-ecf80000 rw-p 00000000 00:00 0 
f0580000-100000000 rw-p 00000000 00:00 0 
7f91b0000000-7f91b0021000 rw-p 00000000 00:00 0 
7f91b0021000-7f91b4000000 ---p 00000000 00:00 0 
7f91b8000000-7f91b8840000 rw-p 00000000 00:00 0 
7f91b8840000-7f91bc000000 ---p 00000000 00:00 0 
7f91bc000000-7f91bc021000 rw-p 00000000 00:00 0 
7f91bc021000-7f91c0000000 ---p 00000000 00:00 0 
7f91c0000000-7f91c0021000 rw-p 00000000 00:00 0 
7f91c0021000-7f91c4000000 ---p 00000000 00:00 0 
7f91c4000000-7f91c4730000 rw-p 00000000 00:00 0 
7f91c4730000-7f91c8000000 ---p 00000000 00:00 0 
7f91c8000000-7f91c8021000 rw-p 00000000 00:00 0 
7f91c8021000-7f91cc000000 ---p 00000000 00:00 0 
7f91cc000000-7f91cc021000 rw-p 00000000 00:00 0 
7f91cc021000-7f91d0000000 ---p 00000000 00:00 0 
7f91d0000000-7f91d0021000 rw-p 00000000 00:00 0 
7f91d0021000-7f91d4000000 ---p 00000000 00:00 0 
7f91d4000000-7f91d4030000 rw-p 00000000 00:00 0 
7f91d4030000-7f91d8000000 ---p 00000000 00:00 0 
7f91d8000000-7f91d8021000 rw-p 00000000 00:00 0 
7f91d8021000-7f91dc000000 ---p 00000000 00:00 0 
7f91dd95f000-7f91dd9cd000 r-xp 00000000 08:05 530783                     /usr/lib/libpcre.so.1.2.5
7f91dd9cd000-7f91ddbcd000 ---p 0006e000 08:05 530783                     /usr/lib/libpcre.so.1.2.5
7f91ddbcd000-7f91ddbce000 r--p 0006e000 08:05 530783                     /usr/lib/libpcre.so.1.2.5
7f91ddbce000-7f91ddbcf000 rw-p 0006f000 08:05 530783                     /usr/lib/libpcre.so.1.2.5
7f91ddbcf000-7f91ddbd7000 r-xp 00000000 08:05 535290                     /usr/lib/libffi.so.6.0.4
7f91ddbd7000-7f91dddd6000 ---p 00008000 08:05 535290                     /usr/lib/libffi.so.6.0.4
7f91dddd6000-7f91dddd7000 r--p 00007000 08:05 535290                     /usr/lib/libffi.so.6.0.4
7f91dddd7000-7f91dddd8000 rw-p 00008000 08:05 535290                     /usr/lib/libffi.so.6.0.4
7f91dddd8000-7f91dddec000 r-xp 00000000 08:05 527352                     /usr/lib/libresolv-2.21.so
7f91dddec000-7f91ddfeb000 ---p 00014000 08:05 527352                     /usr/lib/libresolv-2.21.so
7f91ddfeb000-7f91ddfec000 r--p 00013000 08:05 527352                     /usr/lib/libresolv-2.21.so
7f91ddfec000-7f91ddfed000 rw-p 00014000 08:05 527352                     /usr/lib/libresolv-2.21.so
7f91ddfed000-7f91ddfef000 rw-p 00000000 00:00 0 
7f91ddfef000-7f91ddff2000 r-xp 00000000 08:05 535373                     /usr/lib/libgmodule-2.0.so.0.4400.0
7f91ddff2000-7f91de1f1000 ---p 00003000 08:05 535373                     /usr/lib/libgmodule-2.0.so.0.4400.0
7f91de1f1000-7f91de1f2000 r--p 00002000 08:05 535373                     /usr/lib/libgmodule-2.0.so.0.4400.0
7f91de1f2000-7f91de1f3000 rw-p 00003000 08:05 535373                     /usr/lib/libgmodule-2.0.so.0.4400.0
7f91de1f3000-7f91de2ff000 r-xp 00000000 08:05 535372                     /usr/lib/libglib-2.0.so.0.4400.0
7f91de2ff000-7f91de4fe000 ---p 0010c000 08:05 535372                     /usr/lib/libglib-2.0.so.0.4400.0
7f91de4fe000-7f91de4ff000 r--p 0010b000 08:05 535372                     /usr/lib/libglib-2.0.so.0.4400.0
7f91de4ff000-7f91de500000 rw-p 0010c000 08:05 535372                     /usr/lib/libglib-2.0.so.0.4400.0
7f91de500000-7f91de501000 rw-p 00000000 00:00 0 
7f91de501000-7f91de550000 r-xp 00000000 08:05 535375                     /usr/lib/libgobject-2.0.so.0.4400.0
7f91de550000-7f91de750000 ---p 0004f000 08:05 535375                     /usr/lib/libgobject-2.0.so.0.4400.0
7f91de750000-7f91de751000 r--p 0004f000 08:05 535375                     /usr/lib/libgobject-2.0.so.0.4400.0
7f91de751000-7f91de752000 rw-p 00050000 08:05 535375                     /usr/lib/libgobject-2.0.so.0.4400.0
7f91de752000-7f91de8c8000 r-xp 00000000 08:05 535376                     /usr/lib/libgio-2.0.so.0.4400.0
7f91de8c8000-7f91deac8000 ---p 00176000 08:05 535376                     /usr/lib/libgio-2.0.so.0.4400.0
7f91deac8000-7f91deacc000 r--p 00176000 08:05 535376                     /usr/lib/libgio-2.0.so.0.4400.0
7f91deacc000-7f91deace000 rw-p 0017a000 08:05 535376                     /usr/lib/libgio-2.0.so.0.4400.0
7f91deace000-7f91e1000000 rw-p 00000000 00:00 0 
7f91e1000000-7f91e1270000 rwxp 00000000 00:00 0 
7f91e1270000-7f91e424a000 rw-p 00000000 00:00 0 
7f91e424a000-7f91e8000000 ---p 00000000 00:00 0 
7f91e8161000-7f91e8186000 r--p 00000000 08:05 527348                     /usr/share/locale/pl/LC_MESSAGES/libc.mo
7f91e8186000-7f91e818b000 r--s 0004d000 08:05 555059                     /usr/lib/jvm/java-7-openjdk/jre/lib/jsse.jar
7f91e818b000-7f91e81a2000 r-xp 00000000 08:05 555956                     /usr/lib/jvm/java-7-openjdk/jre/lib/amd64/libnet.so
7f91e81a2000-7f91e83a1000 ---p 00017000 08:05 555956                     /usr/lib/jvm/java-7-openjdk/jre/lib/amd64/libnet.so
7f91e83a1000-7f91e83a2000 rw-p 00016000 08:05 555956                     /usr/lib/jvm/java-7-openjdk/jre/lib/amd64/libnet.so
7f91e83a2000-7f91e83b2000 r-xp 00000000 08:05 555957                     /usr/lib/jvm/java-7-openjdk/jre/lib/amd64/libnio.so
7f91e83b2000-7f91e85b2000 ---p 00010000 08:05 555957                     /usr/lib/jvm/java-7-openjdk/jre/lib/amd64/libnio.so
7f91e85b2000-7f91e85b3000 rw-p 00010000 08:05 555957                     /usr/lib/jvm/java-7-openjdk/jre/lib/amd64/libnio.so
7f91e85b3000-7f91e85b4000 ---p 00000000 00:00 0 
7f91e85b4000-7f91e86b4000 rw-p 00000000 00:00 0                          [stack:21586]
7f91e86b4000-7f91e86b7000 ---p 00000000 00:00 0 
7f91e86b7000-7f91e87b5000 rw-p 00000000 00:00 0                          [stack:21585]
7f91e87b5000-7f91e87b8000 ---p 00000000 00:00 0 
7f91e87b8000-7f91e88b6000 rw-p 00000000 00:00 0                          [stack:21584]
7f91e88b6000-7f91e88b9000 ---p 00000000 00:00 0 
7f91e88b9000-7f91e89b7000 rw-p 00000000 00:00 0                          [stack:21583]
7f91e89b7000-7f91e89ba000 ---p 00000000 00:00 0 
7f91e89ba000-7f91e8ab8000 rw-p 00000000 00:00 0                          [stack:21582]
7f91e8ab8000-7f91e8b2b000 r--p 00000000 08:05 527780                     /usr/lib/locale/locale-archive
7f91e8b2b000-7f91e8b2e000 ---p 00000000 00:00 0 
7f91e8b2e000-7f91e8c2c000 rw-p 00000000 00:00 0                          [stack:21581]
7f91e8c2c000-7f91e8c2f000 ---p 00000000 00:00 0 
7f91e8c2f000-7f91e8d2d000 rw-p 00000000 00:00 0                          [stack:21580]
7f91e8d2d000-7f91e8d2e000 ---p 00000000 00:00 0 
7f91e8d2e000-7f91e97e3000 rw-p 00000000 00:00 0                          [stack:21579]
7f91e97e3000-7f91e9994000 r--s 01d27000 08:05 555057                     /usr/lib/jvm/java-7-openjdk/jre/lib/rt.jar
7f91e9994000-7f91e9ce0000 rw-p 00000000 00:00 0 
7f91e9ce0000-7f91e9ce1000 ---p 00000000 00:00 0 
7f91e9ce1000-7f91e9de1000 rw-p 00000000 00:00 0                          [stack:21578]
7f91e9de1000-7f91e9de2000 ---p 00000000 00:00 0 
7f91e9de2000-7f91e9eed000 rw-p 00000000 00:00 0                          [stack:21577]
7f91e9eed000-7f91e9f35000 rw-p 00000000 00:00 0 
7f91e9f35000-7f91e9f4a000 rw-p 00000000 00:00 0 
7f91e9f4a000-7f91ea08b000 rw-p 00000000 00:00 0 
7f91ea08b000-7f91ea096000 rw-p 00000000 00:00 0 
7f91ea096000-7f91ea0de000 rw-p 00000000 00:00 0 
7f91ea0de000-7f91ea0f3000 rw-p 00000000 00:00 0 
7f91ea0f3000-7f91ea233000 rw-p 00000000 00:00 0 
7f91ea233000-7f91ea246000 rw-p 00000000 00:00 0 
7f91ea246000-7f91ea2de000 rw-p 00000000 00:00 0 
7f91ea2de000-7f91ea2df000 rw-p 00000000 00:00 0 
7f91ea2df000-7f91ea2e7000 r-xp 00000000 08:05 555955                     /usr/lib/jvm/java-7-openjdk/jre/lib/amd64/libzip.so
7f91ea2e7000-7f91ea4e6000 ---p 00008000 08:05 555955                     /usr/lib/jvm/java-7-openjdk/jre/lib/amd64/libzip.so
7f91ea4e6000-7f91ea4e7000 rw-p 00007000 08:05 555955                     /usr/lib/jvm/java-7-openjdk/jre/lib/amd64/libzip.so
7f91ea4e7000-7f91ea4f2000 r-xp 00000000 08:05 527356                     /usr/lib/libnss_files-2.21.so
7f91ea4f2000-7f91ea6f2000 ---p 0000b000 08:05 527356                     /usr/lib/libnss_files-2.21.so
7f91ea6f2000-7f91ea6f3000 r--p 0000b000 08:05 527356                     /usr/lib/libnss_files-2.21.so
7f91ea6f3000-7f91ea6f4000 rw-p 0000c000 08:05 527356                     /usr/lib/libnss_files-2.21.so
7f91ea6f4000-7f91ea720000 r-xp 00000000 08:05 555954                     /usr/lib/jvm/java-7-openjdk/jre/lib/amd64/libjava.so
7f91ea720000-7f91ea91f000 ---p 0002c000 08:05 555954                     /usr/lib/jvm/java-7-openjdk/jre/lib/amd64/libjava.so
7f91ea91f000-7f91ea921000 rw-p 0002b000 08:05 555954                     /usr/lib/jvm/java-7-openjdk/jre/lib/amd64/libjava.so
7f91ea921000-7f91ea92e000 r-xp 00000000 08:05 555953                     /usr/lib/jvm/java-7-openjdk/jre/lib/amd64/libverify.so
7f91ea92e000-7f91eab2d000 ---p 0000d000 08:05 555953                     /usr/lib/jvm/java-7-openjdk/jre/lib/amd64/libverify.so
7f91eab2d000-7f91eab2f000 rw-p 0000c000 08:05 555953                     /usr/lib/jvm/java-7-openjdk/jre/lib/amd64/libverify.so
7f91eab2f000-7f91eab36000 r-xp 00000000 08:05 527442                     /usr/lib/librt-2.21.so
7f91eab36000-7f91ead35000 ---p 00007000 08:05 527442                     /usr/lib/librt-2.21.so
7f91ead35000-7f91ead36000 r--p 00006000 08:05 527442                     /usr/lib/librt-2.21.so
7f91ead36000-7f91ead37000 rw-p 00007000 08:05 527442                     /usr/lib/librt-2.21.so
7f91ead37000-7f91ead4d000 r-xp 00000000 08:05 527804                     /usr/lib/libgcc_s.so.1
7f91ead4d000-7f91eaf4c000 ---p 00016000 08:05 527804                     /usr/lib/libgcc_s.so.1
7f91eaf4c000-7f91eaf4d000 rw-p 00015000 08:05 527804                     /usr/lib/libgcc_s.so.1
7f91eaf4d000-7f91eb050000 r-xp 00000000 08:05 527491                     /usr/lib/libm-2.21.so
7f91eb050000-7f91eb250000 ---p 00103000 08:05 527491                     /usr/lib/libm-2.21.so
7f91eb250000-7f91eb251000 r--p 00103000 08:05 527491                     /usr/lib/libm-2.21.so
7f91eb251000-7f91eb252000 rw-p 00104000 08:05 527491                     /usr/lib/libm-2.21.so
7f91eb252000-7f91eb342000 r-xp 00000000 08:05 527808                     /usr/lib/libstdc++.so.6.0.20
7f91eb342000-7f91eb542000 ---p 000f0000 08:05 527808                     /usr/lib/libstdc++.so.6.0.20
7f91eb542000-7f91eb54a000 r--p 000f0000 08:05 527808                     /usr/lib/libstdc++.so.6.0.20
7f91eb54a000-7f91eb54c000 rw-p 000f8000 08:05 527808                     /usr/lib/libstdc++.so.6.0.20
7f91eb54c000-7f91eb561000 rw-p 00000000 00:00 0 
7f91eb561000-7f91ec0b6000 r-xp 00000000 08:05 662899                     /usr/lib/jvm/java-7-openjdk/jre/lib/amd64/server/libjvm.so
7f91ec0b6000-7f91ec2b6000 ---p 00b55000 08:05 662899                     /usr/lib/jvm/java-7-openjdk/jre/lib/amd64/server/libjvm.so
7f91ec2b6000-7f91ec378000 rw-p 00b55000 08:05 662899                     /usr/lib/jvm/java-7-openjdk/jre/lib/amd64/server/libjvm.so
7f91ec378000-7f91ec3a4000 rw-p 00000000 00:00 0 
7f91ec3a4000-7f91ec3b9000 r-xp 00000000 08:05 530530                     /usr/lib/libz.so.1.2.8
7f91ec3b9000-7f91ec5b8000 ---p 00015000 08:05 530530                     /usr/lib/libz.so.1.2.8
7f91ec5b8000-7f91ec5b9000 r--p 00014000 08:05 530530                     /usr/lib/libz.so.1.2.8
7f91ec5b9000-7f91ec5ba000 rw-p 00015000 08:05 530530                     /usr/lib/libz.so.1.2.8
7f91ec5ba000-7f91ec753000 r-xp 00000000 08:05 527366                     /usr/lib/libc-2.21.so
7f91ec753000-7f91ec953000 ---p 00199000 08:05 527366                     /usr/lib/libc-2.21.so
7f91ec953000-7f91ec957000 r--p 00199000 08:05 527366                     /usr/lib/libc-2.21.so
7f91ec957000-7f91ec959000 rw-p 0019d000 08:05 527366                     /usr/lib/libc-2.21.so
7f91ec959000-7f91ec95d000 rw-p 00000000 00:00 0 
7f91ec95d000-7f91ec95f000 r-xp 00000000 08:05 527458                     /usr/lib/libdl-2.21.so
7f91ec95f000-7f91ecb5f000 ---p 00002000 08:05 527458                     /usr/lib/libdl-2.21.so
7f91ecb5f000-7f91ecb60000 r--p 00002000 08:05 527458                     /usr/lib/libdl-2.21.so
7f91ecb60000-7f91ecb61000 rw-p 00003000 08:05 527458                     /usr/lib/libdl-2.21.so
7f91ecb61000-7f91ecb6e000 r-xp 00000000 08:05 662895                     /usr/lib/jvm/java-7-openjdk/jre/lib/amd64/jli/libjli.so
7f91ecb6e000-7f91ecd6d000 ---p 0000d000 08:05 662895                     /usr/lib/jvm/java-7-openjdk/jre/lib/amd64/jli/libjli.so
7f91ecd6d000-7f91ecd6e000 rw-p 0000c000 08:05 662895                     /usr/lib/jvm/java-7-openjdk/jre/lib/amd64/jli/libjli.so
7f91ecd6e000-7f91ecd86000 r-xp 00000000 08:05 527440                     /usr/lib/libpthread-2.21.so
7f91ecd86000-7f91ecf85000 ---p 00018000 08:05 527440                     /usr/lib/libpthread-2.21.so
7f91ecf85000-7f91ecf86000 r--p 00017000 08:05 527440                     /usr/lib/libpthread-2.21.so
7f91ecf86000-7f91ecf87000 rw-p 00018000 08:05 527440                     /usr/lib/libpthread-2.21.so
7f91ecf87000-7f91ecf8b000 rw-p 00000000 00:00 0 
7f91ecf8b000-7f91ecfad000 r-xp 00000000 08:05 527486                     /usr/lib/ld-2.21.so
7f91ecfb1000-7f91ecfc0000 r--s 000dd000 08:07 1445658                    /home/fuji/Android/Sdk/build-tools/22.0.1/lib/dx.jar
7f91ecfc0000-7f91ecfca000 rw-p 00000000 00:00 0 
7f91ecfca000-7f91ed080000 rw-p 00000000 00:00 0 
7f91ed080000-7f91ed083000 ---p 00000000 00:00 0 
7f91ed083000-7f91ed185000 rw-p 00000000 00:00 0                          [stack:21576]
7f91ed188000-7f91ed1a1000 rw-p 00000000 00:00 0 
7f91ed1a1000-7f91ed1a9000 rw-s 00000000 00:20 160982                     /tmp/hsperfdata_fuji/21570
7f91ed1a9000-7f91ed1aa000 rw-p 00000000 00:00 0 
7f91ed1aa000-7f91ed1ab000 ---p 00000000 00:00 0 
7f91ed1ab000-7f91ed1ac000 rw-p 00000000 00:00 0 
7f91ed1ac000-7f91ed1ad000 r--p 00021000 08:05 527486                     /usr/lib/ld-2.21.so
7f91ed1ad000-7f91ed1ae000 rw-p 00022000 08:05 527486                     /usr/lib/ld-2.21.so
7f91ed1ae000-7f91ed1af000 rw-p 00000000 00:00 0 
7ffc1d173000-7ffc1d194000 rw-p 00000000 00:00 0                          [stack]
7ffc1d1f7000-7ffc1d1f9000 r--p 00000000 00:00 0                          [vvar]
7ffc1d1f9000-7ffc1d1fb000 r-xp 00000000 00:00 0                          [vdso]
ffffffffff600000-ffffffffff601000 r-xp 00000000 00:00 0                  [vsyscall]

VM Arguments:
jvm_args: -Xmx1024M -Dfile.encoding=UTF-8 -Duser.country=PL -Duser.language=pl -Duser.variant 
java_command: com.android.dx.command.Main --dex --output /home/fuji/AndroidStudioProjects/TirtClient/app/build/intermediates/dex/debug /home/fuji/AndroidStudioProjects/TirtClient/app/build/intermediates/classes/debug /home/fuji/AndroidStudioProjects/TirtClient/app/build/intermediates/pre-dexed/debug/support-annotations-22.0.0-1bacd4c40a1edbf59152ba5967529bd32ac8b83c.jar /home/fuji/AndroidStudioProjects/TirtClient/app/build/intermediates/pre-dexed/debug/parceler-api-0.2.13-bd941fa107d444aa06be57251de292f3c9d8f081.jar /home/fuji/AndroidStudioProjects/TirtClient/app/build/intermediates/pre-dexed/debug/retrofit-1.9.0-bcd39b2f4757d4351294845224e7fa19d266eb0f.jar /home/fuji/AndroidStudioProjects/TirtClient/app/build/intermediates/pre-dexed/debug/gson-2.3.1-62bfe5509cab5ac7bc7f77c928d17902a726cae5.jar /home/fuji/AndroidStudioProjects/TirtClient/app/build/intermediates/pre-dexed/debug/internal_impl-22.0.0-9d46a6ccdb8046c490ec844999063d36756bc986.jar /home/fuji/AndroidStudioProjects/TirtClient/app/build/intermediates/pre-dexed/debug/classes-ca3b53baa58dc619427638534e82cee7f924bef3.jar /home/fuji/AndroidStudioProjects/TirtClient/app/build/intermediates/pre-dexed/debug/classes-7cff51fc019965de3d29840091ccba743ff63d40.jar /home/fuji/AndroidStudioProjects/TirtClient/app/build/intermediates/pre-dexed/debug/parceler-0.2.13-12d65998d4da0f2b2176969d116c8b0a6efde306.jar
Launcher Type: SUN_STANDARD

Environment Variables:
PATH=~/.gem/ruby/2.1.0/bin/:~/.gem/ruby/2.1.0/gems/bundler-1.6.3/bin/:/usr/local/sbin:/usr/local/bin:/usr/bin:/usr/lib/jvm/default/bin:/usr/bin/site_perl:/usr/bin/vendor_perl:/usr/bin/core_perl:/home/fuji/.rvm/bin
LD_LIBRARY_PATH=.:
SHELL=/usr/bin/zsh
DISPLAY=:0

Signal Handlers:
SIGSEGV: [libjvm.so+0x989390], sa_mask[0]=0x7ffbfeff, sa_flags=0x10000004
SIGBUS: [libjvm.so+0x989390], sa_mask[0]=0x7ffbfeff, sa_flags=0x10000004
SIGFPE: [libjvm.so+0x7f74d0], sa_mask[0]=0x7ffbfeff, sa_flags=0x10000004
SIGPIPE: [libjvm.so+0x7f74d0], sa_mask[0]=0x7ffbfeff, sa_flags=0x10000004
SIGXFSZ: [libjvm.so+0x7f74d0], sa_mask[0]=0x7ffbfeff, sa_flags=0x10000004
SIGILL: [libjvm.so+0x7f74d0], sa_mask[0]=0x7ffbfeff, sa_flags=0x10000004
SIGUSR1: SIG_DFL, sa_mask[0]=0x00000000, sa_flags=0x00000000
SIGUSR2: [libjvm.so+0x7f7350], sa_mask[0]=0x00000004, sa_flags=0x10000004
SIGHUP: [libjvm.so+0x7f7550], sa_mask[0]=0x7ffbfeff, sa_flags=0x10000004
SIGINT: [libjvm.so+0x7f7550], sa_mask[0]=0x7ffbfeff, sa_flags=0x10000004
SIGTERM: [libjvm.so+0x7f7550], sa_mask[0]=0x7ffbfeff, sa_flags=0x10000004
SIGQUIT: [libjvm.so+0x7f7550], sa_mask[0]=0x7ffbfeff, sa_flags=0x10000004
SIGTRAP: SIG_DFL, sa_mask[0]=0x00000000, sa_flags=0x00000000


---------------  S Y S T E M  ---------------

OS:Linux
uname:Linux 4.0.2-1-ARCH #1 SMP PREEMPT Thu May 7 06:47:54 CEST 2015 x86_64
libc:glibc 2.21 NPTL 2.21 
rlimit: STACK 8192k, CORE 0k, NPROC 15803, NOFILE 4096, AS infinity
load average:0,55 0,53 0,67

/proc/meminfo:
MemTotal:        4051052 kB
MemFree:          106316 kB
MemAvailable:      49276 kB
Buffers:            1600 kB
Cached:           812112 kB
SwapCached:            0 kB
Active:          2976464 kB
Inactive:         671396 kB
Active(anon):    2963552 kB
Inactive(anon):   651544 kB
Active(file):      12912 kB
Inactive(file):    19852 kB
Unevictable:           0 kB
Mlocked:               0 kB
SwapTotal:             0 kB
SwapFree:              0 kB
Dirty:              1304 kB
Writeback:             0 kB
AnonPages:       2834180 kB
Mapped:           178268 kB
Shmem:            780952 kB
Slab:              49304 kB
SReclaimable:      22084 kB
SUnreclaim:        27220 kB
KernelStack:        3728 kB
PageTables:        11772 kB
NFS_Unstable:          0 kB
Bounce:                0 kB
WritebackTmp:          0 kB
CommitLimit:     2025524 kB
Committed_AS:    5101184 kB
VmallocTotal:   34359738367 kB
VmallocUsed:       78208 kB
VmallocChunk:   34359654900 kB
HardwareCorrupted:     0 kB
AnonHugePages:    876544 kB
HugePages_Total:       0
HugePages_Free:        0
HugePages_Rsvd:        0
HugePages_Surp:        0
Hugepagesize:       2048 kB
DirectMap4k:     1958720 kB
DirectMap2M:     2234368 kB


CPU:total 2 (2 cores per cpu, 1 threads per core) family 6 model 23 stepping 10, cmov, cx8, fxsr, mmx, sse, sse2, sse3, ssse3, sse4.1, tsc

/proc/cpuinfo:
processor	: 0
vendor_id	: GenuineIntel
cpu family	: 6
model		: 23
model name	: Intel(R) Core(TM)2 Duo CPU     E8500  @ 3.16GHz
stepping	: 10
microcode	: 0xa07
cpu MHz		: 3165.000
cache size	: 6144 KB
physical id	: 0
siblings	: 2
core id		: 0
cpu cores	: 2
apicid		: 0
initial apicid	: 0
fpu		: yes
fpu_exception	: yes
cpuid level	: 13
wp		: yes
flags		: fpu vme de pse tsc msr pae mce cx8 apic sep mtrr pge mca cmov pat pse36 clflush dts acpi mmx fxsr sse sse2 ss ht tm pbe syscall nx lm constant_tsc arch_perfmon pebs bts rep_good nopl aperfmperf pni dtes64 monitor ds_cpl vmx smx est tm2 ssse3 cx16 xtpr pdcm sse4_1 xsave lahf_lm dtherm tpr_shadow vnmi flexpriority
bugs		:
bogomips	: 6335.24
clflush size	: 64
cache_alignment	: 64
address sizes	: 36 bits physical, 48 bits virtual
power management:

processor	: 1
vendor_id	: GenuineIntel
cpu family	: 6
model		: 23
model name	: Intel(R) Core(TM)2 Duo CPU     E8500  @ 3.16GHz
stepping	: 10
microcode	: 0xa07
cpu MHz		: 3165.000
cache size	: 6144 KB
physical id	: 0
siblings	: 2
core id		: 1
cpu cores	: 2
apicid		: 1
initial apicid	: 1
fpu		: yes
fpu_exception	: yes
cpuid level	: 13
wp		: yes
flags		: fpu vme de pse tsc msr pae mce cx8 apic sep mtrr pge mca cmov pat pse36 clflush dts acpi mmx fxsr sse sse2 ss ht tm pbe syscall nx lm constant_tsc arch_perfmon pebs bts rep_good nopl aperfmperf pni dtes64 monitor ds_cpl vmx smx est tm2 ssse3 cx16 xtpr pdcm sse4_1 xsave lahf_lm dtherm tpr_shadow vnmi flexpriority
bugs		:
bogomips	: 6335.24
clflush size	: 64
cache_alignment	: 64
address sizes	: 36 bits physical, 48 bits virtual
power management:



Memory: 4k page, physical 4051052k(106316k free), swap 0k(0k free)

vm_info: OpenJDK 64-Bit Server VM (24.79-b02) for linux-amd64 JRE (1.7.0_79-b14), built on Apr 15 2015 12:42:59 by "builduser" with gcc 4.9.2 20150304 (prerelease)

time: Sat May 16 21:28:51 2015
elapsed time: 4 seconds

