#
# There is insufficient memory for the Java Runtime Environment to continue.
# Native memory allocation (malloc) failed to allocate 57671680 bytes for committing reserved memory.
# Possible reasons:
#   The system is out of physical RAM or swap space
#   In 32 bit mode, the process size limit was hit
# Possible solutions:
#   Reduce memory load on the system
#   Increase physical memory or swap space
#   Check if swap backing store is full
#   Use 64 bit Java on a 64 bit OS
#   Decrease Java heap size (-Xmx/-Xms)
#   Decrease number of Java threads
#   Decrease Java thread stack sizes (-Xss)
#   Set larger code cache with -XX:ReservedCodeCacheSize=
# This output file may be truncated or incomplete.
#
#  Out of Memory Error (os_linux.cpp:2809), pid=14531, tid=139800052360960
#
# JRE version: OpenJDK Runtime Environment (7.0_79-b14) (build 1.7.0_79-b14)
# Java VM: OpenJDK 64-Bit Server VM (24.79-b02 mixed mode linux-amd64 compressed oops)
# Derivative: IcedTea 2.5.5
# Distribution: Custom build (Wed Apr 15 12:39:15 UTC 2015)
# Failed to write core dump. Core dumps have been disabled. To enable core dumping, try "ulimit -c unlimited" before starting Java again
#

---------------  T H R E A D  ---------------

Current thread (0x00007f25c0070000):  VMThread [stack: 0x00007f25bc65e000,0x00007f25bc75f000] [id=14539]

Stack: [0x00007f25bc65e000,0x00007f25bc75f000],  sp=0x00007f25bc75d4e0,  free space=1021k
Native frames: (J=compiled Java code, j=interpreted, Vv=VM code, C=native code)
V  [libjvm.so+0x9888a6]
V  [libjvm.so+0x48eff2]
V  [libjvm.so+0x7fbf2b]
V  [libjvm.so+0x7f667e]
V  [libjvm.so+0x868ecb]
V  [libjvm.so+0x869d73]
V  [libjvm.so+0x86a48b]
V  [libjvm.so+0x865e99]
V  [libjvm.so+0x866678]
V  [libjvm.so+0x81e443]
V  [libjvm.so+0x98a172]
V  [libjvm.so+0x98ea07]
V  [libjvm.so+0x98cfeb]
V  [libjvm.so+0x98d696]
V  [libjvm.so+0x98db61]
V  [libjvm.so+0x7f8e72]

VM_Operation (0x00007f25c9fe3520): ParallelGCFailedAllocation, mode: safepoint, requested by thread 0x00007f25c0009800


---------------  P R O C E S S  ---------------

Java Threads: ( => current thread )
  0x00007f25c00a8800 JavaThread "Service Thread" daemon [_thread_blocked, id=14545, stack(0x00007f259feff000,0x00007f25a0000000)]
  0x00007f25c00a6800 JavaThread "C2 CompilerThread1" daemon [_thread_blocked, id=14544, stack(0x00007f25bc0e6000,0x00007f25bc1e7000)]
  0x00007f25c00a3800 JavaThread "C2 CompilerThread0" daemon [_thread_blocked, id=14543, stack(0x00007f25bc1e7000,0x00007f25bc2e8000)]
  0x00007f25c00a1800 JavaThread "Signal Dispatcher" daemon [_thread_blocked, id=14542, stack(0x00007f25bc2e8000,0x00007f25bc3e9000)]
  0x00007f25c0076800 JavaThread "Finalizer" daemon [_thread_blocked, id=14541, stack(0x00007f25bc45c000,0x00007f25bc55d000)]
  0x00007f25c0074800 JavaThread "Reference Handler" daemon [_thread_blocked, id=14540, stack(0x00007f25bc55d000,0x00007f25bc65e000)]
  0x00007f25c0009800 JavaThread "main" [_thread_blocked, id=14536, stack(0x00007f25c9ee4000,0x00007f25c9fe5000)]

Other Threads:
=>0x00007f25c0070000 VMThread [stack: 0x00007f25bc65e000,0x00007f25bc75f000] [id=14539]
  0x00007f25c00ab800 WatcherThread [stack: 0x00007f259fdfe000,0x00007f259feff000] [id=14546]

VM state:at safepoint (normal execution)

VM Mutex/Monitor currently owned by a thread:  ([mutex/lock_event])
[0x00007f25c0006ec0] Threads_lock - owner thread: 0x00007f25c0070000
[0x00007f25c00073c0] Heap_lock - owner thread: 0x00007f25c0009800

Heap
 PSYoungGen      total 35328K, used 2528K [0x00000000eaa80000, 0x00000000ecf80000, 0x0000000100000000)
  eden space 32768K, 0% used [0x00000000eaa80000,0x00000000eaa80000,0x00000000eca80000)
  from space 2560K, 98% used [0x00000000eca80000,0x00000000eccf8030,0x00000000ecd00000)
  to   space 2560K, 0% used [0x00000000ecd00000,0x00000000ecd00000,0x00000000ecf80000)
 ParOldGen       total 41984K, used 26895K [0x00000000c0000000, 0x00000000c2900000, 0x00000000eaa80000)
  object space 41984K, 64% used [0x00000000c0000000,0x00000000c1a43f80,0x00000000c2900000)
 PSPermGen       total 21504K, used 7317K [0x00000000b5a00000, 0x00000000b6f00000, 0x00000000c0000000)
  object space 21504K, 34% used [0x00000000b5a00000,0x00000000b6125408,0x00000000b6f00000)

Card table byte_map: [0x00007f25bfdac000,0x00007f25c0000000] byte_map_base: 0x00007f25bf7ff000

Polling page: 0x00007f25ca00e000

Code Cache  [0x00007f25c4143000, 0x00007f25c43b3000, 0x00007f25c7143000)
 total_blobs=529 nmethods=279 adapters=204 free_code_cache=48340Kb largest_free_block=49472640

Compilation events (10 events):
Event: 32,389 Thread 0x00007f25c00a3800 nmethod 275 0x00007f25c4204290 code [0x00007f25c42043c0, 0x00007f25c4204418]
Event: 32,389 Thread 0x00007f25c00a3800  276             java.lang.Integer::intValue (5 bytes)
Event: 32,389 Thread 0x00007f25c00a3800 nmethod 276 0x00007f25c420ab90 code [0x00007f25c420acc0, 0x00007f25c420ad18]
Event: 32,389 Thread 0x00007f25c00a3800  277             com.android.dex.util.Unsigned::compare (35 bytes)
Event: 32,389 Thread 0x00007f25c00a3800 nmethod 277 0x00007f25c420a990 code [0x00007f25c420aac0, 0x00007f25c420ab18]
Event: 32,389 Thread 0x00007f25c00a3800  278             com.android.dex.Leb128::readUnsignedLeb128 (69 bytes)
Event: 37,181 Thread 0x00007f25c00a3800 nmethod 278 0x00007f25c4211fd0 code [0x00007f25c4212160, 0x00007f25c4212738]
Event: 37,181 Thread 0x00007f25c00a6800 nmethod 273 0x00007f25c4214890 code [0x00007f25c42149e0, 0x00007f25c4214ab8]
Event: 37,243 Thread 0x00007f25c00a3800  280             com.android.dx.merge.DexMerger$IdMerger$UnsortedValue::compareTo (14 bytes)
Event: 37,243 Thread 0x00007f25c00a6800  279             com.android.dex.EncodedValueCodec::readUnsignedInt (86 bytes)

GC Heap History (9 events):
Event: 3,175 GC heap before
{Heap before GC invocations=1 (full 0):
 PSYoungGen      total 18944K, used 16384K [0x00000000eaa80000, 0x00000000ebf80000, 0x0000000100000000)
  eden space 16384K, 100% used [0x00000000eaa80000,0x00000000eba80000,0x00000000eba80000)
  from space 2560K, 0% used [0x00000000ebd00000,0x00000000ebd00000,0x00000000ebf80000)
  to   space 2560K, 0% used [0x00000000eba80000,0x00000000eba80000,0x00000000ebd00000)
 ParOldGen       total 41984K, used 0K [0x00000000c0000000, 0x00000000c2900000, 0x00000000eaa80000)
  object space 41984K, 0% used [0x00000000c0000000,0x00000000c0000000,0x00000000c2900000)
 PSPermGen       total 21504K, used 5221K [0x00000000b5a00000, 0x00000000b6f00000, 0x00000000c0000000)
  object space 21504K, 24% used [0x00000000b5a00000,0x00000000b5f19590,0x00000000b6f00000)
Event: 3,203 GC heap after
Heap after GC invocations=1 (full 0):
 PSYoungGen      total 18944K, used 2544K [0x00000000eaa80000, 0x00000000ebf80000, 0x0000000100000000)
  eden space 16384K, 0% used [0x00000000eaa80000,0x00000000eaa80000,0x00000000eba80000)
  from space 2560K, 99% used [0x00000000eba80000,0x00000000ebcfc028,0x00000000ebd00000)
  to   space 2560K, 0% used [0x00000000ebd00000,0x00000000ebd00000,0x00000000ebf80000)
 ParOldGen       total 41984K, used 1943K [0x00000000c0000000, 0x00000000c2900000, 0x00000000eaa80000)
  object space 41984K, 4% used [0x00000000c0000000,0x00000000c01e5d00,0x00000000c2900000)
 PSPermGen       total 21504K, used 5221K [0x00000000b5a00000, 0x00000000b6f00000, 0x00000000c0000000)
  object space 21504K, 24% used [0x00000000b5a00000,0x00000000b5f19590,0x00000000b6f00000)
}
Event: 3,994 GC heap before
{Heap before GC invocations=2 (full 0):
 PSYoungGen      total 18944K, used 17305K [0x00000000eaa80000, 0x00000000ebf80000, 0x0000000100000000)
  eden space 16384K, 90% used [0x00000000eaa80000,0x00000000eb8ea5f8,0x00000000eba80000)
  from space 2560K, 99% used [0x00000000eba80000,0x00000000ebcfc028,0x00000000ebd00000)
  to   space 2560K, 0% used [0x00000000ebd00000,0x00000000ebd00000,0x00000000ebf80000)
 ParOldGen       total 41984K, used 1943K [0x00000000c0000000, 0x00000000c2900000, 0x00000000eaa80000)
  object space 41984K, 4% used [0x00000000c0000000,0x00000000c01e5d00,0x00000000c2900000)
 PSPermGen       total 21504K, used 5655K [0x00000000b5a00000, 0x00000000b6f00000, 0x00000000c0000000)
  object space 21504K, 26% used [0x00000000b5a00000,0x00000000b5f85e50,0x00000000b6f00000)
Event: 4,014 GC heap after
Heap after GC invocations=2 (full 0):
 PSYoungGen      total 18944K, used 2528K [0x00000000eaa80000, 0x00000000ecf80000, 0x0000000100000000)
  eden space 16384K, 0% used [0x00000000eaa80000,0x00000000eaa80000,0x00000000eba80000)
  from space 2560K, 98% used [0x00000000ebd00000,0x00000000ebf78018,0x00000000ebf80000)
  to   space 2560K, 0% used [0x00000000eba80000,0x00000000eba80000,0x00000000ebd00000)
 ParOldGen       total 41984K, used 6842K [0x00000000c0000000, 0x00000000c2900000, 0x00000000eaa80000)
  object space 41984K, 16% used [0x00000000c0000000,0x00000000c06aea10,0x00000000c2900000)
 PSPermGen       total 21504K, used 5655K [0x00000000b5a00000, 0x00000000b6f00000, 0x00000000c0000000)
  object space 21504K, 26% used [0x00000000b5a00000,0x00000000b5f85e50,0x00000000b6f00000)
}
Event: 14,445 GC heap before
{Heap before GC invocations=3 (full 0):
 PSYoungGen      total 18944K, used 18912K [0x00000000eaa80000, 0x00000000ecf80000, 0x0000000100000000)
  eden space 16384K, 100% used [0x00000000eaa80000,0x00000000eba80000,0x00000000eba80000)
  from space 2560K, 98% used [0x00000000ebd00000,0x00000000ebf78018,0x00000000ebf80000)
  to   space 2560K, 0% used [0x00000000eba80000,0x00000000eba80000,0x00000000ebd00000)
 ParOldGen       total 41984K, used 6842K [0x00000000c0000000, 0x00000000c2900000, 0x00000000eaa80000)
  object space 41984K, 16% used [0x00000000c0000000,0x00000000c06aea10,0x00000000c2900000)
 PSPermGen       total 21504K, used 7226K [0x00000000b5a00000, 0x00000000b6f00000, 0x00000000c0000000)
  object space 21504K, 33% used [0x00000000b5a00000,0x00000000b610e838,0x00000000b6f00000)
Event: 15,311 GC heap after
Heap after GC invocations=3 (full 0):
 PSYoungGen      total 18944K, used 2544K [0x00000000eaa80000, 0x00000000ecf80000, 0x0000000100000000)
  eden space 16384K, 0% used [0x00000000eaa80000,0x00000000eaa80000,0x00000000eba80000)
  from space 2560K, 99% used [0x00000000eba80000,0x00000000ebcfc060,0x00000000ebd00000)
  to   space 2560K, 0% used [0x00000000ecd00000,0x00000000ecd00000,0x00000000ecf80000)
 ParOldGen       total 41984K, used 16636K [0x00000000c0000000, 0x00000000c2900000, 0x00000000eaa80000)
  object space 41984K, 39% used [0x00000000c0000000,0x00000000c103f280,0x00000000c2900000)
 PSPermGen       total 21504K, used 7226K [0x00000000b5a00000, 0x00000000b6f00000, 0x00000000c0000000)
  object space 21504K, 33% used [0x00000000b5a00000,0x00000000b610e838,0x00000000b6f00000)
}
Event: 27,696 GC heap before
{Heap before GC invocations=4 (full 0):
 PSYoungGen      total 18944K, used 18928K [0x00000000eaa80000, 0x00000000ecf80000, 0x0000000100000000)
  eden space 16384K, 100% used [0x00000000eaa80000,0x00000000eba80000,0x00000000eba80000)
  from space 2560K, 99% used [0x00000000eba80000,0x00000000ebcfc060,0x00000000ebd00000)
  to   space 2560K, 0% used [0x00000000ecd00000,0x00000000ecd00000,0x00000000ecf80000)
 ParOldGen       total 41984K, used 16636K [0x00000000c0000000, 0x00000000c2900000, 0x00000000eaa80000)
  object space 41984K, 39% used [0x00000000c0000000,0x00000000c103f280,0x00000000c2900000)
 PSPermGen       total 21504K, used 7275K [0x00000000b5a00000, 0x00000000b6f00000, 0x00000000c0000000)
  object space 21504K, 33% used [0x00000000b5a00000,0x00000000b611ade0,0x00000000b6f00000)
Event: 27,801 GC heap after
Heap after GC invocations=4 (full 0):
 PSYoungGen      total 35328K, used 2544K [0x00000000eaa80000, 0x00000000ecf80000, 0x0000000100000000)
  eden space 32768K, 0% used [0x00000000eaa80000,0x00000000eaa80000,0x00000000eca80000)
  from space 2560K, 99% used [0x00000000ecd00000,0x00000000ecf7c040,0x00000000ecf80000)
  to   space 2560K, 0% used [0x00000000eca80000,0x00000000eca80000,0x00000000ecd00000)
 ParOldGen       total 41984K, used 18965K [0x00000000c0000000, 0x00000000c2900000, 0x00000000eaa80000)
  object space 41984K, 45% used [0x00000000c0000000,0x00000000c1285780,0x00000000c2900000)
 PSPermGen       total 21504K, used 7275K [0x00000000b5a00000, 0x00000000b6f00000, 0x00000000c0000000)
  object space 21504K, 33% used [0x00000000b5a00000,0x00000000b611ade0,0x00000000b6f00000)
}
Event: 49,386 GC heap before
{Heap before GC invocations=5 (full 0):
 PSYoungGen      total 35328K, used 35312K [0x00000000eaa80000, 0x00000000ecf80000, 0x0000000100000000)
  eden space 32768K, 100% used [0x00000000eaa80000,0x00000000eca80000,0x00000000eca80000)
  from space 2560K, 99% used [0x00000000ecd00000,0x00000000ecf7c040,0x00000000ecf80000)
  to   space 2560K, 0% used [0x00000000eca80000,0x00000000eca80000,0x00000000ecd00000)
 ParOldGen       total 41984K, used 18965K [0x00000000c0000000, 0x00000000c2900000, 0x00000000eaa80000)
  object space 41984K, 45% used [0x00000000c0000000,0x00000000c1285780,0x00000000c2900000)
 PSPermGen       total 21504K, used 7317K [0x00000000b5a00000, 0x00000000b6f00000, 0x00000000c0000000)
  object space 21504K, 34% used [0x00000000b5a00000,0x00000000b6125408,0x00000000b6f00000)

Deoptimization events (6 events):
Event: 3,037 Thread 0x00007f25c0009800 Uncommon trap: reason=null_check action=make_not_entrant pc=0x00007f25c41c6a90 method=com.android.dx.rop.code.LocalItem.equals(Ljava/lang/Object;)Z @ 1
Event: 14,441 Thread 0x00007f25c0009800 Uncommon trap: reason=class_check action=maybe_recompile pc=0x00007f25c41f17c4 method=com.android.dex.Leb128.readUnsignedLeb128(Lcom/android/dex/util/ByteInput;)I @ 5
Event: 14,442 Thread 0x00007f25c0009800 Uncommon trap: reason=class_check action=maybe_recompile pc=0x00007f25c41f17c4 method=com.android.dex.Leb128.readUnsignedLeb128(Lcom/android/dex/util/ByteInput;)I @ 5
Event: 14,442 Thread 0x00007f25c0009800 Uncommon trap: reason=class_check action=maybe_recompile pc=0x00007f25c41f17c4 method=com.android.dex.Leb128.readUnsignedLeb128(Lcom/android/dex/util/ByteInput;)I @ 5
Event: 14,442 Thread 0x00007f25c0009800 Uncommon trap: reason=class_check action=maybe_recompile pc=0x00007f25c41f17c4 method=com.android.dex.Leb128.readUnsignedLeb128(Lcom/android/dex/util/ByteInput;)I @ 5
Event: 23,187 Thread 0x00007f25c0009800 Uncommon trap: reason=predicate action=maybe_recompile pc=0x00007f25c41fe46c method=com.android.dex.Leb128.readUnsignedLeb128(Lcom/android/dex/util/ByteInput;)I @ 41

Internal exceptions (10 events):
Event: 11,696 Thread 0x00007f25c0009800 Threw 0x00000000eb6917a8 at /build/java7-openjdk/src/icedtea-2.5.5/openjdk/hotspot/src/share/vm/prims/jvm.cpp:1284
Event: 11,698 Thread 0x00007f25c0009800 Threw 0x00000000eb698b20 at /build/java7-openjdk/src/icedtea-2.5.5/openjdk/hotspot/src/share/vm/prims/jvm.cpp:1284
Event: 11,699 Thread 0x00007f25c0009800 Threw 0x00000000eb69ab78 at /build/java7-openjdk/src/icedtea-2.5.5/openjdk/hotspot/src/share/vm/prims/jvm.cpp:1284
Event: 11,797 Thread 0x00007f25c0009800 Threw 0x00000000eb73bc50 at /build/java7-openjdk/src/icedtea-2.5.5/openjdk/hotspot/src/share/vm/prims/jvm.cpp:1284
Event: 11,797 Thread 0x00007f25c0009800 Threw 0x00000000eb73bd78 at /build/java7-openjdk/src/icedtea-2.5.5/openjdk/hotspot/src/share/vm/prims/jvm.cpp:1284
Event: 11,797 Thread 0x00007f25c0009800 Threw 0x00000000eb73e1c0 at /build/java7-openjdk/src/icedtea-2.5.5/openjdk/hotspot/src/share/vm/prims/jvm.cpp:1284
Event: 11,797 Thread 0x00007f25c0009800 Threw 0x00000000eb73e2e8 at /build/java7-openjdk/src/icedtea-2.5.5/openjdk/hotspot/src/share/vm/prims/jvm.cpp:1284
Event: 11,797 Thread 0x00007f25c0009800 Threw 0x00000000eb73ec70 at /build/java7-openjdk/src/icedtea-2.5.5/openjdk/hotspot/src/share/vm/prims/jvm.cpp:1284
Event: 11,797 Thread 0x00007f25c0009800 Threw 0x00000000eb73ed98 at /build/java7-openjdk/src/icedtea-2.5.5/openjdk/hotspot/src/share/vm/prims/jvm.cpp:1284
Event: 27,418 Thread 0x00007f25c0009800 Threw 0x00000000eb7a31a8 at /build/java7-openjdk/src/icedtea-2.5.5/openjdk/hotspot/src/share/vm/prims/jvm.cpp:1284

Events (10 events):
Event: 23,187 Thread 0x00007f25c0009800 Uncommon trap: trap_request=0xffffff86 fr.pc=0x00007f25c41fe46c
Event: 23,187 Thread 0x00007f25c0009800 DEOPT PACKING pc=0x00007f25c41fe46c sp=0x00007f25c9fe3210
Event: 23,187 Thread 0x00007f25c0009800 DEOPT UNPACKING pc=0x00007f25c417c045 sp=0x00007f25c9fe31d8 mode 2
Event: 27,323 loading class 0x00007f25c01bc080
Event: 27,350 loading class 0x00007f25c01bc080 done
Event: 27,696 Executing VM operation: ParallelGCFailedAllocation
Event: 27,878 Executing VM operation: ParallelGCFailedAllocation done
Event: 37,589 loading class 0x00007f25c40a6b90
Event: 37,936 loading class 0x00007f25c40a6b90 done
Event: 47,398 Executing VM operation: ParallelGCFailedAllocation


Dynamic libraries:
00400000-00401000 r-xp 00000000 08:05 555982                             /usr/lib/jvm/java-7-openjdk/jre/bin/java
00600000-00601000 rw-p 00000000 08:05 555982                             /usr/lib/jvm/java-7-openjdk/jre/bin/java
01239000-0125a000 rw-p 00000000 00:00 0                                  [heap]
b5a00000-b6f00000 rw-p 00000000 00:00 0 
b6f00000-c0000000 rw-p 00000000 00:00 0 
c0000000-c2900000 rw-p 00000000 00:00 0 
c2900000-eaa80000 rw-p 00000000 00:00 0 
eaa80000-ecf80000 rw-p 00000000 00:00 0 
f0680000-100000000 rw-p 00000000 00:00 0 
7f2590000000-7f259020c000 rw-p 00000000 00:00 0 
7f259020c000-7f2594000000 ---p 00000000 00:00 0 
7f2594000000-7f2594021000 rw-p 00000000 00:00 0 
7f2594021000-7f2598000000 ---p 00000000 00:00 0 
7f2598000000-7f2598021000 rw-p 00000000 00:00 0 
7f2598021000-7f259c000000 ---p 00000000 00:00 0 
7f259e865000-7f259e8d3000 r-xp 00000000 08:05 530783                     /usr/lib/libpcre.so.1.2.5
7f259e8d3000-7f259ead3000 ---p 0006e000 08:05 530783                     /usr/lib/libpcre.so.1.2.5
7f259ead3000-7f259ead4000 r--p 0006e000 08:05 530783                     /usr/lib/libpcre.so.1.2.5
7f259ead4000-7f259ead5000 rw-p 0006f000 08:05 530783                     /usr/lib/libpcre.so.1.2.5
7f259ead5000-7f259eadd000 r-xp 00000000 08:05 535290                     /usr/lib/libffi.so.6.0.4
7f259eadd000-7f259ecdc000 ---p 00008000 08:05 535290                     /usr/lib/libffi.so.6.0.4
7f259ecdc000-7f259ecdd000 r--p 00007000 08:05 535290                     /usr/lib/libffi.so.6.0.4
7f259ecdd000-7f259ecde000 rw-p 00008000 08:05 535290                     /usr/lib/libffi.so.6.0.4
7f259ecde000-7f259ecf2000 r-xp 00000000 08:05 527352                     /usr/lib/libresolv-2.21.so
7f259ecf2000-7f259eef1000 ---p 00014000 08:05 527352                     /usr/lib/libresolv-2.21.so
7f259eef1000-7f259eef2000 r--p 00013000 08:05 527352                     /usr/lib/libresolv-2.21.so
7f259eef2000-7f259eef3000 rw-p 00014000 08:05 527352                     /usr/lib/libresolv-2.21.so
7f259eef3000-7f259eef5000 rw-p 00000000 00:00 0 
7f259eef5000-7f259eef8000 r-xp 00000000 08:05 535373                     /usr/lib/libgmodule-2.0.so.0.4400.0
7f259eef8000-7f259f0f7000 ---p 00003000 08:05 535373                     /usr/lib/libgmodule-2.0.so.0.4400.0
7f259f0f7000-7f259f0f8000 r--p 00002000 08:05 535373                     /usr/lib/libgmodule-2.0.so.0.4400.0
7f259f0f8000-7f259f0f9000 rw-p 00003000 08:05 535373                     /usr/lib/libgmodule-2.0.so.0.4400.0
7f259f0f9000-7f259f205000 r-xp 00000000 08:05 535372                     /usr/lib/libglib-2.0.so.0.4400.0
7f259f205000-7f259f404000 ---p 0010c000 08:05 535372                     /usr/lib/libglib-2.0.so.0.4400.0
7f259f404000-7f259f405000 r--p 0010b000 08:05 535372                     /usr/lib/libglib-2.0.so.0.4400.0
7f259f405000-7f259f406000 rw-p 0010c000 08:05 535372                     /usr/lib/libglib-2.0.so.0.4400.0
7f259f406000-7f259f407000 rw-p 00000000 00:00 0 
7f259f407000-7f259f456000 r-xp 00000000 08:05 535375                     /usr/lib/libgobject-2.0.so.0.4400.0
7f259f456000-7f259f656000 ---p 0004f000 08:05 535375                     /usr/lib/libgobject-2.0.so.0.4400.0
7f259f656000-7f259f657000 r--p 0004f000 08:05 535375                     /usr/lib/libgobject-2.0.so.0.4400.0
7f259f657000-7f259f658000 rw-p 00050000 08:05 535375                     /usr/lib/libgobject-2.0.so.0.4400.0
7f259f658000-7f259f7ce000 r-xp 00000000 08:05 535376                     /usr/lib/libgio-2.0.so.0.4400.0
7f259f7ce000-7f259f9ce000 ---p 00176000 08:05 535376                     /usr/lib/libgio-2.0.so.0.4400.0
7f259f9ce000-7f259f9d2000 r--p 00176000 08:05 535376                     /usr/lib/libgio-2.0.so.0.4400.0
7f259f9d2000-7f259f9d4000 rw-p 0017a000 08:05 535376                     /usr/lib/libgio-2.0.so.0.4400.0
7f259f9d4000-7f259f9d6000 rw-p 00000000 00:00 0 
7f259f9d6000-7f259f9ed000 r-xp 00000000 08:05 555956                     /usr/lib/jvm/java-7-openjdk/jre/lib/amd64/libnet.so
7f259f9ed000-7f259fbec000 ---p 00017000 08:05 555956                     /usr/lib/jvm/java-7-openjdk/jre/lib/amd64/libnet.so
7f259fbec000-7f259fbed000 rw-p 00016000 08:05 555956                     /usr/lib/jvm/java-7-openjdk/jre/lib/amd64/libnet.so
7f259fbed000-7f259fbfd000 r-xp 00000000 08:05 555957                     /usr/lib/jvm/java-7-openjdk/jre/lib/amd64/libnio.so
7f259fbfd000-7f259fdfd000 ---p 00010000 08:05 555957                     /usr/lib/jvm/java-7-openjdk/jre/lib/amd64/libnio.so
7f259fdfd000-7f259fdfe000 rw-p 00010000 08:05 555957                     /usr/lib/jvm/java-7-openjdk/jre/lib/amd64/libnio.so
7f259fdfe000-7f259fdff000 ---p 00000000 00:00 0 
7f259fdff000-7f259feff000 rw-p 00000000 00:00 0                          [stack:14546]
7f259feff000-7f259ff02000 ---p 00000000 00:00 0 
7f259ff02000-7f25a0000000 rw-p 00000000 00:00 0                          [stack:14545]
7f25a0000000-7f25a0021000 rw-p 00000000 00:00 0 
7f25a0021000-7f25a4000000 ---p 00000000 00:00 0 
7f25a4000000-7f25a4312000 rw-p 00000000 00:00 0 
7f25a4312000-7f25a8000000 ---p 00000000 00:00 0 
7f25a8000000-7f25a8021000 rw-p 00000000 00:00 0 
7f25a8021000-7f25ac000000 ---p 00000000 00:00 0 
7f25ac000000-7f25ac021000 rw-p 00000000 00:00 0 
7f25ac021000-7f25b0000000 ---p 00000000 00:00 0 
7f25b0000000-7f25b0021000 rw-p 00000000 00:00 0 
7f25b0021000-7f25b4000000 ---p 00000000 00:00 0 
7f25b4000000-7f25b4030000 rw-p 00000000 00:00 0 
7f25b4030000-7f25b8000000 ---p 00000000 00:00 0 
7f25b8000000-7f25b8021000 rw-p 00000000 00:00 0 
7f25b8021000-7f25bc000000 ---p 00000000 00:00 0 
7f25bc0bc000-7f25bc0e1000 r--p 00000000 08:05 527348                     /usr/share/locale/pl/LC_MESSAGES/libc.mo
7f25bc0e1000-7f25bc0e6000 r--s 0004d000 08:05 555059                     /usr/lib/jvm/java-7-openjdk/jre/lib/jsse.jar
7f25bc0e6000-7f25bc0e9000 ---p 00000000 00:00 0 
7f25bc0e9000-7f25bc1e7000 rw-p 00000000 00:00 0                          [stack:14544]
7f25bc1e7000-7f25bc1ea000 ---p 00000000 00:00 0 
7f25bc1ea000-7f25bc2e8000 rw-p 00000000 00:00 0                          [stack:14543]
7f25bc2e8000-7f25bc2eb000 ---p 00000000 00:00 0 
7f25bc2eb000-7f25bc3e9000 rw-p 00000000 00:00 0                          [stack:14542]
7f25bc3e9000-7f25bc45c000 r--p 00000000 08:05 527780                     /usr/lib/locale/locale-archive
7f25bc45c000-7f25bc45f000 ---p 00000000 00:00 0 
7f25bc45f000-7f25bc55d000 rw-p 00000000 00:00 0                          [stack:14541]
7f25bc55d000-7f25bc560000 ---p 00000000 00:00 0 
7f25bc560000-7f25bc65e000 rw-p 00000000 00:00 0                          [stack:14540]
7f25bc65e000-7f25bc65f000 ---p 00000000 00:00 0 
7f25bc65f000-7f25bd0aa000 rw-p 00000000 00:00 0                          [stack:14539]
7f25bd0aa000-7f25bd25b000 r--s 01d27000 08:05 555057                     /usr/lib/jvm/java-7-openjdk/jre/lib/rt.jar
7f25bd25b000-7f25bfa54000 rw-p 00000000 00:00 0 
7f25bfa54000-7f25bfa55000 ---p 00000000 00:00 0 
7f25bfa55000-7f25bfb55000 rw-p 00000000 00:00 0                          [stack:14538]
7f25bfb55000-7f25bfb56000 ---p 00000000 00:00 0 
7f25bfb56000-7f25bfc6b000 rw-p 00000000 00:00 0                          [stack:14537]
7f25bfc6b000-7f25bfdac000 rw-p 00000000 00:00 0 
7f25bfdac000-7f25bfdb7000 rw-p 00000000 00:00 0 
7f25bfdb7000-7f25bfdff000 rw-p 00000000 00:00 0 
7f25bfdff000-7f25bfe14000 rw-p 00000000 00:00 0 
7f25bfe14000-7f25bff54000 rw-p 00000000 00:00 0 
7f25bff54000-7f25bff67000 rw-p 00000000 00:00 0 
7f25bff67000-7f25bffff000 rw-p 00000000 00:00 0 
7f25bffff000-7f25c0000000 rw-p 00000000 00:00 0 
7f25c0000000-7f25c0212000 rw-p 00000000 00:00 0 
7f25c0212000-7f25c4000000 ---p 00000000 00:00 0 
7f25c4003000-7f25c40fb000 rw-p 00000000 00:00 0 
7f25c40fb000-7f25c4143000 rw-p 00000000 00:00 0 
7f25c4143000-7f25c43b3000 rwxp 00000000 00:00 0 
7f25c43b3000-7f25c7143000 rw-p 00000000 00:00 0 
7f25c7143000-7f25c714b000 r-xp 00000000 08:05 555955                     /usr/lib/jvm/java-7-openjdk/jre/lib/amd64/libzip.so
7f25c714b000-7f25c734a000 ---p 00008000 08:05 555955                     /usr/lib/jvm/java-7-openjdk/jre/lib/amd64/libzip.so
7f25c734a000-7f25c734b000 rw-p 00007000 08:05 555955                     /usr/lib/jvm/java-7-openjdk/jre/lib/amd64/libzip.so
7f25c734b000-7f25c7356000 r-xp 00000000 08:05 527356                     /usr/lib/libnss_files-2.21.so
7f25c7356000-7f25c7556000 ---p 0000b000 08:05 527356                     /usr/lib/libnss_files-2.21.so
7f25c7556000-7f25c7557000 r--p 0000b000 08:05 527356                     /usr/lib/libnss_files-2.21.so
7f25c7557000-7f25c7558000 rw-p 0000c000 08:05 527356                     /usr/lib/libnss_files-2.21.so
7f25c7558000-7f25c7584000 r-xp 00000000 08:05 555954                     /usr/lib/jvm/java-7-openjdk/jre/lib/amd64/libjava.so
7f25c7584000-7f25c7783000 ---p 0002c000 08:05 555954                     /usr/lib/jvm/java-7-openjdk/jre/lib/amd64/libjava.so
7f25c7783000-7f25c7785000 rw-p 0002b000 08:05 555954                     /usr/lib/jvm/java-7-openjdk/jre/lib/amd64/libjava.so
7f25c7785000-7f25c7792000 r-xp 00000000 08:05 555953                     /usr/lib/jvm/java-7-openjdk/jre/lib/amd64/libverify.so
7f25c7792000-7f25c7991000 ---p 0000d000 08:05 555953                     /usr/lib/jvm/java-7-openjdk/jre/lib/amd64/libverify.so
7f25c7991000-7f25c7993000 rw-p 0000c000 08:05 555953                     /usr/lib/jvm/java-7-openjdk/jre/lib/amd64/libverify.so
7f25c7993000-7f25c799a000 r-xp 00000000 08:05 527442                     /usr/lib/librt-2.21.so
7f25c799a000-7f25c7b99000 ---p 00007000 08:05 527442                     /usr/lib/librt-2.21.so
7f25c7b99000-7f25c7b9a000 r--p 00006000 08:05 527442                     /usr/lib/librt-2.21.so
7f25c7b9a000-7f25c7b9b000 rw-p 00007000 08:05 527442                     /usr/lib/librt-2.21.so
7f25c7b9b000-7f25c7bb1000 r-xp 00000000 08:05 527804                     /usr/lib/libgcc_s.so.1
7f25c7bb1000-7f25c7db0000 ---p 00016000 08:05 527804                     /usr/lib/libgcc_s.so.1
7f25c7db0000-7f25c7db1000 rw-p 00015000 08:05 527804                     /usr/lib/libgcc_s.so.1
7f25c7db1000-7f25c7eb4000 r-xp 00000000 08:05 527491                     /usr/lib/libm-2.21.so
7f25c7eb4000-7f25c80b4000 ---p 00103000 08:05 527491                     /usr/lib/libm-2.21.so
7f25c80b4000-7f25c80b5000 r--p 00103000 08:05 527491                     /usr/lib/libm-2.21.so
7f25c80b5000-7f25c80b6000 rw-p 00104000 08:05 527491                     /usr/lib/libm-2.21.so
7f25c80b6000-7f25c81a6000 r-xp 00000000 08:05 527808                     /usr/lib/libstdc++.so.6.0.20
7f25c81a6000-7f25c83a6000 ---p 000f0000 08:05 527808                     /usr/lib/libstdc++.so.6.0.20
7f25c83a6000-7f25c83ae000 r--p 000f0000 08:05 527808                     /usr/lib/libstdc++.so.6.0.20
7f25c83ae000-7f25c83b0000 rw-p 000f8000 08:05 527808                     /usr/lib/libstdc++.so.6.0.20
7f25c83b0000-7f25c83c5000 rw-p 00000000 00:00 0 
7f25c83c5000-7f25c8f1a000 r-xp 00000000 08:05 662899                     /usr/lib/jvm/java-7-openjdk/jre/lib/amd64/server/libjvm.so
7f25c8f1a000-7f25c911a000 ---p 00b55000 08:05 662899                     /usr/lib/jvm/java-7-openjdk/jre/lib/amd64/server/libjvm.so
7f25c911a000-7f25c91dc000 rw-p 00b55000 08:05 662899                     /usr/lib/jvm/java-7-openjdk/jre/lib/amd64/server/libjvm.so
7f25c91dc000-7f25c9208000 rw-p 00000000 00:00 0 
7f25c9208000-7f25c921d000 r-xp 00000000 08:05 530530                     /usr/lib/libz.so.1.2.8
7f25c921d000-7f25c941c000 ---p 00015000 08:05 530530                     /usr/lib/libz.so.1.2.8
7f25c941c000-7f25c941d000 r--p 00014000 08:05 530530                     /usr/lib/libz.so.1.2.8
7f25c941d000-7f25c941e000 rw-p 00015000 08:05 530530                     /usr/lib/libz.so.1.2.8
7f25c941e000-7f25c95b7000 r-xp 00000000 08:05 527366                     /usr/lib/libc-2.21.so
7f25c95b7000-7f25c97b7000 ---p 00199000 08:05 527366                     /usr/lib/libc-2.21.so
7f25c97b7000-7f25c97bb000 r--p 00199000 08:05 527366                     /usr/lib/libc-2.21.so
7f25c97bb000-7f25c97bd000 rw-p 0019d000 08:05 527366                     /usr/lib/libc-2.21.so
7f25c97bd000-7f25c97c1000 rw-p 00000000 00:00 0 
7f25c97c1000-7f25c97c3000 r-xp 00000000 08:05 527458                     /usr/lib/libdl-2.21.so
7f25c97c3000-7f25c99c3000 ---p 00002000 08:05 527458                     /usr/lib/libdl-2.21.so
7f25c99c3000-7f25c99c4000 r--p 00002000 08:05 527458                     /usr/lib/libdl-2.21.so
7f25c99c4000-7f25c99c5000 rw-p 00003000 08:05 527458                     /usr/lib/libdl-2.21.so
7f25c99c5000-7f25c99d2000 r-xp 00000000 08:05 662895                     /usr/lib/jvm/java-7-openjdk/jre/lib/amd64/jli/libjli.so
7f25c99d2000-7f25c9bd1000 ---p 0000d000 08:05 662895                     /usr/lib/jvm/java-7-openjdk/jre/lib/amd64/jli/libjli.so
7f25c9bd1000-7f25c9bd2000 rw-p 0000c000 08:05 662895                     /usr/lib/jvm/java-7-openjdk/jre/lib/amd64/jli/libjli.so
7f25c9bd2000-7f25c9bea000 r-xp 00000000 08:05 527440                     /usr/lib/libpthread-2.21.so
7f25c9bea000-7f25c9de9000 ---p 00018000 08:05 527440                     /usr/lib/libpthread-2.21.so
7f25c9de9000-7f25c9dea000 r--p 00017000 08:05 527440                     /usr/lib/libpthread-2.21.so
7f25c9dea000-7f25c9deb000 rw-p 00018000 08:05 527440                     /usr/lib/libpthread-2.21.so
7f25c9deb000-7f25c9def000 rw-p 00000000 00:00 0 
7f25c9def000-7f25c9e11000 r-xp 00000000 08:05 527486                     /usr/lib/ld-2.21.so
7f25c9e15000-7f25c9e24000 r--s 000dd000 08:07 1445658                    /home/fuji/Android/Sdk/build-tools/22.0.1/lib/dx.jar
7f25c9e24000-7f25c9e2e000 rw-p 00000000 00:00 0 
7f25c9e2e000-7f25c9ee4000 rw-p 00000000 00:00 0 
7f25c9ee4000-7f25c9ee7000 ---p 00000000 00:00 0 
7f25c9ee7000-7f25c9fe9000 rw-p 00000000 00:00 0                          [stack:14536]
7f25c9fec000-7f25ca005000 rw-p 00000000 00:00 0 
7f25ca005000-7f25ca00d000 rw-s 00000000 00:20 107688                     /tmp/hsperfdata_fuji/14531
7f25ca00d000-7f25ca00e000 rw-p 00000000 00:00 0 
7f25ca00e000-7f25ca00f000 ---p 00000000 00:00 0 
7f25ca00f000-7f25ca010000 rw-p 00000000 00:00 0 
7f25ca010000-7f25ca011000 r--p 00021000 08:05 527486                     /usr/lib/ld-2.21.so
7f25ca011000-7f25ca012000 rw-p 00022000 08:05 527486                     /usr/lib/ld-2.21.so
7f25ca012000-7f25ca013000 rw-p 00000000 00:00 0 
7ffee3ec9000-7ffee3eea000 rw-p 00000000 00:00 0                          [stack]
7ffee3f94000-7ffee3f96000 r--p 00000000 00:00 0                          [vvar]
7ffee3f96000-7ffee3f98000 r-xp 00000000 00:00 0                          [vdso]
ffffffffff600000-ffffffffff601000 r-xp 00000000 00:00 0                  [vsyscall]

VM Arguments:
jvm_args: -Xmx1024M -Dfile.encoding=UTF-8 -Duser.country=PL -Duser.language=pl -Duser.variant 
java_command: com.android.dx.command.Main --dex --output /home/fuji/AndroidStudioProjects/TirtClient/app/build/intermediates/dex/debug /home/fuji/AndroidStudioProjects/TirtClient/app/build/intermediates/classes/debug /home/fuji/AndroidStudioProjects/TirtClient/app/build/intermediates/pre-dexed/debug/support-annotations-22.0.0-1bacd4c40a1edbf59152ba5967529bd32ac8b83c.jar /home/fuji/AndroidStudioProjects/TirtClient/app/build/intermediates/pre-dexed/debug/parceler-api-0.2.13-bd941fa107d444aa06be57251de292f3c9d8f081.jar /home/fuji/AndroidStudioProjects/TirtClient/app/build/intermediates/pre-dexed/debug/retrofit-1.9.0-bcd39b2f4757d4351294845224e7fa19d266eb0f.jar /home/fuji/AndroidStudioProjects/TirtClient/app/build/intermediates/pre-dexed/debug/gson-2.3.1-62bfe5509cab5ac7bc7f77c928d17902a726cae5.jar /home/fuji/AndroidStudioProjects/TirtClient/app/build/intermediates/pre-dexed/debug/internal_impl-22.0.0-9d46a6ccdb8046c490ec844999063d36756bc986.jar /home/fuji/AndroidStudioProjects/TirtClient/app/build/intermediates/pre-dexed/debug/classes-ca3b53baa58dc619427638534e82cee7f924bef3.jar /home/fuji/AndroidStudioProjects/TirtClient/app/build/intermediates/pre-dexed/debug/classes-7cff51fc019965de3d29840091ccba743ff63d40.jar /home/fuji/AndroidStudioProjects/TirtClient/app/build/intermediates/pre-dexed/debug/parceler-0.2.13-12d65998d4da0f2b2176969d116c8b0a6efde306.jar
Launcher Type: SUN_STANDARD

Environment Variables:
PATH=~/.gem/ruby/2.1.0/bin/:~/.gem/ruby/2.1.0/gems/bundler-1.6.3/bin/:/usr/local/sbin:/usr/local/bin:/usr/bin:/usr/lib/jvm/default/bin:/usr/bin/site_perl:/usr/bin/vendor_perl:/usr/bin/core_perl:/home/fuji/.rvm/bin
LD_LIBRARY_PATH=.:
SHELL=/usr/bin/zsh
DISPLAY=:0

Signal Handlers:
SIGSEGV: [libjvm.so+0x989390], sa_mask[0]=0x7ffbfeff, sa_flags=0x10000004
SIGBUS: [libjvm.so+0x989390], sa_mask[0]=0x7ffbfeff, sa_flags=0x10000004
SIGFPE: [libjvm.so+0x7f74d0], sa_mask[0]=0x7ffbfeff, sa_flags=0x10000004
SIGPIPE: [libjvm.so+0x7f74d0], sa_mask[0]=0x7ffbfeff, sa_flags=0x10000004
SIGXFSZ: [libjvm.so+0x7f74d0], sa_mask[0]=0x7ffbfeff, sa_flags=0x10000004
SIGILL: [libjvm.so+0x7f74d0], sa_mask[0]=0x7ffbfeff, sa_flags=0x10000004
SIGUSR1: SIG_DFL, sa_mask[0]=0x00000000, sa_flags=0x00000000
SIGUSR2: [libjvm.so+0x7f7350], sa_mask[0]=0x00000004, sa_flags=0x10000004
SIGHUP: [libjvm.so+0x7f7550], sa_mask[0]=0x7ffbfeff, sa_flags=0x10000004
SIGINT: [libjvm.so+0x7f7550], sa_mask[0]=0x7ffbfeff, sa_flags=0x10000004
SIGTERM: [libjvm.so+0x7f7550], sa_mask[0]=0x7ffbfeff, sa_flags=0x10000004
SIGQUIT: [libjvm.so+0x7f7550], sa_mask[0]=0x7ffbfeff, sa_flags=0x10000004
SIGTRAP: SIG_DFL, sa_mask[0]=0x00000000, sa_flags=0x00000000


---------------  S Y S T E M  ---------------

OS:Linux
uname:Linux 4.0.2-1-ARCH #1 SMP PREEMPT Thu May 7 06:47:54 CEST 2015 x86_64
libc:glibc 2.21 NPTL 2.21 
rlimit: STACK 8192k, CORE 0k, NPROC 15803, NOFILE 4096, AS infinity
load average:15,66 4,93 2,06

/proc/meminfo:
MemTotal:        4051052 kB
MemFree:          102824 kB
MemAvailable:      37212 kB
Buffers:             148 kB
Cached:           802064 kB
SwapCached:            0 kB
Active:          3010884 kB
Inactive:         663756 kB
Active(anon):    3008516 kB
Inactive(anon):   649560 kB
Active(file):       2368 kB
Inactive(file):    14196 kB
Unevictable:           0 kB
Mlocked:               0 kB
SwapTotal:             0 kB
SwapFree:              0 kB
Dirty:                 4 kB
Writeback:            12 kB
AnonPages:       2872776 kB
Mapped:           180564 kB
Shmem:            785300 kB
Slab:              43936 kB
SReclaimable:      21144 kB
SUnreclaim:        22792 kB
KernelStack:        3632 kB
PageTables:        12184 kB
NFS_Unstable:          0 kB
Bounce:                0 kB
WritebackTmp:          0 kB
CommitLimit:     2025524 kB
Committed_AS:    5259048 kB
VmallocTotal:   34359738367 kB
VmallocUsed:       78472 kB
VmallocChunk:   34359654268 kB
HardwareCorrupted:     0 kB
AnonHugePages:   1058816 kB
HugePages_Total:       0
HugePages_Free:        0
HugePages_Rsvd:        0
HugePages_Surp:        0
Hugepagesize:       2048 kB
DirectMap4k:     1088320 kB
DirectMap2M:     3104768 kB


CPU:total 2 (2 cores per cpu, 1 threads per core) family 6 model 23 stepping 10, cmov, cx8, fxsr, mmx, sse, sse2, sse3, ssse3, sse4.1, tsc

/proc/cpuinfo:
processor	: 0
vendor_id	: GenuineIntel
cpu family	: 6
model		: 23
model name	: Intel(R) Core(TM)2 Duo CPU     E8500  @ 3.16GHz
stepping	: 10
microcode	: 0xa07
cpu MHz		: 3165.000
cache size	: 6144 KB
physical id	: 0
siblings	: 2
core id		: 0
cpu cores	: 2
apicid		: 0
initial apicid	: 0
fpu		: yes
fpu_exception	: yes
cpuid level	: 13
wp		: yes
flags		: fpu vme de pse tsc msr pae mce cx8 apic sep mtrr pge mca cmov pat pse36 clflush dts acpi mmx fxsr sse sse2 ss ht tm pbe syscall nx lm constant_tsc arch_perfmon pebs bts rep_good nopl aperfmperf pni dtes64 monitor ds_cpl vmx smx est tm2 ssse3 cx16 xtpr pdcm sse4_1 xsave lahf_lm dtherm tpr_shadow vnmi flexpriority
bugs		:
bogomips	: 6335.24
clflush size	: 64
cache_alignment	: 64
address sizes	: 36 bits physical, 48 bits virtual
power management:

processor	: 1
vendor_id	: GenuineIntel
cpu family	: 6
model		: 23
model name	: Intel(R) Core(TM)2 Duo CPU     E8500  @ 3.16GHz
stepping	: 10
microcode	: 0xa07
cpu MHz		: 3165.000
cache size	: 6144 KB
physical id	: 0
siblings	: 2
core id		: 1
cpu cores	: 2
apicid		: 1
initial apicid	: 1
fpu		: yes
fpu_exception	: yes
cpuid level	: 13
wp		: yes
flags		: fpu vme de pse tsc msr pae mce cx8 apic sep mtrr pge mca cmov pat pse36 clflush dts acpi mmx fxsr sse sse2 ss ht tm pbe syscall nx lm constant_tsc arch_perfmon pebs bts rep_good nopl aperfmperf pni dtes64 monitor ds_cpl vmx smx est tm2 ssse3 cx16 xtpr pdcm sse4_1 xsave lahf_lm dtherm tpr_shadow vnmi flexpriority
bugs		:
bogomips	: 6335.24
clflush size	: 64
cache_alignment	: 64
address sizes	: 36 bits physical, 48 bits virtual
power management:



Memory: 4k page, physical 4051052k(102824k free), swap 0k(0k free)

vm_info: OpenJDK 64-Bit Server VM (24.79-b02) for linux-amd64 JRE (1.7.0_79-b14), built on Apr 15 2015 12:42:59 by "builduser" with gcc 4.9.2 20150304 (prerelease)

time: Sat May 16 16:04:04 2015
elapsed time: 71 seconds

