#
# There is insufficient memory for the Java Runtime Environment to continue.
# Native memory allocation (malloc) failed to allocate 71303168 bytes for committing reserved memory.
# Possible reasons:
#   The system is out of physical RAM or swap space
#   In 32 bit mode, the process size limit was hit
# Possible solutions:
#   Reduce memory load on the system
#   Increase physical memory or swap space
#   Check if swap backing store is full
#   Use 64 bit Java on a 64 bit OS
#   Decrease Java heap size (-Xmx/-Xms)
#   Decrease number of Java threads
#   Decrease Java thread stack sizes (-Xss)
#   Set larger code cache with -XX:ReservedCodeCacheSize=
# This output file may be truncated or incomplete.
#
#  Out of Memory Error (os_linux.cpp:2809), pid=20371, tid=139674237863680
#
# JRE version: OpenJDK Runtime Environment (7.0_79-b14) (build 1.7.0_79-b14)
# Java VM: OpenJDK 64-Bit Server VM (24.79-b02 mixed mode linux-amd64 compressed oops)
# Derivative: IcedTea 2.5.5
# Distribution: Custom build (Wed Apr 15 12:39:15 UTC 2015)
# Failed to write core dump. Core dumps have been disabled. To enable core dumping, try "ulimit -c unlimited" before starting Java again
#

---------------  T H R E A D  ---------------

Current thread (0x00007f086c070000):  VMThread [stack: 0x00007f0871450000,0x00007f0871551000] [id=20379]

Stack: [0x00007f0871450000,0x00007f0871551000],  sp=0x00007f087154f4e0,  free space=1021k
Native frames: (J=compiled Java code, j=interpreted, Vv=VM code, C=native code)
V  [libjvm.so+0x9888a6]
V  [libjvm.so+0x48eff2]
V  [libjvm.so+0x7fbf2b]
V  [libjvm.so+0x7f667e]
V  [libjvm.so+0x868ecb]
V  [libjvm.so+0x869d73]
V  [libjvm.so+0x86a48b]
V  [libjvm.so+0x865e99]
V  [libjvm.so+0x866678]
V  [libjvm.so+0x81e443]
V  [libjvm.so+0x98a172]
V  [libjvm.so+0x98ea07]
V  [libjvm.so+0x98cfeb]
V  [libjvm.so+0x98d696]
V  [libjvm.so+0x98db61]
V  [libjvm.so+0x7f8e72]

VM_Operation (0x00007f08758a22f0): ParallelGCFailedAllocation, mode: safepoint, requested by thread 0x00007f086c009800


---------------  P R O C E S S  ---------------

Java Threads: ( => current thread )
  0x00007f086c0a8800 JavaThread "Service Thread" daemon [_thread_blocked, id=20385, stack(0x00007f0870dd7000,0x00007f0870ed8000)]
  0x00007f086c0a6800 JavaThread "C2 CompilerThread1" daemon [_thread_blocked, id=20384, stack(0x00007f0870ed8000,0x00007f0870fd9000)]
  0x00007f086c0a3800 JavaThread "C2 CompilerThread0" daemon [_thread_blocked, id=20383, stack(0x00007f0870fd9000,0x00007f08710da000)]
  0x00007f086c0a1000 JavaThread "Signal Dispatcher" daemon [_thread_blocked, id=20382, stack(0x00007f08710da000,0x00007f08711db000)]
  0x00007f086c076800 JavaThread "Finalizer" daemon [_thread_blocked, id=20381, stack(0x00007f087124e000,0x00007f087134f000)]
  0x00007f086c074800 JavaThread "Reference Handler" daemon [_thread_blocked, id=20380, stack(0x00007f087134f000,0x00007f0871450000)]
  0x00007f086c009800 JavaThread "main" [_thread_blocked, id=20376, stack(0x00007f08757a3000,0x00007f08758a4000)]

Other Threads:
=>0x00007f086c070000 VMThread [stack: 0x00007f0871450000,0x00007f0871551000] [id=20379]
  0x00007f086c0ab000 WatcherThread [stack: 0x00007f0870cd6000,0x00007f0870dd7000] [id=20386]

VM state:at safepoint (normal execution)

VM Mutex/Monitor currently owned by a thread:  ([mutex/lock_event])
[0x00007f086c006ec0] Threads_lock - owner thread: 0x00007f086c070000
[0x00007f086c0073c0] Heap_lock - owner thread: 0x00007f086c009800

Heap
 PSYoungGen      total 78848K, used 12624K [0x00000000eaa80000, 0x00000000f0480000, 0x0000000100000000)
  eden space 65536K, 0% used [0x00000000eaa80000,0x00000000eaa80000,0x00000000eea80000)
  from space 13312K, 94% used [0x00000000eea80000,0x00000000ef6d4230,0x00000000ef780000)
  to   space 12800K, 0% used [0x00000000ef800000,0x00000000ef800000,0x00000000f0480000)
 ParOldGen       total 41984K, used 31009K [0x00000000c0000000, 0x00000000c2900000, 0x00000000eaa80000)
  object space 41984K, 73% used [0x00000000c0000000,0x00000000c1e487d8,0x00000000c2900000)
 PSPermGen       total 21504K, used 7336K [0x00000000b5a00000, 0x00000000b6f00000, 0x00000000c0000000)
  object space 21504K, 34% used [0x00000000b5a00000,0x00000000b612a0b0,0x00000000b6f00000)

Card table byte_map: [0x00007f08727ae000,0x00007f0872a02000] byte_map_base: 0x00007f0872201000

Polling page: 0x00007f08758cd000

Code Cache  [0x00007f0869000000, 0x00007f0869270000, 0x00007f086c000000)
 total_blobs=762 nmethods=512 adapters=204 free_code_cache=47774Kb largest_free_block=48868800

Compilation events (10 events):
Event: 3,229 Thread 0x00007f086c0a6800 nmethod 512 0x00007f0869150110 code [0x00007f0869150280, 0x00007f08691505d8]
Event: 3,229 Thread 0x00007f086c0a6800  513             com.android.dx.io.instructions.InstructionCodec$14::decode (53 bytes)
Event: 3,233 Thread 0x00007f086c0a6800 nmethod 513 0x00007f086914fc50 code [0x00007f086914fda0, 0x00007f086914ff78]
Event: 3,233 Thread 0x00007f086c0a6800  514             com.android.dx.io.instructions.InstructionCodec$14::encode (29 bytes)
Event: 3,236 Thread 0x00007f086c0a6800 nmethod 514 0x00007f086914db90 code [0x00007f086914dd00, 0x00007f086914df18]
Event: 3,238 Thread 0x00007f086c0a6800  515             com.android.dx.io.instructions.InstructionCodec$16::decode (58 bytes)
Event: 3,241 Thread 0x00007f086c0a6800 nmethod 515 0x00007f086914d690 code [0x00007f086914d7e0, 0x00007f086914d9d8]
Event: 3,242 Thread 0x00007f086c0a6800  516             com.android.dx.io.instructions.InstructionCodec$16::encode (37 bytes)
Event: 3,245 Thread 0x00007f086c0a6800 nmethod 516 0x00007f086914cf90 code [0x00007f086914d100, 0x00007f086914d338]
Event: 3,272 Thread 0x00007f086c0a3800 nmethod 504 0x00007f086915c610 code [0x00007f086915cbe0, 0x00007f0869160260]

GC Heap History (10 events):
Event: 1,305 GC heap after
Heap after GC invocations=2 (full 0):
 PSYoungGen      total 18944K, used 2537K [0x00000000eaa80000, 0x00000000ecf80000, 0x0000000100000000)
  eden space 16384K, 0% used [0x00000000eaa80000,0x00000000eaa80000,0x00000000eba80000)
  from space 2560K, 99% used [0x00000000ebd00000,0x00000000ebf7a4e8,0x00000000ebf80000)
  to   space 2560K, 0% used [0x00000000eba80000,0x00000000eba80000,0x00000000ebd00000)
 ParOldGen       total 41984K, used 6804K [0x00000000c0000000, 0x00000000c2900000, 0x00000000eaa80000)
  object space 41984K, 16% used [0x00000000c0000000,0x00000000c06a5230,0x00000000c2900000)
 PSPermGen       total 21504K, used 5656K [0x00000000b5a00000, 0x00000000b6f00000, 0x00000000c0000000)
  object space 21504K, 26% used [0x00000000b5a00000,0x00000000b5f86058,0x00000000b6f00000)
}
Event: 2,179 GC heap before
{Heap before GC invocations=3 (full 0):
 PSYoungGen      total 18944K, used 18921K [0x00000000eaa80000, 0x00000000ecf80000, 0x0000000100000000)
  eden space 16384K, 100% used [0x00000000eaa80000,0x00000000eba80000,0x00000000eba80000)
  from space 2560K, 99% used [0x00000000ebd00000,0x00000000ebf7a4e8,0x00000000ebf80000)
  to   space 2560K, 0% used [0x00000000eba80000,0x00000000eba80000,0x00000000ebd00000)
 ParOldGen       total 41984K, used 6804K [0x00000000c0000000, 0x00000000c2900000, 0x00000000eaa80000)
  object space 41984K, 16% used [0x00000000c0000000,0x00000000c06a5230,0x00000000c2900000)
 PSPermGen       total 21504K, used 7227K [0x00000000b5a00000, 0x00000000b6f00000, 0x00000000c0000000)
  object space 21504K, 33% used [0x00000000b5a00000,0x00000000b610ec40,0x00000000b6f00000)
Event: 2,189 GC heap after
Heap after GC invocations=3 (full 0):
 PSYoungGen      total 18944K, used 2559K [0x00000000eaa80000, 0x00000000ecf80000, 0x0000000100000000)
  eden space 16384K, 0% used [0x00000000eaa80000,0x00000000eaa80000,0x00000000eba80000)
  from space 2560K, 99% used [0x00000000eba80000,0x00000000ebcfffd0,0x00000000ebd00000)
  to   space 2560K, 0% used [0x00000000ecd00000,0x00000000ecd00000,0x00000000ecf80000)
 ParOldGen       total 41984K, used 16888K [0x00000000c0000000, 0x00000000c2900000, 0x00000000eaa80000)
  object space 41984K, 40% used [0x00000000c0000000,0x00000000c107e0c0,0x00000000c2900000)
 PSPermGen       total 21504K, used 7227K [0x00000000b5a00000, 0x00000000b6f00000, 0x00000000c0000000)
  object space 21504K, 33% used [0x00000000b5a00000,0x00000000b610ec40,0x00000000b6f00000)
}
Event: 2,496 GC heap before
{Heap before GC invocations=4 (full 0):
 PSYoungGen      total 18944K, used 18943K [0x00000000eaa80000, 0x00000000ecf80000, 0x0000000100000000)
  eden space 16384K, 100% used [0x00000000eaa80000,0x00000000eba80000,0x00000000eba80000)
  from space 2560K, 99% used [0x00000000eba80000,0x00000000ebcfffd0,0x00000000ebd00000)
  to   space 2560K, 0% used [0x00000000ecd00000,0x00000000ecd00000,0x00000000ecf80000)
 ParOldGen       total 41984K, used 16888K [0x00000000c0000000, 0x00000000c2900000, 0x00000000eaa80000)
  object space 41984K, 40% used [0x00000000c0000000,0x00000000c107e0c0,0x00000000c2900000)
 PSPermGen       total 21504K, used 7277K [0x00000000b5a00000, 0x00000000b6f00000, 0x00000000c0000000)
  object space 21504K, 33% used [0x00000000b5a00000,0x00000000b611b460,0x00000000b6f00000)
Event: 2,505 GC heap after
Heap after GC invocations=4 (full 0):
 PSYoungGen      total 35328K, used 2559K [0x00000000eaa80000, 0x00000000ecf80000, 0x0000000100000000)
  eden space 32768K, 0% used [0x00000000eaa80000,0x00000000eaa80000,0x00000000eca80000)
  from space 2560K, 99% used [0x00000000ecd00000,0x00000000ecf7ffd0,0x00000000ecf80000)
  to   space 2560K, 0% used [0x00000000eca80000,0x00000000eca80000,0x00000000ecd00000)
 ParOldGen       total 41984K, used 19197K [0x00000000c0000000, 0x00000000c2900000, 0x00000000eaa80000)
  object space 41984K, 45% used [0x00000000c0000000,0x00000000c12bf540,0x00000000c2900000)
 PSPermGen       total 21504K, used 7277K [0x00000000b5a00000, 0x00000000b6f00000, 0x00000000c0000000)
  object space 21504K, 33% used [0x00000000b5a00000,0x00000000b611b460,0x00000000b6f00000)
}
Event: 2,778 GC heap before
{Heap before GC invocations=5 (full 0):
 PSYoungGen      total 35328K, used 34996K [0x00000000eaa80000, 0x00000000ecf80000, 0x0000000100000000)
  eden space 32768K, 98% used [0x00000000eaa80000,0x00000000eca2d190,0x00000000eca80000)
  from space 2560K, 99% used [0x00000000ecd00000,0x00000000ecf7ffd0,0x00000000ecf80000)
  to   space 2560K, 0% used [0x00000000eca80000,0x00000000eca80000,0x00000000ecd00000)
 ParOldGen       total 41984K, used 19197K [0x00000000c0000000, 0x00000000c2900000, 0x00000000eaa80000)
  object space 41984K, 45% used [0x00000000c0000000,0x00000000c12bf540,0x00000000c2900000)
 PSPermGen       total 21504K, used 7317K [0x00000000b5a00000, 0x00000000b6f00000, 0x00000000c0000000)
  object space 21504K, 34% used [0x00000000b5a00000,0x00000000b61255e0,0x00000000b6f00000)
Event: 2,791 GC heap after
Heap after GC invocations=5 (full 0):
 PSYoungGen      total 35328K, used 2559K [0x00000000eaa80000, 0x00000000f0580000, 0x0000000100000000)
  eden space 32768K, 0% used [0x00000000eaa80000,0x00000000eaa80000,0x00000000eca80000)
  from space 2560K, 99% used [0x00000000eca80000,0x00000000eccfffb0,0x00000000ecd00000)
  to   space 13824K, 0% used [0x00000000ef800000,0x00000000ef800000,0x00000000f0580000)
 ParOldGen       total 41984K, used 22415K [0x00000000c0000000, 0x00000000c2900000, 0x00000000eaa80000)
  object space 41984K, 53% used [0x00000000c0000000,0x00000000c15e3cb0,0x00000000c2900000)
 PSPermGen       total 21504K, used 7317K [0x00000000b5a00000, 0x00000000b6f00000, 0x00000000c0000000)
  object space 21504K, 34% used [0x00000000b5a00000,0x00000000b61255e0,0x00000000b6f00000)
}
Event: 3,014 GC heap before
{Heap before GC invocations=6 (full 0):
 PSYoungGen      total 35328K, used 31321K [0x00000000eaa80000, 0x00000000f0580000, 0x0000000100000000)
  eden space 32768K, 87% used [0x00000000eaa80000,0x00000000ec6964b0,0x00000000eca80000)
  from space 2560K, 99% used [0x00000000eca80000,0x00000000eccfffb0,0x00000000ecd00000)
  to   space 13824K, 0% used [0x00000000ef800000,0x00000000ef800000,0x00000000f0580000)
 ParOldGen       total 41984K, used 22415K [0x00000000c0000000, 0x00000000c2900000, 0x00000000eaa80000)
  object space 41984K, 53% used [0x00000000c0000000,0x00000000c15e3cb0,0x00000000c2900000)
 PSPermGen       total 21504K, used 7325K [0x00000000b5a00000, 0x00000000b6f00000, 0x00000000c0000000)
  object space 21504K, 34% used [0x00000000b5a00000,0x00000000b61276a0,0x00000000b6f00000)
Event: 3,021 GC heap after
Heap after GC invocations=6 (full 0):
 PSYoungGen      total 78336K, used 4657K [0x00000000eaa80000, 0x00000000f0480000, 0x0000000100000000)
  eden space 65536K, 0% used [0x00000000eaa80000,0x00000000eaa80000,0x00000000eea80000)
  from space 12800K, 36% used [0x00000000ef800000,0x00000000efc8c790,0x00000000f0480000)
  to   space 13312K, 0% used [0x00000000eea80000,0x00000000eea80000,0x00000000ef780000)
 ParOldGen       total 41984K, used 22415K [0x00000000c0000000, 0x00000000c2900000, 0x00000000eaa80000)
  object space 41984K, 53% used [0x00000000c0000000,0x00000000c15e3cb0,0x00000000c2900000)
 PSPermGen       total 21504K, used 7325K [0x00000000b5a00000, 0x00000000b6f00000, 0x00000000c0000000)
  object space 21504K, 34% used [0x00000000b5a00000,0x00000000b61276a0,0x00000000b6f00000)
}
Event: 3,273 GC heap before
{Heap before GC invocations=7 (full 0):
 PSYoungGen      total 78336K, used 70193K [0x00000000eaa80000, 0x00000000f0480000, 0x0000000100000000)
  eden space 65536K, 100% used [0x00000000eaa80000,0x00000000eea80000,0x00000000eea80000)
  from space 12800K, 36% used [0x00000000ef800000,0x00000000efc8c790,0x00000000f0480000)
  to   space 13312K, 0% used [0x00000000eea80000,0x00000000eea80000,0x00000000ef780000)
 ParOldGen       total 41984K, used 22415K [0x00000000c0000000, 0x00000000c2900000, 0x00000000eaa80000)
  object space 41984K, 53% used [0x00000000c0000000,0x00000000c15e3cb0,0x00000000c2900000)
 PSPermGen       total 21504K, used 7336K [0x00000000b5a00000, 0x00000000b6f00000, 0x00000000c0000000)
  object space 21504K, 34% used [0x00000000b5a00000,0x00000000b612a0b0,0x00000000b6f00000)

Deoptimization events (10 events):
Event: 2,013 Thread 0x00007f086c009800 Uncommon trap: reason=bimorphic action=maybe_recompile pc=0x00007f086909ac08 method=java.util.HashMap.put(Ljava/lang/Object;Ljava/lang/Object;)Ljava/lang/Object; @ 83
Event: 2,110 Thread 0x00007f086c009800 Uncommon trap: reason=class_check action=maybe_recompile pc=0x00007f08690af0c4 method=com.android.dex.Leb128.readUnsignedLeb128(Lcom/android/dex/util/ByteInput;)I @ 5
Event: 2,110 Thread 0x00007f086c009800 Uncommon trap: reason=class_check action=maybe_recompile pc=0x00007f08690af0c4 method=com.android.dex.Leb128.readUnsignedLeb128(Lcom/android/dex/util/ByteInput;)I @ 5
Event: 2,110 Thread 0x00007f086c009800 Uncommon trap: reason=class_check action=maybe_recompile pc=0x00007f08690af0c4 method=com.android.dex.Leb128.readUnsignedLeb128(Lcom/android/dex/util/ByteInput;)I @ 5
Event: 2,110 Thread 0x00007f086c009800 Uncommon trap: reason=class_check action=maybe_recompile pc=0x00007f08690af0c4 method=com.android.dex.Leb128.readUnsignedLeb128(Lcom/android/dex/util/ByteInput;)I @ 5
Event: 2,176 Thread 0x00007f086c009800 Uncommon trap: reason=predicate action=maybe_recompile pc=0x00007f08690b9978 method=com.android.dex.Leb128.readUnsignedLeb128(Lcom/android/dex/util/ByteInput;)I @ 41
Event: 2,522 Thread 0x00007f086c009800 Uncommon trap: reason=predicate action=maybe_recompile pc=0x00007f08690e2b24 method=java.util.ComparableTimSort.binarySort([Ljava/lang/Object;III)V @ 37
Event: 2,792 Thread 0x00007f086c009800 Uncommon trap: reason=array_check action=maybe_recompile pc=0x00007f08690fa77c method=java.util.ComparableTimSort.binarySort([Ljava/lang/Object;III)V @ 193
Event: 3,014 Thread 0x00007f086c009800 Uncommon trap: reason=array_check action=maybe_recompile pc=0x00007f08690fa77c method=java.util.ComparableTimSort.binarySort([Ljava/lang/Object;III)V @ 193
Event: 3,143 Thread 0x00007f086c009800 Uncommon trap: reason=predicate action=maybe_recompile pc=0x00007f086912aa58 method=java.util.TimSort.binarySort([Ljava/lang/Object;IIILjava/util/Comparator;)V @ 37

Internal exceptions (10 events):
Event: 1,947 Thread 0x00007f086c009800 Threw 0x00000000eb692b80 at /build/java7-openjdk/src/icedtea-2.5.5/openjdk/hotspot/src/share/vm/prims/jvm.cpp:1284
Event: 1,949 Thread 0x00007f086c009800 Threw 0x00000000eb699ef8 at /build/java7-openjdk/src/icedtea-2.5.5/openjdk/hotspot/src/share/vm/prims/jvm.cpp:1284
Event: 1,949 Thread 0x00007f086c009800 Threw 0x00000000eb69bf50 at /build/java7-openjdk/src/icedtea-2.5.5/openjdk/hotspot/src/share/vm/prims/jvm.cpp:1284
Event: 2,014 Thread 0x00007f086c009800 Threw 0x00000000eb73da40 at /build/java7-openjdk/src/icedtea-2.5.5/openjdk/hotspot/src/share/vm/prims/jvm.cpp:1284
Event: 2,014 Thread 0x00007f086c009800 Threw 0x00000000eb73db68 at /build/java7-openjdk/src/icedtea-2.5.5/openjdk/hotspot/src/share/vm/prims/jvm.cpp:1284
Event: 2,014 Thread 0x00007f086c009800 Threw 0x00000000eb73ffb0 at /build/java7-openjdk/src/icedtea-2.5.5/openjdk/hotspot/src/share/vm/prims/jvm.cpp:1284
Event: 2,014 Thread 0x00007f086c009800 Threw 0x00000000eb7400d8 at /build/java7-openjdk/src/icedtea-2.5.5/openjdk/hotspot/src/share/vm/prims/jvm.cpp:1284
Event: 2,014 Thread 0x00007f086c009800 Threw 0x00000000eb740a60 at /build/java7-openjdk/src/icedtea-2.5.5/openjdk/hotspot/src/share/vm/prims/jvm.cpp:1284
Event: 2,014 Thread 0x00007f086c009800 Threw 0x00000000eb740b88 at /build/java7-openjdk/src/icedtea-2.5.5/openjdk/hotspot/src/share/vm/prims/jvm.cpp:1284
Event: 2,452 Thread 0x00007f086c009800 Threw 0x00000000eb7a7758 at /build/java7-openjdk/src/icedtea-2.5.5/openjdk/hotspot/src/share/vm/prims/jvm.cpp:1284

Events (10 events):
Event: 3,014 Thread 0x00007f086c009800 DEOPT UNPACKING pc=0x00007f0869039045 sp=0x00007f08758a2468 mode 2
Event: 3,014 Executing VM operation: ParallelGCFailedAllocation
Event: 3,021 Executing VM operation: ParallelGCFailedAllocation done
Event: 3,045 Thread 0x00007f086c0a3800 flushing nmethod 0x00007f086909a350
Event: 3,053 Thread 0x00007f086c0a6800 flushing nmethod 0x00007f08690aed50
Event: 3,056 Thread 0x00007f086c0a3800 flushing nmethod 0x00007f08690b9450
Event: 3,143 Thread 0x00007f086c009800 Uncommon trap: trap_request=0xffffff86 fr.pc=0x00007f086912aa58
Event: 3,143 Thread 0x00007f086c009800 DEOPT PACKING pc=0x00007f086912aa58 sp=0x00007f08758a24d0
Event: 3,143 Thread 0x00007f086c009800 DEOPT UNPACKING pc=0x00007f0869039045 sp=0x00007f08758a24c0 mode 2
Event: 3,273 Executing VM operation: ParallelGCFailedAllocation


Dynamic libraries:
00400000-00401000 r-xp 00000000 08:05 555982                             /usr/lib/jvm/java-7-openjdk/jre/bin/java
00600000-00601000 rw-p 00000000 08:05 555982                             /usr/lib/jvm/java-7-openjdk/jre/bin/java
0174a000-0176b000 rw-p 00000000 00:00 0                                  [heap]
b5a00000-b6f00000 rw-p 00000000 00:00 0 
b6f00000-c0000000 rw-p 00000000 00:00 0 
c0000000-c2900000 rw-p 00000000 00:00 0 
c2900000-eaa80000 rw-p 00000000 00:00 0 
eaa80000-f0480000 rw-p 00000000 00:00 0 
f4880000-100000000 rw-p 00000000 00:00 0 
7f0838000000-7f0838021000 rw-p 00000000 00:00 0 
7f0838021000-7f083c000000 ---p 00000000 00:00 0 
7f0840000000-7f0840728000 rw-p 00000000 00:00 0 
7f0840728000-7f0844000000 ---p 00000000 00:00 0 
7f0844000000-7f0844021000 rw-p 00000000 00:00 0 
7f0844021000-7f0848000000 ---p 00000000 00:00 0 
7f0848000000-7f0848021000 rw-p 00000000 00:00 0 
7f0848021000-7f084c000000 ---p 00000000 00:00 0 
7f084c000000-7f084c8c2000 rw-p 00000000 00:00 0 
7f084c8c2000-7f0850000000 ---p 00000000 00:00 0 
7f0850000000-7f0850021000 rw-p 00000000 00:00 0 
7f0850021000-7f0854000000 ---p 00000000 00:00 0 
7f0854000000-7f0854021000 rw-p 00000000 00:00 0 
7f0854021000-7f0858000000 ---p 00000000 00:00 0 
7f0858000000-7f0858030000 rw-p 00000000 00:00 0 
7f0858030000-7f085c000000 ---p 00000000 00:00 0 
7f085c000000-7f085c021000 rw-p 00000000 00:00 0 
7f085c021000-7f0860000000 ---p 00000000 00:00 0 
7f0861ad0000-7f0864000000 rw-p 00000000 00:00 0 
7f0864000000-7f0864021000 rw-p 00000000 00:00 0 
7f0864021000-7f0868000000 ---p 00000000 00:00 0 
7f0868662000-7f08686d0000 r-xp 00000000 08:05 530783                     /usr/lib/libpcre.so.1.2.5
7f08686d0000-7f08688d0000 ---p 0006e000 08:05 530783                     /usr/lib/libpcre.so.1.2.5
7f08688d0000-7f08688d1000 r--p 0006e000 08:05 530783                     /usr/lib/libpcre.so.1.2.5
7f08688d1000-7f08688d2000 rw-p 0006f000 08:05 530783                     /usr/lib/libpcre.so.1.2.5
7f08688d2000-7f08688da000 r-xp 00000000 08:05 535290                     /usr/lib/libffi.so.6.0.4
7f08688da000-7f0868ad9000 ---p 00008000 08:05 535290                     /usr/lib/libffi.so.6.0.4
7f0868ad9000-7f0868ada000 r--p 00007000 08:05 535290                     /usr/lib/libffi.so.6.0.4
7f0868ada000-7f0868adb000 rw-p 00008000 08:05 535290                     /usr/lib/libffi.so.6.0.4
7f0868adb000-7f0868aef000 r-xp 00000000 08:05 527352                     /usr/lib/libresolv-2.21.so
7f0868aef000-7f0868cee000 ---p 00014000 08:05 527352                     /usr/lib/libresolv-2.21.so
7f0868cee000-7f0868cef000 r--p 00013000 08:05 527352                     /usr/lib/libresolv-2.21.so
7f0868cef000-7f0868cf0000 rw-p 00014000 08:05 527352                     /usr/lib/libresolv-2.21.so
7f0868cf0000-7f0868cf2000 rw-p 00000000 00:00 0 
7f0868cf2000-7f0868dfe000 r-xp 00000000 08:05 535372                     /usr/lib/libglib-2.0.so.0.4400.0
7f0868dfe000-7f0868ffd000 ---p 0010c000 08:05 535372                     /usr/lib/libglib-2.0.so.0.4400.0
7f0868ffd000-7f0868ffe000 r--p 0010b000 08:05 535372                     /usr/lib/libglib-2.0.so.0.4400.0
7f0868ffe000-7f0868fff000 rw-p 0010c000 08:05 535372                     /usr/lib/libglib-2.0.so.0.4400.0
7f0868fff000-7f0869000000 rw-p 00000000 00:00 0 
7f0869000000-7f0869270000 rwxp 00000000 00:00 0 
7f0869270000-7f086c272000 rw-p 00000000 00:00 0 
7f086c272000-7f0870000000 ---p 00000000 00:00 0 
7f0870090000-7f08700b5000 r--p 00000000 08:05 527348                     /usr/share/locale/pl/LC_MESSAGES/libc.mo
7f08700b5000-7f08700b8000 r-xp 00000000 08:05 535373                     /usr/lib/libgmodule-2.0.so.0.4400.0
7f08700b8000-7f08702b7000 ---p 00003000 08:05 535373                     /usr/lib/libgmodule-2.0.so.0.4400.0
7f08702b7000-7f08702b8000 r--p 00002000 08:05 535373                     /usr/lib/libgmodule-2.0.so.0.4400.0
7f08702b8000-7f08702b9000 rw-p 00003000 08:05 535373                     /usr/lib/libgmodule-2.0.so.0.4400.0
7f08702b9000-7f0870308000 r-xp 00000000 08:05 535375                     /usr/lib/libgobject-2.0.so.0.4400.0
7f0870308000-7f0870508000 ---p 0004f000 08:05 535375                     /usr/lib/libgobject-2.0.so.0.4400.0
7f0870508000-7f0870509000 r--p 0004f000 08:05 535375                     /usr/lib/libgobject-2.0.so.0.4400.0
7f0870509000-7f087050a000 rw-p 00050000 08:05 535375                     /usr/lib/libgobject-2.0.so.0.4400.0
7f087050a000-7f0870680000 r-xp 00000000 08:05 535376                     /usr/lib/libgio-2.0.so.0.4400.0
7f0870680000-7f0870880000 ---p 00176000 08:05 535376                     /usr/lib/libgio-2.0.so.0.4400.0
7f0870880000-7f0870884000 r--p 00176000 08:05 535376                     /usr/lib/libgio-2.0.so.0.4400.0
7f0870884000-7f0870886000 rw-p 0017a000 08:05 535376                     /usr/lib/libgio-2.0.so.0.4400.0
7f0870886000-7f0870888000 rw-p 00000000 00:00 0 
7f08708a9000-7f08708ae000 r--s 0004d000 08:05 555059                     /usr/lib/jvm/java-7-openjdk/jre/lib/jsse.jar
7f08708ae000-7f08708c5000 r-xp 00000000 08:05 555956                     /usr/lib/jvm/java-7-openjdk/jre/lib/amd64/libnet.so
7f08708c5000-7f0870ac4000 ---p 00017000 08:05 555956                     /usr/lib/jvm/java-7-openjdk/jre/lib/amd64/libnet.so
7f0870ac4000-7f0870ac5000 rw-p 00016000 08:05 555956                     /usr/lib/jvm/java-7-openjdk/jre/lib/amd64/libnet.so
7f0870ac5000-7f0870ad5000 r-xp 00000000 08:05 555957                     /usr/lib/jvm/java-7-openjdk/jre/lib/amd64/libnio.so
7f0870ad5000-7f0870cd5000 ---p 00010000 08:05 555957                     /usr/lib/jvm/java-7-openjdk/jre/lib/amd64/libnio.so
7f0870cd5000-7f0870cd6000 rw-p 00010000 08:05 555957                     /usr/lib/jvm/java-7-openjdk/jre/lib/amd64/libnio.so
7f0870cd6000-7f0870cd7000 ---p 00000000 00:00 0 
7f0870cd7000-7f0870dd7000 rw-p 00000000 00:00 0                          [stack:20386]
7f0870dd7000-7f0870dda000 ---p 00000000 00:00 0 
7f0870dda000-7f0870ed8000 rw-p 00000000 00:00 0                          [stack:20385]
7f0870ed8000-7f0870edb000 ---p 00000000 00:00 0 
7f0870edb000-7f0870fd9000 rw-p 00000000 00:00 0                          [stack:20384]
7f0870fd9000-7f0870fdc000 ---p 00000000 00:00 0 
7f0870fdc000-7f08710da000 rw-p 00000000 00:00 0                          [stack:20383]
7f08710da000-7f08710dd000 ---p 00000000 00:00 0 
7f08710dd000-7f08711db000 rw-p 00000000 00:00 0                          [stack:20382]
7f08711db000-7f087124e000 r--p 00000000 08:05 527780                     /usr/lib/locale/locale-archive
7f087124e000-7f0871251000 ---p 00000000 00:00 0 
7f0871251000-7f087134f000 rw-p 00000000 00:00 0                          [stack:20381]
7f087134f000-7f0871352000 ---p 00000000 00:00 0 
7f0871352000-7f0871450000 rw-p 00000000 00:00 0                          [stack:20380]
7f0871450000-7f0871451000 ---p 00000000 00:00 0 
7f0871451000-7f0871f06000 rw-p 00000000 00:00 0                          [stack:20379]
7f0871f06000-7f08720b7000 r--s 01d27000 08:05 555057                     /usr/lib/jvm/java-7-openjdk/jre/lib/rt.jar
7f08720b7000-7f0872403000 rw-p 00000000 00:00 0 
7f0872403000-7f0872404000 ---p 00000000 00:00 0 
7f0872404000-7f0872504000 rw-p 00000000 00:00 0                          [stack:20378]
7f0872504000-7f0872505000 ---p 00000000 00:00 0 
7f0872505000-7f0872610000 rw-p 00000000 00:00 0                          [stack:20377]
7f0872610000-7f0872658000 rw-p 00000000 00:00 0 
7f0872658000-7f087266d000 rw-p 00000000 00:00 0 
7f087266d000-7f08727ae000 rw-p 00000000 00:00 0 
7f08727ae000-7f08727b9000 rw-p 00000000 00:00 0 
7f08727b9000-7f0872801000 rw-p 00000000 00:00 0 
7f0872801000-7f0872816000 rw-p 00000000 00:00 0 
7f0872816000-7f0872956000 rw-p 00000000 00:00 0 
7f0872956000-7f0872984000 rw-p 00000000 00:00 0 
7f0872984000-7f0872a01000 rw-p 00000000 00:00 0 
7f0872a01000-7f0872a02000 rw-p 00000000 00:00 0 
7f0872a02000-7f0872a0a000 r-xp 00000000 08:05 555955                     /usr/lib/jvm/java-7-openjdk/jre/lib/amd64/libzip.so
7f0872a0a000-7f0872c09000 ---p 00008000 08:05 555955                     /usr/lib/jvm/java-7-openjdk/jre/lib/amd64/libzip.so
7f0872c09000-7f0872c0a000 rw-p 00007000 08:05 555955                     /usr/lib/jvm/java-7-openjdk/jre/lib/amd64/libzip.so
7f0872c0a000-7f0872c15000 r-xp 00000000 08:05 527356                     /usr/lib/libnss_files-2.21.so
7f0872c15000-7f0872e15000 ---p 0000b000 08:05 527356                     /usr/lib/libnss_files-2.21.so
7f0872e15000-7f0872e16000 r--p 0000b000 08:05 527356                     /usr/lib/libnss_files-2.21.so
7f0872e16000-7f0872e17000 rw-p 0000c000 08:05 527356                     /usr/lib/libnss_files-2.21.so
7f0872e17000-7f0872e43000 r-xp 00000000 08:05 555954                     /usr/lib/jvm/java-7-openjdk/jre/lib/amd64/libjava.so
7f0872e43000-7f0873042000 ---p 0002c000 08:05 555954                     /usr/lib/jvm/java-7-openjdk/jre/lib/amd64/libjava.so
7f0873042000-7f0873044000 rw-p 0002b000 08:05 555954                     /usr/lib/jvm/java-7-openjdk/jre/lib/amd64/libjava.so
7f0873044000-7f0873051000 r-xp 00000000 08:05 555953                     /usr/lib/jvm/java-7-openjdk/jre/lib/amd64/libverify.so
7f0873051000-7f0873250000 ---p 0000d000 08:05 555953                     /usr/lib/jvm/java-7-openjdk/jre/lib/amd64/libverify.so
7f0873250000-7f0873252000 rw-p 0000c000 08:05 555953                     /usr/lib/jvm/java-7-openjdk/jre/lib/amd64/libverify.so
7f0873252000-7f0873259000 r-xp 00000000 08:05 527442                     /usr/lib/librt-2.21.so
7f0873259000-7f0873458000 ---p 00007000 08:05 527442                     /usr/lib/librt-2.21.so
7f0873458000-7f0873459000 r--p 00006000 08:05 527442                     /usr/lib/librt-2.21.so
7f0873459000-7f087345a000 rw-p 00007000 08:05 527442                     /usr/lib/librt-2.21.so
7f087345a000-7f0873470000 r-xp 00000000 08:05 527804                     /usr/lib/libgcc_s.so.1
7f0873470000-7f087366f000 ---p 00016000 08:05 527804                     /usr/lib/libgcc_s.so.1
7f087366f000-7f0873670000 rw-p 00015000 08:05 527804                     /usr/lib/libgcc_s.so.1
7f0873670000-7f0873773000 r-xp 00000000 08:05 527491                     /usr/lib/libm-2.21.so
7f0873773000-7f0873973000 ---p 00103000 08:05 527491                     /usr/lib/libm-2.21.so
7f0873973000-7f0873974000 r--p 00103000 08:05 527491                     /usr/lib/libm-2.21.so
7f0873974000-7f0873975000 rw-p 00104000 08:05 527491                     /usr/lib/libm-2.21.so
7f0873975000-7f0873a65000 r-xp 00000000 08:05 527808                     /usr/lib/libstdc++.so.6.0.20
7f0873a65000-7f0873c65000 ---p 000f0000 08:05 527808                     /usr/lib/libstdc++.so.6.0.20
7f0873c65000-7f0873c6d000 r--p 000f0000 08:05 527808                     /usr/lib/libstdc++.so.6.0.20
7f0873c6d000-7f0873c6f000 rw-p 000f8000 08:05 527808                     /usr/lib/libstdc++.so.6.0.20
7f0873c6f000-7f0873c84000 rw-p 00000000 00:00 0 
7f0873c84000-7f08747d9000 r-xp 00000000 08:05 662899                     /usr/lib/jvm/java-7-openjdk/jre/lib/amd64/server/libjvm.so
7f08747d9000-7f08749d9000 ---p 00b55000 08:05 662899                     /usr/lib/jvm/java-7-openjdk/jre/lib/amd64/server/libjvm.so
7f08749d9000-7f0874a9b000 rw-p 00b55000 08:05 662899                     /usr/lib/jvm/java-7-openjdk/jre/lib/amd64/server/libjvm.so
7f0874a9b000-7f0874ac7000 rw-p 00000000 00:00 0 
7f0874ac7000-7f0874adc000 r-xp 00000000 08:05 530530                     /usr/lib/libz.so.1.2.8
7f0874adc000-7f0874cdb000 ---p 00015000 08:05 530530                     /usr/lib/libz.so.1.2.8
7f0874cdb000-7f0874cdc000 r--p 00014000 08:05 530530                     /usr/lib/libz.so.1.2.8
7f0874cdc000-7f0874cdd000 rw-p 00015000 08:05 530530                     /usr/lib/libz.so.1.2.8
7f0874cdd000-7f0874e76000 r-xp 00000000 08:05 527366                     /usr/lib/libc-2.21.so
7f0874e76000-7f0875076000 ---p 00199000 08:05 527366                     /usr/lib/libc-2.21.so
7f0875076000-7f087507a000 r--p 00199000 08:05 527366                     /usr/lib/libc-2.21.so
7f087507a000-7f087507c000 rw-p 0019d000 08:05 527366                     /usr/lib/libc-2.21.so
7f087507c000-7f0875080000 rw-p 00000000 00:00 0 
7f0875080000-7f0875082000 r-xp 00000000 08:05 527458                     /usr/lib/libdl-2.21.so
7f0875082000-7f0875282000 ---p 00002000 08:05 527458                     /usr/lib/libdl-2.21.so
7f0875282000-7f0875283000 r--p 00002000 08:05 527458                     /usr/lib/libdl-2.21.so
7f0875283000-7f0875284000 rw-p 00003000 08:05 527458                     /usr/lib/libdl-2.21.so
7f0875284000-7f0875291000 r-xp 00000000 08:05 662895                     /usr/lib/jvm/java-7-openjdk/jre/lib/amd64/jli/libjli.so
7f0875291000-7f0875490000 ---p 0000d000 08:05 662895                     /usr/lib/jvm/java-7-openjdk/jre/lib/amd64/jli/libjli.so
7f0875490000-7f0875491000 rw-p 0000c000 08:05 662895                     /usr/lib/jvm/java-7-openjdk/jre/lib/amd64/jli/libjli.so
7f0875491000-7f08754a9000 r-xp 00000000 08:05 527440                     /usr/lib/libpthread-2.21.so
7f08754a9000-7f08756a8000 ---p 00018000 08:05 527440                     /usr/lib/libpthread-2.21.so
7f08756a8000-7f08756a9000 r--p 00017000 08:05 527440                     /usr/lib/libpthread-2.21.so
7f08756a9000-7f08756aa000 rw-p 00018000 08:05 527440                     /usr/lib/libpthread-2.21.so
7f08756aa000-7f08756ae000 rw-p 00000000 00:00 0 
7f08756ae000-7f08756d0000 r-xp 00000000 08:05 527486                     /usr/lib/ld-2.21.so
7f08756d4000-7f08756e3000 r--s 000dd000 08:07 1445658                    /home/fuji/Android/Sdk/build-tools/22.0.1/lib/dx.jar
7f08756e3000-7f08756ed000 rw-p 00000000 00:00 0 
7f08756ed000-7f08757a3000 rw-p 00000000 00:00 0 
7f08757a3000-7f08757a6000 ---p 00000000 00:00 0 
7f08757a6000-7f08758a8000 rw-p 00000000 00:00 0                          [stack:20376]
7f08758ab000-7f08758c4000 rw-p 00000000 00:00 0 
7f08758c4000-7f08758cc000 rw-s 00000000 00:20 148798                     /tmp/hsperfdata_fuji/20371
7f08758cc000-7f08758cd000 rw-p 00000000 00:00 0 
7f08758cd000-7f08758ce000 ---p 00000000 00:00 0 
7f08758ce000-7f08758cf000 rw-p 00000000 00:00 0 
7f08758cf000-7f08758d0000 r--p 00021000 08:05 527486                     /usr/lib/ld-2.21.so
7f08758d0000-7f08758d1000 rw-p 00022000 08:05 527486                     /usr/lib/ld-2.21.so
7f08758d1000-7f08758d2000 rw-p 00000000 00:00 0 
7ffe56867000-7ffe56888000 rw-p 00000000 00:00 0                          [stack]
7ffe569cb000-7ffe569cd000 r--p 00000000 00:00 0                          [vvar]
7ffe569cd000-7ffe569cf000 r-xp 00000000 00:00 0                          [vdso]
ffffffffff600000-ffffffffff601000 r-xp 00000000 00:00 0                  [vsyscall]

VM Arguments:
jvm_args: -Xmx1024M -Dfile.encoding=UTF-8 -Duser.country=PL -Duser.language=pl -Duser.variant 
java_command: com.android.dx.command.Main --dex --output /home/fuji/AndroidStudioProjects/TirtClient/app/build/intermediates/dex/debug /home/fuji/AndroidStudioProjects/TirtClient/app/build/intermediates/classes/debug /home/fuji/AndroidStudioProjects/TirtClient/app/build/intermediates/pre-dexed/debug/support-annotations-22.0.0-1bacd4c40a1edbf59152ba5967529bd32ac8b83c.jar /home/fuji/AndroidStudioProjects/TirtClient/app/build/intermediates/pre-dexed/debug/parceler-api-0.2.13-bd941fa107d444aa06be57251de292f3c9d8f081.jar /home/fuji/AndroidStudioProjects/TirtClient/app/build/intermediates/pre-dexed/debug/retrofit-1.9.0-bcd39b2f4757d4351294845224e7fa19d266eb0f.jar /home/fuji/AndroidStudioProjects/TirtClient/app/build/intermediates/pre-dexed/debug/gson-2.3.1-62bfe5509cab5ac7bc7f77c928d17902a726cae5.jar /home/fuji/AndroidStudioProjects/TirtClient/app/build/intermediates/pre-dexed/debug/internal_impl-22.0.0-9d46a6ccdb8046c490ec844999063d36756bc986.jar /home/fuji/AndroidStudioProjects/TirtClient/app/build/intermediates/pre-dexed/debug/classes-ca3b53baa58dc619427638534e82cee7f924bef3.jar /home/fuji/AndroidStudioProjects/TirtClient/app/build/intermediates/pre-dexed/debug/classes-7cff51fc019965de3d29840091ccba743ff63d40.jar /home/fuji/AndroidStudioProjects/TirtClient/app/build/intermediates/pre-dexed/debug/parceler-0.2.13-12d65998d4da0f2b2176969d116c8b0a6efde306.jar
Launcher Type: SUN_STANDARD

Environment Variables:
PATH=~/.gem/ruby/2.1.0/bin/:~/.gem/ruby/2.1.0/gems/bundler-1.6.3/bin/:/usr/local/sbin:/usr/local/bin:/usr/bin:/usr/lib/jvm/default/bin:/usr/bin/site_perl:/usr/bin/vendor_perl:/usr/bin/core_perl:/home/fuji/.rvm/bin
LD_LIBRARY_PATH=.:
SHELL=/usr/bin/zsh
DISPLAY=:0

Signal Handlers:
SIGSEGV: [libjvm.so+0x989390], sa_mask[0]=0x7ffbfeff, sa_flags=0x10000004
SIGBUS: [libjvm.so+0x989390], sa_mask[0]=0x7ffbfeff, sa_flags=0x10000004
SIGFPE: [libjvm.so+0x7f74d0], sa_mask[0]=0x7ffbfeff, sa_flags=0x10000004
SIGPIPE: [libjvm.so+0x7f74d0], sa_mask[0]=0x7ffbfeff, sa_flags=0x10000004
SIGXFSZ: [libjvm.so+0x7f74d0], sa_mask[0]=0x7ffbfeff, sa_flags=0x10000004
SIGILL: [libjvm.so+0x7f74d0], sa_mask[0]=0x7ffbfeff, sa_flags=0x10000004
SIGUSR1: SIG_DFL, sa_mask[0]=0x00000000, sa_flags=0x00000000
SIGUSR2: [libjvm.so+0x7f7350], sa_mask[0]=0x00000004, sa_flags=0x10000004
SIGHUP: [libjvm.so+0x7f7550], sa_mask[0]=0x7ffbfeff, sa_flags=0x10000004
SIGINT: [libjvm.so+0x7f7550], sa_mask[0]=0x7ffbfeff, sa_flags=0x10000004
SIGTERM: [libjvm.so+0x7f7550], sa_mask[0]=0x7ffbfeff, sa_flags=0x10000004
SIGQUIT: [libjvm.so+0x7f7550], sa_mask[0]=0x7ffbfeff, sa_flags=0x10000004
SIGTRAP: SIG_DFL, sa_mask[0]=0x00000000, sa_flags=0x00000000


---------------  S Y S T E M  ---------------

OS:Linux
uname:Linux 4.0.2-1-ARCH #1 SMP PREEMPT Thu May 7 06:47:54 CEST 2015 x86_64
libc:glibc 2.21 NPTL 2.21 
rlimit: STACK 8192k, CORE 0k, NPROC 15803, NOFILE 4096, AS infinity
load average:1,24 0,84 0,63

/proc/meminfo:
MemTotal:        4051052 kB
MemFree:          116664 kB
MemAvailable:      52784 kB
Buffers:             608 kB
Cached:           803200 kB
SwapCached:            0 kB
Active:          2977300 kB
Inactive:         672404 kB
Active(anon):    2975676 kB
Inactive(anon):   654252 kB
Active(file):       1624 kB
Inactive(file):    18152 kB
Unevictable:           0 kB
Mlocked:               0 kB
SwapTotal:             0 kB
SwapFree:              0 kB
Dirty:               168 kB
Writeback:             0 kB
AnonPages:       2846100 kB
Mapped:           188888 kB
Shmem:            783832 kB
Slab:              43924 kB
SReclaimable:      21400 kB
SUnreclaim:        22524 kB
KernelStack:        3744 kB
PageTables:        11712 kB
NFS_Unstable:          0 kB
Bounce:                0 kB
WritebackTmp:          0 kB
CommitLimit:     2025524 kB
Committed_AS:    5776776 kB
VmallocTotal:   34359738367 kB
VmallocUsed:       79108 kB
VmallocChunk:   34359653364 kB
HardwareCorrupted:     0 kB
AnonHugePages:    874496 kB
HugePages_Total:       0
HugePages_Free:        0
HugePages_Rsvd:        0
HugePages_Surp:        0
Hugepagesize:       2048 kB
DirectMap4k:     1696576 kB
DirectMap2M:     2496512 kB


CPU:total 2 (2 cores per cpu, 1 threads per core) family 6 model 23 stepping 10, cmov, cx8, fxsr, mmx, sse, sse2, sse3, ssse3, sse4.1, tsc

/proc/cpuinfo:
processor	: 0
vendor_id	: GenuineIntel
cpu family	: 6
model		: 23
model name	: Intel(R) Core(TM)2 Duo CPU     E8500  @ 3.16GHz
stepping	: 10
microcode	: 0xa07
cpu MHz		: 3165.000
cache size	: 6144 KB
physical id	: 0
siblings	: 2
core id		: 0
cpu cores	: 2
apicid		: 0
initial apicid	: 0
fpu		: yes
fpu_exception	: yes
cpuid level	: 13
wp		: yes
flags		: fpu vme de pse tsc msr pae mce cx8 apic sep mtrr pge mca cmov pat pse36 clflush dts acpi mmx fxsr sse sse2 ss ht tm pbe syscall nx lm constant_tsc arch_perfmon pebs bts rep_good nopl aperfmperf pni dtes64 monitor ds_cpl vmx smx est tm2 ssse3 cx16 xtpr pdcm sse4_1 xsave lahf_lm dtherm tpr_shadow vnmi flexpriority
bugs		:
bogomips	: 6335.24
clflush size	: 64
cache_alignment	: 64
address sizes	: 36 bits physical, 48 bits virtual
power management:

processor	: 1
vendor_id	: GenuineIntel
cpu family	: 6
model		: 23
model name	: Intel(R) Core(TM)2 Duo CPU     E8500  @ 3.16GHz
stepping	: 10
microcode	: 0xa07
cpu MHz		: 3165.000
cache size	: 6144 KB
physical id	: 0
siblings	: 2
core id		: 1
cpu cores	: 2
apicid		: 1
initial apicid	: 1
fpu		: yes
fpu_exception	: yes
cpuid level	: 13
wp		: yes
flags		: fpu vme de pse tsc msr pae mce cx8 apic sep mtrr pge mca cmov pat pse36 clflush dts acpi mmx fxsr sse sse2 ss ht tm pbe syscall nx lm constant_tsc arch_perfmon pebs bts rep_good nopl aperfmperf pni dtes64 monitor ds_cpl vmx smx est tm2 ssse3 cx16 xtpr pdcm sse4_1 xsave lahf_lm dtherm tpr_shadow vnmi flexpriority
bugs		:
bogomips	: 6335.24
clflush size	: 64
cache_alignment	: 64
address sizes	: 36 bits physical, 48 bits virtual
power management:



Memory: 4k page, physical 4051052k(116540k free), swap 0k(0k free)

vm_info: OpenJDK 64-Bit Server VM (24.79-b02) for linux-amd64 JRE (1.7.0_79-b14), built on Apr 15 2015 12:42:59 by "builduser" with gcc 4.9.2 20150304 (prerelease)

time: Sat May 16 21:11:43 2015
elapsed time: 5 seconds

