#
# There is insufficient memory for the Java Runtime Environment to continue.
# Native memory allocation (malloc) failed to allocate 74448896 bytes for committing reserved memory.
# Possible reasons:
#   The system is out of physical RAM or swap space
#   In 32 bit mode, the process size limit was hit
# Possible solutions:
#   Reduce memory load on the system
#   Increase physical memory or swap space
#   Check if swap backing store is full
#   Use 64 bit Java on a 64 bit OS
#   Decrease Java heap size (-Xmx/-Xms)
#   Decrease number of Java threads
#   Decrease Java thread stack sizes (-Xss)
#   Set larger code cache with -XX:ReservedCodeCacheSize=
# This output file may be truncated or incomplete.
#
#  Out of Memory Error (os_linux.cpp:2809), pid=11414, tid=140381217134336
#
# JRE version: OpenJDK Runtime Environment (7.0_79-b14) (build 1.7.0_79-b14)
# Java VM: OpenJDK 64-Bit Server VM (24.79-b02 mixed mode linux-amd64 compressed oops)
# Derivative: IcedTea 2.5.5
# Distribution: Custom build (Wed Apr 15 12:39:15 UTC 2015)
# Failed to write core dump. Core dumps have been disabled. To enable core dumping, try "ulimit -c unlimited" before starting Java again
#

---------------  T H R E A D  ---------------

Current thread (0x00007fad0806f800):  VMThread [stack: 0x00007fad0c849000,0x00007fad0c94a000] [id=11422]

Stack: [0x00007fad0c849000,0x00007fad0c94a000],  sp=0x00007fad0c9484e0,  free space=1021k
Native frames: (J=compiled Java code, j=interpreted, Vv=VM code, C=native code)
V  [libjvm.so+0x9888a6]
V  [libjvm.so+0x48eff2]
V  [libjvm.so+0x7fbf2b]
V  [libjvm.so+0x7f667e]
V  [libjvm.so+0x868ecb]
V  [libjvm.so+0x869d73]
V  [libjvm.so+0x86a48b]
V  [libjvm.so+0x865e99]
V  [libjvm.so+0x866678]
V  [libjvm.so+0x81e443]
V  [libjvm.so+0x98a172]
V  [libjvm.so+0x98ea07]
V  [libjvm.so+0x98cfeb]
V  [libjvm.so+0x98d696]
V  [libjvm.so+0x98db61]
V  [libjvm.so+0x7f8e72]

VM_Operation (0x00007fad10c9ae60): ParallelGCFailedAllocation, mode: safepoint, requested by thread 0x00007fad08009000


---------------  P R O C E S S  ---------------

Java Threads: ( => current thread )
  0x00007fad080aa000 JavaThread "Service Thread" daemon [_thread_blocked, id=11428, stack(0x00007fad0c1d0000,0x00007fad0c2d1000)]
  0x00007fad080a8000 JavaThread "C2 CompilerThread1" daemon [_thread_blocked, id=11427, stack(0x00007fad0c2d1000,0x00007fad0c3d2000)]
  0x00007fad080a5000 JavaThread "C2 CompilerThread0" daemon [_thread_blocked, id=11426, stack(0x00007fad0c3d2000,0x00007fad0c4d3000)]
  0x00007fad080a2800 JavaThread "Signal Dispatcher" daemon [_thread_blocked, id=11425, stack(0x00007fad0c4d3000,0x00007fad0c5d4000)]
  0x00007fad08076000 JavaThread "Finalizer" daemon [_thread_blocked, id=11424, stack(0x00007fad0c647000,0x00007fad0c748000)]
  0x00007fad08074000 JavaThread "Reference Handler" daemon [_thread_blocked, id=11423, stack(0x00007fad0c748000,0x00007fad0c849000)]
  0x00007fad08009000 JavaThread "main" [_thread_blocked, id=11418, stack(0x00007fad10b9c000,0x00007fad10c9d000)]

Other Threads:
=>0x00007fad0806f800 VMThread [stack: 0x00007fad0c849000,0x00007fad0c94a000] [id=11422]
  0x00007fad080ac800 WatcherThread [stack: 0x00007fad0c0cf000,0x00007fad0c1d0000] [id=11429]

VM state:at safepoint (normal execution)

VM Mutex/Monitor currently owned by a thread:  ([mutex/lock_event])
[0x00007fad080066a0] Threads_lock - owner thread: 0x00007fad0806f800
[0x00007fad08006ba0] Heap_lock - owner thread: 0x00007fad08009000

Heap
 PSYoungGen      total 73216K, used 9206K [0x00000000eaa80000, 0x00000000efc80000, 0x0000000100000000)
  eden space 64000K, 0% used [0x00000000eaa80000,0x00000000eaa80000,0x00000000ee900000)
  from space 9216K, 99% used [0x00000000ee900000,0x00000000ef1fd8e0,0x00000000ef200000)
  to   space 7680K, 0% used [0x00000000ef200000,0x00000000ef200000,0x00000000ef980000)
 ParOldGen       total 41984K, used 22821K [0x00000000c0000000, 0x00000000c2900000, 0x00000000eaa80000)
  object space 41984K, 54% used [0x00000000c0000000,0x00000000c16494c0,0x00000000c2900000)
 PSPermGen       total 21504K, used 5956K [0x00000000b5a00000, 0x00000000b6f00000, 0x00000000c0000000)
  object space 21504K, 27% used [0x00000000b5a00000,0x00000000b5fd1148,0x00000000b6f00000)

Card table byte_map: [0x00007fad0dba7000,0x00007fad0ddfb000] byte_map_base: 0x00007fad0d5fa000

Polling page: 0x00007fad10cc6000

Code Cache  [0x00007fad05000000, 0x00007fad05270000, 0x00007fad08000000)
 total_blobs=818 nmethods=591 adapters=181 free_code_cache=46952Kb largest_free_block=48038400

Compilation events (10 events):
Event: 7,196 Thread 0x00007fad080a8000 nmethod 596 0x00007fad05219910 code [0x00007fad05219a40, 0x00007fad05219a98]
Event: 7,196 Thread 0x00007fad080a8000  597             com.android.dx.ssa.MoveParamCombiner$1::visitNonMoveInsn (213 bytes)
Event: 7,209 Thread 0x00007fad080a8000 nmethod 597 0x00007fad0522a090 code [0x00007fad0522a2a0, 0x00007fad0522a7f0]
Event: 7,209 Thread 0x00007fad080a8000  598             com.android.dx.rop.code.Insn$BaseVisitor::visitThrowingCstInsn (1 bytes)
Event: 7,210 Thread 0x00007fad080a8000 nmethod 598 0x00007fad052196d0 code [0x00007fad05219800, 0x00007fad05219858]
Event: 7,210 Thread 0x00007fad080a8000  599             com.android.dx.dex.code.RopTranslator$LocalVariableAwareTranslationVisitor::visitThrowingCstInsn (11 bytes)
Event: 7,260 Thread 0x00007fad080a8000 nmethod 599 0x00007fad0522d650 code [0x00007fad0522d900, 0x00007fad0522e660]
Event: 7,260 Thread 0x00007fad080a8000  600             com.android.dx.dex.code.RopTranslator$TranslationVisitor::visitThrowingCstInsn (225 bytes)
Event: 7,285 Thread 0x00007fad080a8000 nmethod 600 0x00007fad052285d0 code [0x00007fad05228800, 0x00007fad052290b0]
Event: 7,285 Thread 0x00007fad080a8000  601 % !         com.android.dx.cf.code.Ropper::doit @ 21 (126 bytes)

GC Heap History (10 events):
Event: 2,979 GC heap after
Heap after GC invocations=2 (full 0):
 PSYoungGen      total 18944K, used 2535K [0x00000000eaa80000, 0x00000000ecf80000, 0x0000000100000000)
  eden space 16384K, 0% used [0x00000000eaa80000,0x00000000eaa80000,0x00000000eba80000)
  from space 2560K, 99% used [0x00000000ebd00000,0x00000000ebf79f38,0x00000000ebf80000)
  to   space 2560K, 0% used [0x00000000eba80000,0x00000000eba80000,0x00000000ebd00000)
 ParOldGen       total 41984K, used 3806K [0x00000000c0000000, 0x00000000c2900000, 0x00000000eaa80000)
  object space 41984K, 9% used [0x00000000c0000000,0x00000000c03b7a58,0x00000000c2900000)
 PSPermGen       total 21504K, used 5789K [0x00000000b5a00000, 0x00000000b6f00000, 0x00000000c0000000)
  object space 21504K, 26% used [0x00000000b5a00000,0x00000000b5fa74f8,0x00000000b6f00000)
}
Event: 3,756 GC heap before
{Heap before GC invocations=3 (full 0):
 PSYoungGen      total 18944K, used 18919K [0x00000000eaa80000, 0x00000000ecf80000, 0x0000000100000000)
  eden space 16384K, 100% used [0x00000000eaa80000,0x00000000eba80000,0x00000000eba80000)
  from space 2560K, 99% used [0x00000000ebd00000,0x00000000ebf79f38,0x00000000ebf80000)
  to   space 2560K, 0% used [0x00000000eba80000,0x00000000eba80000,0x00000000ebd00000)
 ParOldGen       total 41984K, used 3806K [0x00000000c0000000, 0x00000000c2900000, 0x00000000eaa80000)
  object space 41984K, 9% used [0x00000000c0000000,0x00000000c03b7a58,0x00000000c2900000)
 PSPermGen       total 21504K, used 5825K [0x00000000b5a00000, 0x00000000b6f00000, 0x00000000c0000000)
  object space 21504K, 27% used [0x00000000b5a00000,0x00000000b5fb0650,0x00000000b6f00000)
Event: 3,789 GC heap after
Heap after GC invocations=3 (full 0):
 PSYoungGen      total 18944K, used 2547K [0x00000000eaa80000, 0x00000000ecf80000, 0x0000000100000000)
  eden space 16384K, 0% used [0x00000000eaa80000,0x00000000eaa80000,0x00000000eba80000)
  from space 2560K, 99% used [0x00000000eba80000,0x00000000ebcfcc58,0x00000000ebd00000)
  to   space 2560K, 0% used [0x00000000ecd00000,0x00000000ecd00000,0x00000000ecf80000)
 ParOldGen       total 41984K, used 5940K [0x00000000c0000000, 0x00000000c2900000, 0x00000000eaa80000)
  object space 41984K, 14% used [0x00000000c0000000,0x00000000c05cd1b0,0x00000000c2900000)
 PSPermGen       total 21504K, used 5825K [0x00000000b5a00000, 0x00000000b6f00000, 0x00000000c0000000)
  object space 21504K, 27% used [0x00000000b5a00000,0x00000000b5fb0650,0x00000000b6f00000)
}
Event: 4,393 GC heap before
{Heap before GC invocations=4 (full 0):
 PSYoungGen      total 18944K, used 18931K [0x00000000eaa80000, 0x00000000ecf80000, 0x0000000100000000)
  eden space 16384K, 100% used [0x00000000eaa80000,0x00000000eba80000,0x00000000eba80000)
  from space 2560K, 99% used [0x00000000eba80000,0x00000000ebcfcc58,0x00000000ebd00000)
  to   space 2560K, 0% used [0x00000000ecd00000,0x00000000ecd00000,0x00000000ecf80000)
 ParOldGen       total 41984K, used 5940K [0x00000000c0000000, 0x00000000c2900000, 0x00000000eaa80000)
  object space 41984K, 14% used [0x00000000c0000000,0x00000000c05cd1b0,0x00000000c2900000)
 PSPermGen       total 21504K, used 5852K [0x00000000b5a00000, 0x00000000b6f00000, 0x00000000c0000000)
  object space 21504K, 27% used [0x00000000b5a00000,0x00000000b5fb7200,0x00000000b6f00000)
Event: 4,424 GC heap after
Heap after GC invocations=4 (full 0):
 PSYoungGen      total 35328K, used 2528K [0x00000000eaa80000, 0x00000000ecf80000, 0x0000000100000000)
  eden space 32768K, 0% used [0x00000000eaa80000,0x00000000eaa80000,0x00000000eca80000)
  from space 2560K, 98% used [0x00000000ecd00000,0x00000000ecf782e8,0x00000000ecf80000)
  to   space 2560K, 0% used [0x00000000eca80000,0x00000000eca80000,0x00000000ecd00000)
 ParOldGen       total 41984K, used 8272K [0x00000000c0000000, 0x00000000c2900000, 0x00000000eaa80000)
  object space 41984K, 19% used [0x00000000c0000000,0x00000000c08142c8,0x00000000c2900000)
 PSPermGen       total 21504K, used 5852K [0x00000000b5a00000, 0x00000000b6f00000, 0x00000000c0000000)
  object space 21504K, 27% used [0x00000000b5a00000,0x00000000b5fb7200,0x00000000b6f00000)
}
Event: 5,476 GC heap before
{Heap before GC invocations=5 (full 0):
 PSYoungGen      total 35328K, used 35296K [0x00000000eaa80000, 0x00000000ecf80000, 0x0000000100000000)
  eden space 32768K, 100% used [0x00000000eaa80000,0x00000000eca80000,0x00000000eca80000)
  from space 2560K, 98% used [0x00000000ecd00000,0x00000000ecf782e8,0x00000000ecf80000)
  to   space 2560K, 0% used [0x00000000eca80000,0x00000000eca80000,0x00000000ecd00000)
 ParOldGen       total 41984K, used 8272K [0x00000000c0000000, 0x00000000c2900000, 0x00000000eaa80000)
  object space 41984K, 19% used [0x00000000c0000000,0x00000000c08142c8,0x00000000c2900000)
 PSPermGen       total 21504K, used 5894K [0x00000000b5a00000, 0x00000000b6f00000, 0x00000000c0000000)
  object space 21504K, 27% used [0x00000000b5a00000,0x00000000b5fc1ba8,0x00000000b6f00000)
Event: 5,523 GC heap after
Heap after GC invocations=5 (full 0):
 PSYoungGen      total 35328K, used 2528K [0x00000000eaa80000, 0x00000000ef980000, 0x0000000100000000)
  eden space 32768K, 0% used [0x00000000eaa80000,0x00000000eaa80000,0x00000000eca80000)
  from space 2560K, 98% used [0x00000000eca80000,0x00000000eccf82c0,0x00000000ecd00000)
  to   space 7680K, 0% used [0x00000000ef200000,0x00000000ef200000,0x00000000ef980000)
 ParOldGen       total 41984K, used 13506K [0x00000000c0000000, 0x00000000c2900000, 0x00000000eaa80000)
  object space 41984K, 32% used [0x00000000c0000000,0x00000000c0d30a10,0x00000000c2900000)
 PSPermGen       total 21504K, used 5894K [0x00000000b5a00000, 0x00000000b6f00000, 0x00000000c0000000)
  object space 21504K, 27% used [0x00000000b5a00000,0x00000000b5fc1ba8,0x00000000b6f00000)
}
Event: 6,242 GC heap before
{Heap before GC invocations=6 (full 0):
 PSYoungGen      total 35328K, used 35296K [0x00000000eaa80000, 0x00000000ef980000, 0x0000000100000000)
  eden space 32768K, 100% used [0x00000000eaa80000,0x00000000eca80000,0x00000000eca80000)
  from space 2560K, 98% used [0x00000000eca80000,0x00000000eccf82c0,0x00000000ecd00000)
  to   space 7680K, 0% used [0x00000000ef200000,0x00000000ef200000,0x00000000ef980000)
 ParOldGen       total 41984K, used 13506K [0x00000000c0000000, 0x00000000c2900000, 0x00000000eaa80000)
  object space 41984K, 32% used [0x00000000c0000000,0x00000000c0d30a10,0x00000000c2900000)
 PSPermGen       total 21504K, used 5927K [0x00000000b5a00000, 0x00000000b6f00000, 0x00000000c0000000)
  object space 21504K, 27% used [0x00000000b5a00000,0x00000000b5fc9c60,0x00000000b6f00000)
Event: 6,276 GC heap after
Heap after GC invocations=6 (full 0):
 PSYoungGen      total 71680K, used 7670K [0x00000000eaa80000, 0x00000000efc80000, 0x0000000100000000)
  eden space 64000K, 0% used [0x00000000eaa80000,0x00000000eaa80000,0x00000000ee900000)
  from space 7680K, 99% used [0x00000000ef200000,0x00000000ef97d900,0x00000000ef980000)
  to   space 9216K, 0% used [0x00000000ee900000,0x00000000ee900000,0x00000000ef200000)
 ParOldGen       total 41984K, used 14372K [0x00000000c0000000, 0x00000000c2900000, 0x00000000eaa80000)
  object space 41984K, 34% used [0x00000000c0000000,0x00000000c0e09118,0x00000000c2900000)
 PSPermGen       total 21504K, used 5927K [0x00000000b5a00000, 0x00000000b6f00000, 0x00000000c0000000)
  object space 21504K, 27% used [0x00000000b5a00000,0x00000000b5fc9c60,0x00000000b6f00000)
}
Event: 7,375 GC heap before
{Heap before GC invocations=7 (full 0):
 PSYoungGen      total 71680K, used 71670K [0x00000000eaa80000, 0x00000000efc80000, 0x0000000100000000)
  eden space 64000K, 100% used [0x00000000eaa80000,0x00000000ee900000,0x00000000ee900000)
  from space 7680K, 99% used [0x00000000ef200000,0x00000000ef97d900,0x00000000ef980000)
  to   space 9216K, 0% used [0x00000000ee900000,0x00000000ee900000,0x00000000ef200000)
 ParOldGen       total 41984K, used 14372K [0x00000000c0000000, 0x00000000c2900000, 0x00000000eaa80000)
  object space 41984K, 34% used [0x00000000c0000000,0x00000000c0e09118,0x00000000c2900000)
 PSPermGen       total 21504K, used 5956K [0x00000000b5a00000, 0x00000000b6f00000, 0x00000000c0000000)
  object space 21504K, 27% used [0x00000000b5a00000,0x00000000b5fd1148,0x00000000b6f00000)

Deoptimization events (10 events):
Event: 6,660 Thread 0x00007fad08009000 Uncommon trap: reason=bimorphic action=maybe_recompile pc=0x00007fad0512f144 method=com.android.dx.ssa.LiteralOpUpgrader.tryReplacingWithConstant(Lcom/android/dx/ssa/NormalSsaInsn;)Z @ 62
Event: 6,660 Thread 0x00007fad08009000 Uncommon trap: reason=class_check action=maybe_recompile pc=0x00007fad05206850 method=com.android.dx.ssa.back.FirstFitLocalCombiningAllocator.findNextUnreservedRopReg(IILcom/android/dx/ssa/back/FirstFitLocalCombiningAllocator$Alignment;)I @ 60
Event: 6,661 Thread 0x00007fad08009000 Uncommon trap: reason=class_check action=maybe_recompile pc=0x00007fad05206850 method=com.android.dx.ssa.back.FirstFitLocalCombiningAllocator.findNextUnreservedRopReg(IILcom/android/dx/ssa/back/FirstFitLocalCombiningAllocator$Alignment;)I @ 60
Event: 6,661 Thread 0x00007fad08009000 Uncommon trap: reason=class_check action=maybe_recompile pc=0x00007fad05206850 method=com.android.dx.ssa.back.FirstFitLocalCombiningAllocator.findNextUnreservedRopReg(IILcom/android/dx/ssa/back/FirstFitLocalCombiningAllocator$Alignment;)I @ 60
Event: 6,661 Thread 0x00007fad08009000 Uncommon trap: reason=class_check action=maybe_recompile pc=0x00007fad05206850 method=com.android.dx.ssa.back.FirstFitLocalCombiningAllocator.findNextUnreservedRopReg(IILcom/android/dx/ssa/back/FirstFitLocalCombiningAllocator$Alignment;)I @ 60
Event: 6,667 Thread 0x00007fad08009000 Uncommon trap: reason=bimorphic action=maybe_recompile pc=0x00007fad0512f144 method=com.android.dx.ssa.LiteralOpUpgrader.tryReplacingWithConstant(Lcom/android/dx/ssa/NormalSsaInsn;)Z @ 62
Event: 6,814 Thread 0x00007fad08009000 Uncommon trap: reason=bimorphic action=maybe_recompile pc=0x00007fad051a3a18 method=com.android.dx.cf.code.RopperMachine.run(Lcom/android/dx/cf/code/Frame;II)V @ 310
Event: 6,816 Thread 0x00007fad08009000 Uncommon trap: reason=bimorphic action=maybe_recompile pc=0x00007fad051a3a18 method=com.android.dx.cf.code.RopperMachine.run(Lcom/android/dx/cf/code/Frame;II)V @ 310
Event: 6,816 Thread 0x00007fad08009000 Uncommon trap: reason=bimorphic action=maybe_recompile pc=0x00007fad051a3a18 method=com.android.dx.cf.code.RopperMachine.run(Lcom/android/dx/cf/code/Frame;II)V @ 310
Event: 6,816 Thread 0x00007fad08009000 Uncommon trap: reason=bimorphic action=maybe_recompile pc=0x00007fad051a3a18 method=com.android.dx.cf.code.RopperMachine.run(Lcom/android/dx/cf/code/Frame;II)V @ 310

Internal exceptions (10 events):
Event: 2,991 Thread 0x00007fad08009000 Threw 0x00000000eab068c8 at /build/java7-openjdk/src/icedtea-2.5.5/openjdk/hotspot/src/share/vm/prims/jvm.cpp:1284
Event: 3,606 Thread 0x00007fad08009000 Implicit null exception at 0x00007fad050bfe52 to 0x00007fad050bfef2
Event: 4,183 Thread 0x00007fad08009000 Threw 0x00000000eb3b09e8 at /build/java7-openjdk/src/icedtea-2.5.5/openjdk/hotspot/src/share/vm/prims/jvm.cpp:1284
Event: 5,433 Thread 0x00007fad08009000 Threw 0x00000000ec8b9578 at /build/java7-openjdk/src/icedtea-2.5.5/openjdk/hotspot/src/share/vm/prims/jvm.cpp:1284
Event: 5,810 Thread 0x00007fad08009000 Threw 0x00000000eb80ead0 at /build/java7-openjdk/src/icedtea-2.5.5/openjdk/hotspot/src/share/vm/prims/jvm.cpp:1284
Event: 6,093 Thread 0x00007fad08009000 Threw 0x00000000ec2eef20 at /build/java7-openjdk/src/icedtea-2.5.5/openjdk/hotspot/src/share/vm/prims/jvm.cpp:1284
Event: 6,109 Thread 0x00007fad08009000 Implicit null exception at 0x00007fad0517319c to 0x00007fad051732e9
Event: 6,109 Thread 0x00007fad08009000 Implicit null exception at 0x00007fad050a7628 to 0x00007fad050a7759
Event: 6,281 Thread 0x00007fad08009000 Implicit null exception at 0x00007fad050a7f79 to 0x00007fad050a8035
Event: 6,805 Thread 0x00007fad08009000 Threw 0x00000000ecbc79e0 at /build/java7-openjdk/src/icedtea-2.5.5/openjdk/hotspot/src/share/vm/prims/jvm.cpp:1284

Events (10 events):
Event: 6,816 Thread 0x00007fad08009000 Uncommon trap: trap_request=0xffffffc6 fr.pc=0x00007fad051a3a18
Event: 6,816 Thread 0x00007fad08009000 DEOPT PACKING pc=0x00007fad051a3a18 sp=0x00007fad10c9adf0
Event: 6,816 Thread 0x00007fad08009000 DEOPT UNPACKING pc=0x00007fad05039045 sp=0x00007fad10c9ad80 mode 2
Event: 6,816 Thread 0x00007fad08009000 Uncommon trap: trap_request=0xffffffc6 fr.pc=0x00007fad051a3a18
Event: 6,816 Thread 0x00007fad08009000 DEOPT PACKING pc=0x00007fad051a3a18 sp=0x00007fad10c9adf0
Event: 6,816 Thread 0x00007fad08009000 DEOPT UNPACKING pc=0x00007fad05039045 sp=0x00007fad10c9ad80 mode 2
Event: 6,816 Thread 0x00007fad08009000 Uncommon trap: trap_request=0xffffffc6 fr.pc=0x00007fad051a3a18
Event: 6,816 Thread 0x00007fad08009000 DEOPT PACKING pc=0x00007fad051a3a18 sp=0x00007fad10c9adf0
Event: 6,816 Thread 0x00007fad08009000 DEOPT UNPACKING pc=0x00007fad05039045 sp=0x00007fad10c9ad80 mode 2
Event: 7,375 Executing VM operation: ParallelGCFailedAllocation


Dynamic libraries:
00400000-00401000 r-xp 00000000 08:05 555982                             /usr/lib/jvm/java-7-openjdk/jre/bin/java
00600000-00601000 rw-p 00000000 08:05 555982                             /usr/lib/jvm/java-7-openjdk/jre/bin/java
01f6d000-01f8e000 rw-p 00000000 00:00 0                                  [heap]
b5a00000-b6f00000 rw-p 00000000 00:00 0 
b6f00000-c0000000 rw-p 00000000 00:00 0 
c0000000-c2900000 rw-p 00000000 00:00 0 
c2900000-eaa80000 rw-p 00000000 00:00 0 
eaa80000-efc80000 rw-p 00000000 00:00 0 
f4380000-100000000 rw-p 00000000 00:00 0 
7facd4000000-7facd4021000 rw-p 00000000 00:00 0 
7facd4021000-7facd8000000 ---p 00000000 00:00 0 
7facdc000000-7facdcdac000 rw-p 00000000 00:00 0 
7facdcdac000-7face0000000 ---p 00000000 00:00 0 
7face0000000-7face0021000 rw-p 00000000 00:00 0 
7face0021000-7face4000000 ---p 00000000 00:00 0 
7face4000000-7face4021000 rw-p 00000000 00:00 0 
7face4021000-7face8000000 ---p 00000000 00:00 0 
7face8000000-7face8f0e000 rw-p 00000000 00:00 0 
7face8f0e000-7facec000000 ---p 00000000 00:00 0 
7facec000000-7facec021000 rw-p 00000000 00:00 0 
7facec021000-7facf0000000 ---p 00000000 00:00 0 
7facf0000000-7facf0021000 rw-p 00000000 00:00 0 
7facf0021000-7facf4000000 ---p 00000000 00:00 0 
7facf4000000-7facf4021000 rw-p 00000000 00:00 0 
7facf4021000-7facf8000000 ---p 00000000 00:00 0 
7facf8000000-7facf8030000 rw-p 00000000 00:00 0 
7facf8030000-7facfc000000 ---p 00000000 00:00 0 
7facfc000000-7facfc021000 rw-p 00000000 00:00 0 
7facfc021000-7fad00000000 ---p 00000000 00:00 0 
7fad01537000-7fad015a5000 r-xp 00000000 08:05 530783                     /usr/lib/libpcre.so.1.2.5
7fad015a5000-7fad017a5000 ---p 0006e000 08:05 530783                     /usr/lib/libpcre.so.1.2.5
7fad017a5000-7fad017a6000 r--p 0006e000 08:05 530783                     /usr/lib/libpcre.so.1.2.5
7fad017a6000-7fad017a7000 rw-p 0006f000 08:05 530783                     /usr/lib/libpcre.so.1.2.5
7fad017a7000-7fad017af000 r-xp 00000000 08:05 535290                     /usr/lib/libffi.so.6.0.4
7fad017af000-7fad019ae000 ---p 00008000 08:05 535290                     /usr/lib/libffi.so.6.0.4
7fad019ae000-7fad019af000 r--p 00007000 08:05 535290                     /usr/lib/libffi.so.6.0.4
7fad019af000-7fad019b0000 rw-p 00008000 08:05 535290                     /usr/lib/libffi.so.6.0.4
7fad019b0000-7fad019c4000 r-xp 00000000 08:05 527352                     /usr/lib/libresolv-2.21.so
7fad019c4000-7fad01bc3000 ---p 00014000 08:05 527352                     /usr/lib/libresolv-2.21.so
7fad01bc3000-7fad01bc4000 r--p 00013000 08:05 527352                     /usr/lib/libresolv-2.21.so
7fad01bc4000-7fad01bc5000 rw-p 00014000 08:05 527352                     /usr/lib/libresolv-2.21.so
7fad01bc5000-7fad01bc7000 rw-p 00000000 00:00 0 
7fad01bc7000-7fad01bca000 r-xp 00000000 08:05 535373                     /usr/lib/libgmodule-2.0.so.0.4400.0
7fad01bca000-7fad01dc9000 ---p 00003000 08:05 535373                     /usr/lib/libgmodule-2.0.so.0.4400.0
7fad01dc9000-7fad01dca000 r--p 00002000 08:05 535373                     /usr/lib/libgmodule-2.0.so.0.4400.0
7fad01dca000-7fad01dcb000 rw-p 00003000 08:05 535373                     /usr/lib/libgmodule-2.0.so.0.4400.0
7fad01dcb000-7fad01ed7000 r-xp 00000000 08:05 535372                     /usr/lib/libglib-2.0.so.0.4400.0
7fad01ed7000-7fad020d6000 ---p 0010c000 08:05 535372                     /usr/lib/libglib-2.0.so.0.4400.0
7fad020d6000-7fad020d7000 r--p 0010b000 08:05 535372                     /usr/lib/libglib-2.0.so.0.4400.0
7fad020d7000-7fad020d8000 rw-p 0010c000 08:05 535372                     /usr/lib/libglib-2.0.so.0.4400.0
7fad020d8000-7fad020d9000 rw-p 00000000 00:00 0 
7fad020d9000-7fad02128000 r-xp 00000000 08:05 535375                     /usr/lib/libgobject-2.0.so.0.4400.0
7fad02128000-7fad02328000 ---p 0004f000 08:05 535375                     /usr/lib/libgobject-2.0.so.0.4400.0
7fad02328000-7fad02329000 r--p 0004f000 08:05 535375                     /usr/lib/libgobject-2.0.so.0.4400.0
7fad02329000-7fad0232a000 rw-p 00050000 08:05 535375                     /usr/lib/libgobject-2.0.so.0.4400.0
7fad0232a000-7fad024a0000 r-xp 00000000 08:05 535376                     /usr/lib/libgio-2.0.so.0.4400.0
7fad024a0000-7fad026a0000 ---p 00176000 08:05 535376                     /usr/lib/libgio-2.0.so.0.4400.0
7fad026a0000-7fad026a4000 r--p 00176000 08:05 535376                     /usr/lib/libgio-2.0.so.0.4400.0
7fad026a4000-7fad026a6000 rw-p 0017a000 08:05 535376                     /usr/lib/libgio-2.0.so.0.4400.0
7fad026a6000-7fad026a8000 rw-p 00000000 00:00 0 
7fad026a8000-7fad026bf000 r-xp 00000000 08:05 555956                     /usr/lib/jvm/java-7-openjdk/jre/lib/amd64/libnet.so
7fad026bf000-7fad028be000 ---p 00017000 08:05 555956                     /usr/lib/jvm/java-7-openjdk/jre/lib/amd64/libnet.so
7fad028be000-7fad028bf000 rw-p 00016000 08:05 555956                     /usr/lib/jvm/java-7-openjdk/jre/lib/amd64/libnet.so
7fad028bf000-7fad028cf000 r-xp 00000000 08:05 555957                     /usr/lib/jvm/java-7-openjdk/jre/lib/amd64/libnio.so
7fad028cf000-7fad02acf000 ---p 00010000 08:05 555957                     /usr/lib/jvm/java-7-openjdk/jre/lib/amd64/libnio.so
7fad02acf000-7fad02ad0000 rw-p 00010000 08:05 555957                     /usr/lib/jvm/java-7-openjdk/jre/lib/amd64/libnio.so
7fad02ad0000-7fad05000000 rw-p 00000000 00:00 0 
7fad05000000-7fad05270000 rwxp 00000000 00:00 0 
7fad05270000-7fad081e0000 rw-p 00000000 00:00 0 
7fad081e0000-7fad0c000000 ---p 00000000 00:00 0 
7fad0c067000-7fad0c098000 rw-p 00000000 00:00 0 
7fad0c099000-7fad0c0be000 r--p 00000000 08:05 527348                     /usr/share/locale/pl/LC_MESSAGES/libc.mo
7fad0c0be000-7fad0c0cf000 r--s 000b9000 08:07 916183                     /home/fuji/AndroidStudioProjects/TirtClient/app/build/intermediates/exploded-aar/com.android.support/support-v4/22.0.0/jars/classes.jar
7fad0c0cf000-7fad0c0d0000 ---p 00000000 00:00 0 
7fad0c0d0000-7fad0c1d0000 rw-p 00000000 00:00 0                          [stack:11429]
7fad0c1d0000-7fad0c1d3000 ---p 00000000 00:00 0 
7fad0c1d3000-7fad0c2d1000 rw-p 00000000 00:00 0                          [stack:11428]
7fad0c2d1000-7fad0c2d4000 ---p 00000000 00:00 0 
7fad0c2d4000-7fad0c3d2000 rw-p 00000000 00:00 0                          [stack:11427]
7fad0c3d2000-7fad0c3d5000 ---p 00000000 00:00 0 
7fad0c3d5000-7fad0c4d3000 rw-p 00000000 00:00 0                          [stack:11426]
7fad0c4d3000-7fad0c4d6000 ---p 00000000 00:00 0 
7fad0c4d6000-7fad0c5d4000 rw-p 00000000 00:00 0                          [stack:11425]
7fad0c5d4000-7fad0c647000 r--p 00000000 08:05 527780                     /usr/lib/locale/locale-archive
7fad0c647000-7fad0c64a000 ---p 00000000 00:00 0 
7fad0c64a000-7fad0c748000 rw-p 00000000 00:00 0                          [stack:11424]
7fad0c748000-7fad0c74b000 ---p 00000000 00:00 0 
7fad0c74b000-7fad0c849000 rw-p 00000000 00:00 0                          [stack:11423]
7fad0c849000-7fad0c84a000 ---p 00000000 00:00 0 
7fad0c84a000-7fad0d2ff000 rw-p 00000000 00:00 0                          [stack:11422]
7fad0d2ff000-7fad0d4b0000 r--s 01d27000 08:05 555057                     /usr/lib/jvm/java-7-openjdk/jre/lib/rt.jar
7fad0d4b0000-7fad0d7fc000 rw-p 00000000 00:00 0 
7fad0d7fc000-7fad0d7fd000 ---p 00000000 00:00 0 
7fad0d7fd000-7fad0d8fd000 rw-p 00000000 00:00 0                          [stack:11421]
7fad0d8fd000-7fad0d8fe000 ---p 00000000 00:00 0 
7fad0d8fe000-7fad0da09000 rw-p 00000000 00:00 0                          [stack:11420]
7fad0da09000-7fad0da51000 rw-p 00000000 00:00 0 
7fad0da51000-7fad0da66000 rw-p 00000000 00:00 0 
7fad0da66000-7fad0dba7000 rw-p 00000000 00:00 0 
7fad0dba7000-7fad0dbb2000 rw-p 00000000 00:00 0 
7fad0dbb2000-7fad0dbfa000 rw-p 00000000 00:00 0 
7fad0dbfa000-7fad0dc0f000 rw-p 00000000 00:00 0 
7fad0dc0f000-7fad0dd4f000 rw-p 00000000 00:00 0 
7fad0dd4f000-7fad0dd79000 rw-p 00000000 00:00 0 
7fad0dd79000-7fad0ddfa000 rw-p 00000000 00:00 0 
7fad0ddfa000-7fad0ddfb000 rw-p 00000000 00:00 0 
7fad0ddfb000-7fad0de03000 r-xp 00000000 08:05 555955                     /usr/lib/jvm/java-7-openjdk/jre/lib/amd64/libzip.so
7fad0de03000-7fad0e002000 ---p 00008000 08:05 555955                     /usr/lib/jvm/java-7-openjdk/jre/lib/amd64/libzip.so
7fad0e002000-7fad0e003000 rw-p 00007000 08:05 555955                     /usr/lib/jvm/java-7-openjdk/jre/lib/amd64/libzip.so
7fad0e003000-7fad0e00e000 r-xp 00000000 08:05 527356                     /usr/lib/libnss_files-2.21.so
7fad0e00e000-7fad0e20e000 ---p 0000b000 08:05 527356                     /usr/lib/libnss_files-2.21.so
7fad0e20e000-7fad0e20f000 r--p 0000b000 08:05 527356                     /usr/lib/libnss_files-2.21.so
7fad0e20f000-7fad0e210000 rw-p 0000c000 08:05 527356                     /usr/lib/libnss_files-2.21.so
7fad0e210000-7fad0e23c000 r-xp 00000000 08:05 555954                     /usr/lib/jvm/java-7-openjdk/jre/lib/amd64/libjava.so
7fad0e23c000-7fad0e43b000 ---p 0002c000 08:05 555954                     /usr/lib/jvm/java-7-openjdk/jre/lib/amd64/libjava.so
7fad0e43b000-7fad0e43d000 rw-p 0002b000 08:05 555954                     /usr/lib/jvm/java-7-openjdk/jre/lib/amd64/libjava.so
7fad0e43d000-7fad0e44a000 r-xp 00000000 08:05 555953                     /usr/lib/jvm/java-7-openjdk/jre/lib/amd64/libverify.so
7fad0e44a000-7fad0e649000 ---p 0000d000 08:05 555953                     /usr/lib/jvm/java-7-openjdk/jre/lib/amd64/libverify.so
7fad0e649000-7fad0e64b000 rw-p 0000c000 08:05 555953                     /usr/lib/jvm/java-7-openjdk/jre/lib/amd64/libverify.so
7fad0e64b000-7fad0e652000 r-xp 00000000 08:05 527442                     /usr/lib/librt-2.21.so
7fad0e652000-7fad0e851000 ---p 00007000 08:05 527442                     /usr/lib/librt-2.21.so
7fad0e851000-7fad0e852000 r--p 00006000 08:05 527442                     /usr/lib/librt-2.21.so
7fad0e852000-7fad0e853000 rw-p 00007000 08:05 527442                     /usr/lib/librt-2.21.so
7fad0e853000-7fad0e869000 r-xp 00000000 08:05 527804                     /usr/lib/libgcc_s.so.1
7fad0e869000-7fad0ea68000 ---p 00016000 08:05 527804                     /usr/lib/libgcc_s.so.1
7fad0ea68000-7fad0ea69000 rw-p 00015000 08:05 527804                     /usr/lib/libgcc_s.so.1
7fad0ea69000-7fad0eb6c000 r-xp 00000000 08:05 527491                     /usr/lib/libm-2.21.so
7fad0eb6c000-7fad0ed6c000 ---p 00103000 08:05 527491                     /usr/lib/libm-2.21.so
7fad0ed6c000-7fad0ed6d000 r--p 00103000 08:05 527491                     /usr/lib/libm-2.21.so
7fad0ed6d000-7fad0ed6e000 rw-p 00104000 08:05 527491                     /usr/lib/libm-2.21.so
7fad0ed6e000-7fad0ee5e000 r-xp 00000000 08:05 527808                     /usr/lib/libstdc++.so.6.0.20
7fad0ee5e000-7fad0f05e000 ---p 000f0000 08:05 527808                     /usr/lib/libstdc++.so.6.0.20
7fad0f05e000-7fad0f066000 r--p 000f0000 08:05 527808                     /usr/lib/libstdc++.so.6.0.20
7fad0f066000-7fad0f068000 rw-p 000f8000 08:05 527808                     /usr/lib/libstdc++.so.6.0.20
7fad0f068000-7fad0f07d000 rw-p 00000000 00:00 0 
7fad0f07d000-7fad0fbd2000 r-xp 00000000 08:05 662899                     /usr/lib/jvm/java-7-openjdk/jre/lib/amd64/server/libjvm.so
7fad0fbd2000-7fad0fdd2000 ---p 00b55000 08:05 662899                     /usr/lib/jvm/java-7-openjdk/jre/lib/amd64/server/libjvm.so
7fad0fdd2000-7fad0fe94000 rw-p 00b55000 08:05 662899                     /usr/lib/jvm/java-7-openjdk/jre/lib/amd64/server/libjvm.so
7fad0fe94000-7fad0fec0000 rw-p 00000000 00:00 0 
7fad0fec0000-7fad0fed5000 r-xp 00000000 08:05 530530                     /usr/lib/libz.so.1.2.8
7fad0fed5000-7fad100d4000 ---p 00015000 08:05 530530                     /usr/lib/libz.so.1.2.8
7fad100d4000-7fad100d5000 r--p 00014000 08:05 530530                     /usr/lib/libz.so.1.2.8
7fad100d5000-7fad100d6000 rw-p 00015000 08:05 530530                     /usr/lib/libz.so.1.2.8
7fad100d6000-7fad1026f000 r-xp 00000000 08:05 527366                     /usr/lib/libc-2.21.so
7fad1026f000-7fad1046f000 ---p 00199000 08:05 527366                     /usr/lib/libc-2.21.so
7fad1046f000-7fad10473000 r--p 00199000 08:05 527366                     /usr/lib/libc-2.21.so
7fad10473000-7fad10475000 rw-p 0019d000 08:05 527366                     /usr/lib/libc-2.21.so
7fad10475000-7fad10479000 rw-p 00000000 00:00 0 
7fad10479000-7fad1047b000 r-xp 00000000 08:05 527458                     /usr/lib/libdl-2.21.so
7fad1047b000-7fad1067b000 ---p 00002000 08:05 527458                     /usr/lib/libdl-2.21.so
7fad1067b000-7fad1067c000 r--p 00002000 08:05 527458                     /usr/lib/libdl-2.21.so
7fad1067c000-7fad1067d000 rw-p 00003000 08:05 527458                     /usr/lib/libdl-2.21.so
7fad1067d000-7fad1068a000 r-xp 00000000 08:05 662895                     /usr/lib/jvm/java-7-openjdk/jre/lib/amd64/jli/libjli.so
7fad1068a000-7fad10889000 ---p 0000d000 08:05 662895                     /usr/lib/jvm/java-7-openjdk/jre/lib/amd64/jli/libjli.so
7fad10889000-7fad1088a000 rw-p 0000c000 08:05 662895                     /usr/lib/jvm/java-7-openjdk/jre/lib/amd64/jli/libjli.so
7fad1088a000-7fad108a2000 r-xp 00000000 08:05 527440                     /usr/lib/libpthread-2.21.so
7fad108a2000-7fad10aa1000 ---p 00018000 08:05 527440                     /usr/lib/libpthread-2.21.so
7fad10aa1000-7fad10aa2000 r--p 00017000 08:05 527440                     /usr/lib/libpthread-2.21.so
7fad10aa2000-7fad10aa3000 rw-p 00018000 08:05 527440                     /usr/lib/libpthread-2.21.so
7fad10aa3000-7fad10aa7000 rw-p 00000000 00:00 0 
7fad10aa7000-7fad10ac9000 r-xp 00000000 08:05 527486                     /usr/lib/ld-2.21.so
7fad10acd000-7fad10adc000 r--s 000dd000 08:07 1445658                    /home/fuji/Android/Sdk/build-tools/22.0.1/lib/dx.jar
7fad10adc000-7fad10ae6000 rw-p 00000000 00:00 0 
7fad10ae6000-7fad10b9c000 rw-p 00000000 00:00 0 
7fad10b9c000-7fad10b9f000 ---p 00000000 00:00 0 
7fad10b9f000-7fad10ca1000 rw-p 00000000 00:00 0                          [stack:11418]
7fad10ca4000-7fad10cbd000 rw-p 00000000 00:00 0 
7fad10cbd000-7fad10cc5000 rw-s 00000000 00:20 59376                      /tmp/hsperfdata_fuji/11414
7fad10cc5000-7fad10cc6000 rw-p 00000000 00:00 0 
7fad10cc6000-7fad10cc7000 ---p 00000000 00:00 0 
7fad10cc7000-7fad10cc8000 rw-p 00000000 00:00 0 
7fad10cc8000-7fad10cc9000 r--p 00021000 08:05 527486                     /usr/lib/ld-2.21.so
7fad10cc9000-7fad10cca000 rw-p 00022000 08:05 527486                     /usr/lib/ld-2.21.so
7fad10cca000-7fad10ccb000 rw-p 00000000 00:00 0 
7ffdecdb7000-7ffdecdd8000 rw-p 00000000 00:00 0                          [stack]
7ffdecde9000-7ffdecdeb000 r--p 00000000 00:00 0                          [vvar]
7ffdecdeb000-7ffdecded000 r-xp 00000000 00:00 0                          [vdso]
ffffffffff600000-ffffffffff601000 r-xp 00000000 00:00 0                  [vsyscall]

VM Arguments:
jvm_args: -Xmx1024M -Dfile.encoding=UTF-8 -Duser.country=PL -Duser.language=pl -Duser.variant 
java_command: com.android.dx.command.Main --dex --output /home/fuji/AndroidStudioProjects/TirtClient/app/build/intermediates/pre-dexed/debug/classes-7cff51fc019965de3d29840091ccba743ff63d40.jar /home/fuji/AndroidStudioProjects/TirtClient/app/build/intermediates/exploded-aar/com.android.support/support-v4/22.0.0/jars/classes.jar
Launcher Type: SUN_STANDARD

Environment Variables:
PATH=~/.gem/ruby/2.1.0/bin/:~/.gem/ruby/2.1.0/gems/bundler-1.6.3/bin/:/usr/local/sbin:/usr/local/bin:/usr/bin:/usr/lib/jvm/default/bin:/usr/bin/site_perl:/usr/bin/vendor_perl:/usr/bin/core_perl:/home/fuji/.rvm/bin
LD_LIBRARY_PATH=.:
SHELL=/usr/bin/zsh
DISPLAY=:0

Signal Handlers:
SIGSEGV: [libjvm.so+0x989390], sa_mask[0]=0x7ffbfeff, sa_flags=0x10000004
SIGBUS: [libjvm.so+0x989390], sa_mask[0]=0x7ffbfeff, sa_flags=0x10000004
SIGFPE: [libjvm.so+0x7f74d0], sa_mask[0]=0x7ffbfeff, sa_flags=0x10000004
SIGPIPE: [libjvm.so+0x7f74d0], sa_mask[0]=0x7ffbfeff, sa_flags=0x10000004
SIGXFSZ: [libjvm.so+0x7f74d0], sa_mask[0]=0x7ffbfeff, sa_flags=0x10000004
SIGILL: [libjvm.so+0x7f74d0], sa_mask[0]=0x7ffbfeff, sa_flags=0x10000004
SIGUSR1: SIG_DFL, sa_mask[0]=0x00000000, sa_flags=0x00000000
SIGUSR2: [libjvm.so+0x7f7350], sa_mask[0]=0x00000004, sa_flags=0x10000004
SIGHUP: [libjvm.so+0x7f7550], sa_mask[0]=0x7ffbfeff, sa_flags=0x10000004
SIGINT: [libjvm.so+0x7f7550], sa_mask[0]=0x7ffbfeff, sa_flags=0x10000004
SIGTERM: [libjvm.so+0x7f7550], sa_mask[0]=0x7ffbfeff, sa_flags=0x10000004
SIGQUIT: [libjvm.so+0x7f7550], sa_mask[0]=0x7ffbfeff, sa_flags=0x10000004
SIGTRAP: SIG_DFL, sa_mask[0]=0x00000000, sa_flags=0x00000000


---------------  S Y S T E M  ---------------

OS:Linux
uname:Linux 4.0.2-1-ARCH #1 SMP PREEMPT Thu May 7 06:47:54 CEST 2015 x86_64
libc:glibc 2.21 NPTL 2.21 
rlimit: STACK 8192k, CORE 0k, NPROC 15803, NOFILE 4096, AS infinity
load average:5,69 2,39 2,01

/proc/meminfo:
MemTotal:        4051052 kB
MemFree:          103804 kB
MemAvailable:      41084 kB
Buffers:             720 kB
Cached:           802888 kB
SwapCached:            0 kB
Active:          3006160 kB
Inactive:         673272 kB
Active(anon):    3003920 kB
Inactive(anon):   652880 kB
Active(file):       2240 kB
Inactive(file):    20392 kB
Unevictable:           0 kB
Mlocked:               0 kB
SwapTotal:             0 kB
SwapFree:              0 kB
Dirty:               380 kB
Writeback:             0 kB
AnonPages:       2876096 kB
Mapped:           157808 kB
Shmem:            780704 kB
Slab:              46560 kB
SReclaimable:      20860 kB
SUnreclaim:        25700 kB
KernelStack:        3920 kB
PageTables:        12572 kB
NFS_Unstable:          0 kB
Bounce:                0 kB
WritebackTmp:          0 kB
CommitLimit:     2025524 kB
Committed_AS:    6002328 kB
VmallocTotal:   34359738367 kB
VmallocUsed:       78852 kB
VmallocChunk:   34359653364 kB
HardwareCorrupted:     0 kB
AnonHugePages:   1101824 kB
HugePages_Total:       0
HugePages_Free:        0
HugePages_Rsvd:        0
HugePages_Surp:        0
Hugepagesize:       2048 kB
DirectMap4k:      627520 kB
DirectMap2M:     3565568 kB


CPU:total 2 (2 cores per cpu, 1 threads per core) family 6 model 23 stepping 10, cmov, cx8, fxsr, mmx, sse, sse2, sse3, ssse3, sse4.1, tsc

/proc/cpuinfo:
processor	: 0
vendor_id	: GenuineIntel
cpu family	: 6
model		: 23
model name	: Intel(R) Core(TM)2 Duo CPU     E8500  @ 3.16GHz
stepping	: 10
microcode	: 0xa07
cpu MHz		: 3165.000
cache size	: 6144 KB
physical id	: 0
siblings	: 2
core id		: 0
cpu cores	: 2
apicid		: 0
initial apicid	: 0
fpu		: yes
fpu_exception	: yes
cpuid level	: 13
wp		: yes
flags		: fpu vme de pse tsc msr pae mce cx8 apic sep mtrr pge mca cmov pat pse36 clflush dts acpi mmx fxsr sse sse2 ss ht tm pbe syscall nx lm constant_tsc arch_perfmon pebs bts rep_good nopl aperfmperf pni dtes64 monitor ds_cpl vmx smx est tm2 ssse3 cx16 xtpr pdcm sse4_1 xsave lahf_lm dtherm tpr_shadow vnmi flexpriority
bugs		:
bogomips	: 6335.24
clflush size	: 64
cache_alignment	: 64
address sizes	: 36 bits physical, 48 bits virtual
power management:

processor	: 1
vendor_id	: GenuineIntel
cpu family	: 6
model		: 23
model name	: Intel(R) Core(TM)2 Duo CPU     E8500  @ 3.16GHz
stepping	: 10
microcode	: 0xa07
cpu MHz		: 3165.000
cache size	: 6144 KB
physical id	: 0
siblings	: 2
core id		: 1
cpu cores	: 2
apicid		: 1
initial apicid	: 1
fpu		: yes
fpu_exception	: yes
cpuid level	: 13
wp		: yes
flags		: fpu vme de pse tsc msr pae mce cx8 apic sep mtrr pge mca cmov pat pse36 clflush dts acpi mmx fxsr sse sse2 ss ht tm pbe syscall nx lm constant_tsc arch_perfmon pebs bts rep_good nopl aperfmperf pni dtes64 monitor ds_cpl vmx smx est tm2 ssse3 cx16 xtpr pdcm sse4_1 xsave lahf_lm dtherm tpr_shadow vnmi flexpriority
bugs		:
bogomips	: 6335.24
clflush size	: 64
cache_alignment	: 64
address sizes	: 36 bits physical, 48 bits virtual
power management:



Memory: 4k page, physical 4051052k(103804k free), swap 0k(0k free)

vm_info: OpenJDK 64-Bit Server VM (24.79-b02) for linux-amd64 JRE (1.7.0_79-b14), built on Apr 15 2015 12:42:59 by "builduser" with gcc 4.9.2 20150304 (prerelease)

time: Sat May 16 14:47:24 2015
elapsed time: 15 seconds

