#
# There is insufficient memory for the Java Runtime Environment to continue.
# Native memory allocation (malloc) failed to allocate 56623104 bytes for committing reserved memory.
# Possible reasons:
#   The system is out of physical RAM or swap space
#   In 32 bit mode, the process size limit was hit
# Possible solutions:
#   Reduce memory load on the system
#   Increase physical memory or swap space
#   Check if swap backing store is full
#   Use 64 bit Java on a 64 bit OS
#   Decrease Java heap size (-Xmx/-Xms)
#   Decrease number of Java threads
#   Decrease Java thread stack sizes (-Xss)
#   Set larger code cache with -XX:ReservedCodeCacheSize=
# This output file may be truncated or incomplete.
#
#  Out of Memory Error (os_linux.cpp:2809), pid=21607, tid=140342897641216
#
# JRE version: OpenJDK Runtime Environment (7.0_79-b14) (build 1.7.0_79-b14)
# Java VM: OpenJDK 64-Bit Server VM (24.79-b02 mixed mode linux-amd64 compressed oops)
# Derivative: IcedTea 2.5.5
# Distribution: Custom build (Wed Apr 15 12:39:15 UTC 2015)
# Failed to write core dump. Core dumps have been disabled. To enable core dumping, try "ulimit -c unlimited" before starting Java again
#

---------------  T H R E A D  ---------------

Current thread (0x00007fa424070000):  VMThread [stack: 0x00007fa4207f8000,0x00007fa4208f9000] [id=21614]

Stack: [0x00007fa4207f8000,0x00007fa4208f9000],  sp=0x00007fa4208f74e0,  free space=1021k
Native frames: (J=compiled Java code, j=interpreted, Vv=VM code, C=native code)
V  [libjvm.so+0x9888a6]
V  [libjvm.so+0x48eff2]
V  [libjvm.so+0x7fbf2b]
V  [libjvm.so+0x7f667e]
V  [libjvm.so+0x868ecb]
V  [libjvm.so+0x869d73]
V  [libjvm.so+0x86a48b]
V  [libjvm.so+0x865e99]
V  [libjvm.so+0x866678]
V  [libjvm.so+0x81e443]
V  [libjvm.so+0x98a172]
V  [libjvm.so+0x98ea07]
V  [libjvm.so+0x98cfeb]
V  [libjvm.so+0x98d696]
V  [libjvm.so+0x98db61]
V  [libjvm.so+0x7f8e72]

VM_Operation (0x00007fa42bcb5670): ParallelGCFailedAllocation, mode: safepoint, requested by thread 0x00007fa424009800


---------------  P R O C E S S  ---------------

Java Threads: ( => current thread )
  0x00007fa4240a8800 JavaThread "Service Thread" daemon [_thread_blocked, id=21620, stack(0x00007fa42017f000,0x00007fa420280000)]
  0x00007fa4240a6800 JavaThread "C2 CompilerThread1" daemon [_thread_blocked, id=21619, stack(0x00007fa420280000,0x00007fa420381000)]
  0x00007fa4240a3800 JavaThread "C2 CompilerThread0" daemon [_thread_blocked, id=21618, stack(0x00007fa420381000,0x00007fa420482000)]
  0x00007fa4240a1800 JavaThread "Signal Dispatcher" daemon [_thread_blocked, id=21617, stack(0x00007fa420482000,0x00007fa420583000)]
  0x00007fa424076800 JavaThread "Finalizer" daemon [_thread_blocked, id=21616, stack(0x00007fa4205f6000,0x00007fa4206f7000)]
  0x00007fa424074800 JavaThread "Reference Handler" daemon [_thread_blocked, id=21615, stack(0x00007fa4206f7000,0x00007fa4207f8000)]
  0x00007fa424009800 JavaThread "main" [_thread_blocked, id=21611, stack(0x00007fa42bbb6000,0x00007fa42bcb7000)]

Other Threads:
=>0x00007fa424070000 VMThread [stack: 0x00007fa4207f8000,0x00007fa4208f9000] [id=21614]
  0x00007fa4240ab800 WatcherThread [stack: 0x00007fa42007e000,0x00007fa42017f000] [id=21621]

VM state:at safepoint (normal execution)

VM Mutex/Monitor currently owned by a thread:  ([mutex/lock_event])
[0x00007fa424006ec0] Threads_lock - owner thread: 0x00007fa424070000
[0x00007fa4240073c0] Heap_lock - owner thread: 0x00007fa424009800

Heap
 PSYoungGen      total 35328K, used 2320K [0x00000000eaa80000, 0x00000000ecf80000, 0x0000000100000000)
  eden space 32768K, 0% used [0x00000000eaa80000,0x00000000eaa80000,0x00000000eca80000)
  from space 2560K, 90% used [0x00000000eca80000,0x00000000eccc4060,0x00000000ecd00000)
  to   space 2560K, 0% used [0x00000000ecd00000,0x00000000ecd00000,0x00000000ecf80000)
 ParOldGen       total 41984K, used 21148K [0x00000000c0000000, 0x00000000c2900000, 0x00000000eaa80000)
  object space 41984K, 50% used [0x00000000c0000000,0x00000000c14a7168,0x00000000c2900000)
 PSPermGen       total 21504K, used 7318K [0x00000000b5a00000, 0x00000000b6f00000, 0x00000000c0000000)
  object space 21504K, 34% used [0x00000000b5a00000,0x00000000b61258a0,0x00000000b6f00000)

Card table byte_map: [0x00007fa428bc1000,0x00007fa428e15000] byte_map_base: 0x00007fa428614000

Polling page: 0x00007fa42bce0000

Code Cache  [0x00007fa421000000, 0x00007fa421270000, 0x00007fa424000000)
 total_blobs=673 nmethods=419 adapters=204 free_code_cache=47994Kb largest_free_block=49126720

Compilation events (10 events):
Event: 3,767 Thread 0x00007fa4240a3800 nmethod 416 0x00007fa421104910 code [0x00007fa421104a40, 0x00007fa421104a98]
Event: 3,767 Thread 0x00007fa4240a3800  417             com.android.dex.Code::getDebugInfoOffset (5 bytes)
Event: 3,767 Thread 0x00007fa4240a3800 nmethod 417 0x00007fa421104710 code [0x00007fa421104840, 0x00007fa421104898]
Event: 3,767 Thread 0x00007fa4240a3800  418             com.android.dex.Code::getInstructions (5 bytes)
Event: 3,768 Thread 0x00007fa4240a3800 nmethod 418 0x00007fa421104510 code [0x00007fa421104640, 0x00007fa421104698]
Event: 3,768 Thread 0x00007fa4240a3800  419             com.android.dx.io.instructions.TwoRegisterDecodedInstruction::getRegisterCount (2 bytes)
Event: 3,768 Thread 0x00007fa4240a3800 nmethod 419 0x00007fa421104310 code [0x00007fa421104440, 0x00007fa421104498]
Event: 3,768 Thread 0x00007fa4240a3800  420             com.android.dx.io.instructions.ZeroRegisterDecodedInstruction::<init> (14 bytes)
Event: 3,775 Thread 0x00007fa4240a3800 nmethod 420 0x00007fa421106510 code [0x00007fa421106660, 0x00007fa421106758]
Event: 3,775 Thread 0x00007fa4240a3800  421             java.util.Collections::sort (52 bytes)

GC Heap History (9 events):
Event: 1,091 GC heap before
{Heap before GC invocations=1 (full 0):
 PSYoungGen      total 18944K, used 16384K [0x00000000eaa80000, 0x00000000ebf80000, 0x0000000100000000)
  eden space 16384K, 100% used [0x00000000eaa80000,0x00000000eba80000,0x00000000eba80000)
  from space 2560K, 0% used [0x00000000ebd00000,0x00000000ebd00000,0x00000000ebf80000)
  to   space 2560K, 0% used [0x00000000eba80000,0x00000000eba80000,0x00000000ebd00000)
 ParOldGen       total 41984K, used 0K [0x00000000c0000000, 0x00000000c2900000, 0x00000000eaa80000)
  object space 41984K, 0% used [0x00000000c0000000,0x00000000c0000000,0x00000000c2900000)
 PSPermGen       total 21504K, used 5222K [0x00000000b5a00000, 0x00000000b6f00000, 0x00000000c0000000)
  object space 21504K, 24% used [0x00000000b5a00000,0x00000000b5f19900,0x00000000b6f00000)
Event: 1,100 GC heap after
Heap after GC invocations=1 (full 0):
 PSYoungGen      total 18944K, used 2544K [0x00000000eaa80000, 0x00000000ebf80000, 0x0000000100000000)
  eden space 16384K, 0% used [0x00000000eaa80000,0x00000000eaa80000,0x00000000eba80000)
  from space 2560K, 99% used [0x00000000eba80000,0x00000000ebcfc028,0x00000000ebd00000)
  to   space 2560K, 0% used [0x00000000ebd00000,0x00000000ebd00000,0x00000000ebf80000)
 ParOldGen       total 41984K, used 1927K [0x00000000c0000000, 0x00000000c2900000, 0x00000000eaa80000)
  object space 41984K, 4% used [0x00000000c0000000,0x00000000c01e1d00,0x00000000c2900000)
 PSPermGen       total 21504K, used 5222K [0x00000000b5a00000, 0x00000000b6f00000, 0x00000000c0000000)
  object space 21504K, 24% used [0x00000000b5a00000,0x00000000b5f19900,0x00000000b6f00000)
}
Event: 2,336 GC heap before
{Heap before GC invocations=2 (full 0):
 PSYoungGen      total 18944K, used 17383K [0x00000000eaa80000, 0x00000000ebf80000, 0x0000000100000000)
  eden space 16384K, 90% used [0x00000000eaa80000,0x00000000eb8fdca0,0x00000000eba80000)
  from space 2560K, 99% used [0x00000000eba80000,0x00000000ebcfc028,0x00000000ebd00000)
  to   space 2560K, 0% used [0x00000000ebd00000,0x00000000ebd00000,0x00000000ebf80000)
 ParOldGen       total 41984K, used 1927K [0x00000000c0000000, 0x00000000c2900000, 0x00000000eaa80000)
  object space 41984K, 4% used [0x00000000c0000000,0x00000000c01e1d00,0x00000000c2900000)
 PSPermGen       total 21504K, used 5656K [0x00000000b5a00000, 0x00000000b6f00000, 0x00000000c0000000)
  object space 21504K, 26% used [0x00000000b5a00000,0x00000000b5f863c8,0x00000000b6f00000)
Event: 2,344 GC heap after
Heap after GC invocations=2 (full 0):
 PSYoungGen      total 18944K, used 2537K [0x00000000eaa80000, 0x00000000ebf80000, 0x0000000100000000)
  eden space 16384K, 0% used [0x00000000eaa80000,0x00000000eaa80000,0x00000000eba80000)
  from space 2560K, 99% used [0x00000000ebd00000,0x00000000ebf7a4e8,0x00000000ebf80000)
  to   space 2560K, 0% used [0x00000000eba80000,0x00000000eba80000,0x00000000ebd00000)
 ParOldGen       total 41984K, used 6820K [0x00000000c0000000, 0x00000000c2900000, 0x00000000eaa80000)
  object space 41984K, 16% used [0x00000000c0000000,0x00000000c06a9018,0x00000000c2900000)
 PSPermGen       total 21504K, used 5656K [0x00000000b5a00000, 0x00000000b6f00000, 0x00000000c0000000)
  object space 21504K, 26% used [0x00000000b5a00000,0x00000000b5f863c8,0x00000000b6f00000)
}
Event: 3,108 GC heap before
{Heap before GC invocations=3 (full 0):
 PSYoungGen      total 18944K, used 18921K [0x00000000eaa80000, 0x00000000ebf80000, 0x0000000100000000)
  eden space 16384K, 100% used [0x00000000eaa80000,0x00000000eba80000,0x00000000eba80000)
  from space 2560K, 99% used [0x00000000ebd00000,0x00000000ebf7a4e8,0x00000000ebf80000)
  to   space 2560K, 0% used [0x00000000eba80000,0x00000000eba80000,0x00000000ebd00000)
 ParOldGen       total 41984K, used 6820K [0x00000000c0000000, 0x00000000c2900000, 0x00000000eaa80000)
  object space 41984K, 16% used [0x00000000c0000000,0x00000000c06a9018,0x00000000c2900000)
 PSPermGen       total 21504K, used 7227K [0x00000000b5a00000, 0x00000000b6f00000, 0x00000000c0000000)
  object space 21504K, 33% used [0x00000000b5a00000,0x00000000b610ef00,0x00000000b6f00000)
Event: 3,120 GC heap after
Heap after GC invocations=3 (full 0):
 PSYoungGen      total 18944K, used 2544K [0x00000000eaa80000, 0x00000000ecf80000, 0x0000000100000000)
  eden space 16384K, 0% used [0x00000000eaa80000,0x00000000eaa80000,0x00000000eba80000)
  from space 2560K, 99% used [0x00000000eba80000,0x00000000ebcfc060,0x00000000ebd00000)
  to   space 2560K, 0% used [0x00000000ecd00000,0x00000000ecd00000,0x00000000ecf80000)
 ParOldGen       total 41984K, used 16910K [0x00000000c0000000, 0x00000000c2900000, 0x00000000eaa80000)
  object space 41984K, 40% used [0x00000000c0000000,0x00000000c1083be8,0x00000000c2900000)
 PSPermGen       total 21504K, used 7227K [0x00000000b5a00000, 0x00000000b6f00000, 0x00000000c0000000)
  object space 21504K, 33% used [0x00000000b5a00000,0x00000000b610ef00,0x00000000b6f00000)
}
Event: 3,439 GC heap before
{Heap before GC invocations=4 (full 0):
 PSYoungGen      total 18944K, used 18928K [0x00000000eaa80000, 0x00000000ecf80000, 0x0000000100000000)
  eden space 16384K, 100% used [0x00000000eaa80000,0x00000000eba80000,0x00000000eba80000)
  from space 2560K, 99% used [0x00000000eba80000,0x00000000ebcfc060,0x00000000ebd00000)
  to   space 2560K, 0% used [0x00000000ecd00000,0x00000000ecd00000,0x00000000ecf80000)
 ParOldGen       total 41984K, used 16910K [0x00000000c0000000, 0x00000000c2900000, 0x00000000eaa80000)
  object space 41984K, 40% used [0x00000000c0000000,0x00000000c1083be8,0x00000000c2900000)
 PSPermGen       total 21504K, used 7277K [0x00000000b5a00000, 0x00000000b6f00000, 0x00000000c0000000)
  object space 21504K, 33% used [0x00000000b5a00000,0x00000000b611b7c0,0x00000000b6f00000)
Event: 3,447 GC heap after
Heap after GC invocations=4 (full 0):
 PSYoungGen      total 35328K, used 2544K [0x00000000eaa80000, 0x00000000ecf80000, 0x0000000100000000)
  eden space 32768K, 0% used [0x00000000eaa80000,0x00000000eaa80000,0x00000000eca80000)
  from space 2560K, 99% used [0x00000000ecd00000,0x00000000ecf7c2d8,0x00000000ecf80000)
  to   space 2560K, 0% used [0x00000000eca80000,0x00000000eca80000,0x00000000ecd00000)
 ParOldGen       total 41984K, used 18924K [0x00000000c0000000, 0x00000000c2900000, 0x00000000eaa80000)
  object space 41984K, 45% used [0x00000000c0000000,0x00000000c127b350,0x00000000c2900000)
 PSPermGen       total 21504K, used 7277K [0x00000000b5a00000, 0x00000000b6f00000, 0x00000000c0000000)
  object space 21504K, 33% used [0x00000000b5a00000,0x00000000b611b7c0,0x00000000b6f00000)
}
Event: 6,238 GC heap before
{Heap before GC invocations=5 (full 0):
 PSYoungGen      total 35328K, used 34748K [0x00000000eaa80000, 0x00000000ecf80000, 0x0000000100000000)
  eden space 32768K, 98% used [0x00000000eaa80000,0x00000000ec9f2e60,0x00000000eca80000)
  from space 2560K, 99% used [0x00000000ecd00000,0x00000000ecf7c2d8,0x00000000ecf80000)
  to   space 2560K, 0% used [0x00000000eca80000,0x00000000eca80000,0x00000000ecd00000)
 ParOldGen       total 41984K, used 18924K [0x00000000c0000000, 0x00000000c2900000, 0x00000000eaa80000)
  object space 41984K, 45% used [0x00000000c0000000,0x00000000c127b350,0x00000000c2900000)
 PSPermGen       total 21504K, used 7318K [0x00000000b5a00000, 0x00000000b6f00000, 0x00000000c0000000)
  object space 21504K, 34% used [0x00000000b5a00000,0x00000000b61258a0,0x00000000b6f00000)

Deoptimization events (10 events):
Event: 2,937 Thread 0x00007fa424009800 Uncommon trap: reason=bimorphic action=maybe_recompile pc=0x00007fa42109a108 method=java.util.HashMap.put(Ljava/lang/Object;Ljava/lang/Object;)Ljava/lang/Object; @ 83
Event: 2,937 Thread 0x00007fa424009800 Uncommon trap: reason=bimorphic action=maybe_recompile pc=0x00007fa42109a108 method=java.util.HashMap.put(Ljava/lang/Object;Ljava/lang/Object;)Ljava/lang/Object; @ 83
Event: 2,937 Thread 0x00007fa424009800 Uncommon trap: reason=bimorphic action=maybe_recompile pc=0x00007fa42109a108 method=java.util.HashMap.put(Ljava/lang/Object;Ljava/lang/Object;)Ljava/lang/Object; @ 83
Event: 2,938 Thread 0x00007fa424009800 Uncommon trap: reason=bimorphic action=maybe_recompile pc=0x00007fa42109a108 method=java.util.HashMap.put(Ljava/lang/Object;Ljava/lang/Object;)Ljava/lang/Object; @ 83
Event: 3,036 Thread 0x00007fa424009800 Uncommon trap: reason=class_check action=maybe_recompile pc=0x00007fa4210aec0c method=com.android.dex.Leb128.readUnsignedLeb128(Lcom/android/dex/util/ByteInput;)I @ 5
Event: 3,036 Thread 0x00007fa424009800 Uncommon trap: reason=class_check action=maybe_recompile pc=0x00007fa4210aec0c method=com.android.dex.Leb128.readUnsignedLeb128(Lcom/android/dex/util/ByteInput;)I @ 5
Event: 3,036 Thread 0x00007fa424009800 Uncommon trap: reason=class_check action=maybe_recompile pc=0x00007fa4210aec0c method=com.android.dex.Leb128.readUnsignedLeb128(Lcom/android/dex/util/ByteInput;)I @ 5
Event: 3,036 Thread 0x00007fa424009800 Uncommon trap: reason=class_check action=maybe_recompile pc=0x00007fa4210aec0c method=com.android.dex.Leb128.readUnsignedLeb128(Lcom/android/dex/util/ByteInput;)I @ 5
Event: 3,105 Thread 0x00007fa424009800 Uncommon trap: reason=predicate action=maybe_recompile pc=0x00007fa4210ba1b8 method=com.android.dex.Leb128.readUnsignedLeb128(Lcom/android/dex/util/ByteInput;)I @ 41
Event: 3,463 Thread 0x00007fa424009800 Uncommon trap: reason=predicate action=maybe_recompile pc=0x00007fa4210e3e24 method=java.util.ComparableTimSort.binarySort([Ljava/lang/Object;III)V @ 37

Internal exceptions (10 events):
Event: 2,846 Thread 0x00007fa424009800 Threw 0x00000000eb693fa0 at /build/java7-openjdk/src/icedtea-2.5.5/openjdk/hotspot/src/share/vm/prims/jvm.cpp:1284
Event: 2,848 Thread 0x00007fa424009800 Threw 0x00000000eb69b318 at /build/java7-openjdk/src/icedtea-2.5.5/openjdk/hotspot/src/share/vm/prims/jvm.cpp:1284
Event: 2,848 Thread 0x00007fa424009800 Threw 0x00000000eb69d370 at /build/java7-openjdk/src/icedtea-2.5.5/openjdk/hotspot/src/share/vm/prims/jvm.cpp:1284
Event: 2,960 Thread 0x00007fa424009800 Threw 0x00000000eb73ec18 at /build/java7-openjdk/src/icedtea-2.5.5/openjdk/hotspot/src/share/vm/prims/jvm.cpp:1284
Event: 2,960 Thread 0x00007fa424009800 Threw 0x00000000eb73ed40 at /build/java7-openjdk/src/icedtea-2.5.5/openjdk/hotspot/src/share/vm/prims/jvm.cpp:1284
Event: 2,960 Thread 0x00007fa424009800 Threw 0x00000000eb741188 at /build/java7-openjdk/src/icedtea-2.5.5/openjdk/hotspot/src/share/vm/prims/jvm.cpp:1284
Event: 2,960 Thread 0x00007fa424009800 Threw 0x00000000eb7412b0 at /build/java7-openjdk/src/icedtea-2.5.5/openjdk/hotspot/src/share/vm/prims/jvm.cpp:1284
Event: 2,960 Thread 0x00007fa424009800 Threw 0x00000000eb741c38 at /build/java7-openjdk/src/icedtea-2.5.5/openjdk/hotspot/src/share/vm/prims/jvm.cpp:1284
Event: 2,960 Thread 0x00007fa424009800 Threw 0x00000000eb741d60 at /build/java7-openjdk/src/icedtea-2.5.5/openjdk/hotspot/src/share/vm/prims/jvm.cpp:1284
Event: 3,402 Thread 0x00007fa424009800 Threw 0x00000000eb7a8018 at /build/java7-openjdk/src/icedtea-2.5.5/openjdk/hotspot/src/share/vm/prims/jvm.cpp:1284

Events (10 events):
Event: 3,439 Executing VM operation: ParallelGCFailedAllocation
Event: 3,447 Executing VM operation: ParallelGCFailedAllocation done
Event: 3,463 Thread 0x00007fa424009800 Uncommon trap: trap_request=0xffffff86 fr.pc=0x00007fa4210e3e24
Event: 3,463 Thread 0x00007fa424009800 DEOPT PACKING pc=0x00007fa4210e3e24 sp=0x00007fa42bcb54a0
Event: 3,463 Thread 0x00007fa424009800 DEOPT UNPACKING pc=0x00007fa421039045 sp=0x00007fa42bcb5480 mode 2
Event: 3,635 loading class 0x00007fa428579b90
Event: 3,653 loading class 0x00007fa428579b90 done
Event: 5,543 Executing VM operation: EnableBiasedLocking
Event: 5,543 Executing VM operation: EnableBiasedLocking done
Event: 5,729 Executing VM operation: ParallelGCFailedAllocation


Dynamic libraries:
00400000-00401000 r-xp 00000000 08:05 555982                             /usr/lib/jvm/java-7-openjdk/jre/bin/java
00600000-00601000 rw-p 00000000 08:05 555982                             /usr/lib/jvm/java-7-openjdk/jre/bin/java
00f3c000-00f5d000 rw-p 00000000 00:00 0                                  [heap]
b5a00000-b6f00000 rw-p 00000000 00:00 0 
b6f00000-c0000000 rw-p 00000000 00:00 0 
c0000000-c2900000 rw-p 00000000 00:00 0 
c2900000-eaa80000 rw-p 00000000 00:00 0 
eaa80000-ecf80000 rw-p 00000000 00:00 0 
f0580000-100000000 rw-p 00000000 00:00 0 
7fa3f0000000-7fa3f0021000 rw-p 00000000 00:00 0 
7fa3f0021000-7fa3f4000000 ---p 00000000 00:00 0 
7fa3f8000000-7fa3f86e5000 rw-p 00000000 00:00 0 
7fa3f86e5000-7fa3fc000000 ---p 00000000 00:00 0 
7fa3fc000000-7fa3fc021000 rw-p 00000000 00:00 0 
7fa3fc021000-7fa400000000 ---p 00000000 00:00 0 
7fa400000000-7fa400021000 rw-p 00000000 00:00 0 
7fa400021000-7fa404000000 ---p 00000000 00:00 0 
7fa404000000-7fa4049b0000 rw-p 00000000 00:00 0 
7fa4049b0000-7fa408000000 ---p 00000000 00:00 0 
7fa408000000-7fa408021000 rw-p 00000000 00:00 0 
7fa408021000-7fa40c000000 ---p 00000000 00:00 0 
7fa40c000000-7fa40c021000 rw-p 00000000 00:00 0 
7fa40c021000-7fa410000000 ---p 00000000 00:00 0 
7fa410000000-7fa410030000 rw-p 00000000 00:00 0 
7fa410030000-7fa414000000 ---p 00000000 00:00 0 
7fa414000000-7fa414021000 rw-p 00000000 00:00 0 
7fa414021000-7fa418000000 ---p 00000000 00:00 0 
7fa418537000-7fa4185a5000 r-xp 00000000 08:05 530783                     /usr/lib/libpcre.so.1.2.5
7fa4185a5000-7fa4187a5000 ---p 0006e000 08:05 530783                     /usr/lib/libpcre.so.1.2.5
7fa4187a5000-7fa4187a6000 r--p 0006e000 08:05 530783                     /usr/lib/libpcre.so.1.2.5
7fa4187a6000-7fa4187a7000 rw-p 0006f000 08:05 530783                     /usr/lib/libpcre.so.1.2.5
7fa4187a7000-7fa4187af000 r-xp 00000000 08:05 535290                     /usr/lib/libffi.so.6.0.4
7fa4187af000-7fa4189ae000 ---p 00008000 08:05 535290                     /usr/lib/libffi.so.6.0.4
7fa4189ae000-7fa4189af000 r--p 00007000 08:05 535290                     /usr/lib/libffi.so.6.0.4
7fa4189af000-7fa4189b0000 rw-p 00008000 08:05 535290                     /usr/lib/libffi.so.6.0.4
7fa4189b0000-7fa4189c4000 r-xp 00000000 08:05 527352                     /usr/lib/libresolv-2.21.so
7fa4189c4000-7fa418bc3000 ---p 00014000 08:05 527352                     /usr/lib/libresolv-2.21.so
7fa418bc3000-7fa418bc4000 r--p 00013000 08:05 527352                     /usr/lib/libresolv-2.21.so
7fa418bc4000-7fa418bc5000 rw-p 00014000 08:05 527352                     /usr/lib/libresolv-2.21.so
7fa418bc5000-7fa418bc7000 rw-p 00000000 00:00 0 
7fa418bc7000-7fa418bca000 r-xp 00000000 08:05 535373                     /usr/lib/libgmodule-2.0.so.0.4400.0
7fa418bca000-7fa418dc9000 ---p 00003000 08:05 535373                     /usr/lib/libgmodule-2.0.so.0.4400.0
7fa418dc9000-7fa418dca000 r--p 00002000 08:05 535373                     /usr/lib/libgmodule-2.0.so.0.4400.0
7fa418dca000-7fa418dcb000 rw-p 00003000 08:05 535373                     /usr/lib/libgmodule-2.0.so.0.4400.0
7fa418dcb000-7fa418ed7000 r-xp 00000000 08:05 535372                     /usr/lib/libglib-2.0.so.0.4400.0
7fa418ed7000-7fa4190d6000 ---p 0010c000 08:05 535372                     /usr/lib/libglib-2.0.so.0.4400.0
7fa4190d6000-7fa4190d7000 r--p 0010b000 08:05 535372                     /usr/lib/libglib-2.0.so.0.4400.0
7fa4190d7000-7fa4190d8000 rw-p 0010c000 08:05 535372                     /usr/lib/libglib-2.0.so.0.4400.0
7fa4190d8000-7fa4190d9000 rw-p 00000000 00:00 0 
7fa4190d9000-7fa419128000 r-xp 00000000 08:05 535375                     /usr/lib/libgobject-2.0.so.0.4400.0
7fa419128000-7fa419328000 ---p 0004f000 08:05 535375                     /usr/lib/libgobject-2.0.so.0.4400.0
7fa419328000-7fa419329000 r--p 0004f000 08:05 535375                     /usr/lib/libgobject-2.0.so.0.4400.0
7fa419329000-7fa41932a000 rw-p 00050000 08:05 535375                     /usr/lib/libgobject-2.0.so.0.4400.0
7fa41932a000-7fa4194a0000 r-xp 00000000 08:05 535376                     /usr/lib/libgio-2.0.so.0.4400.0
7fa4194a0000-7fa4196a0000 ---p 00176000 08:05 535376                     /usr/lib/libgio-2.0.so.0.4400.0
7fa4196a0000-7fa4196a4000 r--p 00176000 08:05 535376                     /usr/lib/libgio-2.0.so.0.4400.0
7fa4196a4000-7fa4196a6000 rw-p 0017a000 08:05 535376                     /usr/lib/libgio-2.0.so.0.4400.0
7fa4196a6000-7fa4196a8000 rw-p 00000000 00:00 0 
7fa4196a8000-7fa4196bf000 r-xp 00000000 08:05 555956                     /usr/lib/jvm/java-7-openjdk/jre/lib/amd64/libnet.so
7fa4196bf000-7fa4198be000 ---p 00017000 08:05 555956                     /usr/lib/jvm/java-7-openjdk/jre/lib/amd64/libnet.so
7fa4198be000-7fa4198bf000 rw-p 00016000 08:05 555956                     /usr/lib/jvm/java-7-openjdk/jre/lib/amd64/libnet.so
7fa4198bf000-7fa4198cf000 r-xp 00000000 08:05 555957                     /usr/lib/jvm/java-7-openjdk/jre/lib/amd64/libnio.so
7fa4198cf000-7fa419acf000 ---p 00010000 08:05 555957                     /usr/lib/jvm/java-7-openjdk/jre/lib/amd64/libnio.so
7fa419acf000-7fa419ad0000 rw-p 00010000 08:05 555957                     /usr/lib/jvm/java-7-openjdk/jre/lib/amd64/libnio.so
7fa419ad0000-7fa41c000000 rw-p 00000000 00:00 0 
7fa41c000000-7fa41c021000 rw-p 00000000 00:00 0 
7fa41c021000-7fa420000000 ---p 00000000 00:00 0 
7fa42007e000-7fa42007f000 ---p 00000000 00:00 0 
7fa42007f000-7fa42017f000 rw-p 00000000 00:00 0                          [stack:21621]
7fa42017f000-7fa420182000 ---p 00000000 00:00 0 
7fa420182000-7fa420280000 rw-p 00000000 00:00 0                          [stack:21620]
7fa420280000-7fa420283000 ---p 00000000 00:00 0 
7fa420283000-7fa420381000 rw-p 00000000 00:00 0                          [stack:21619]
7fa420381000-7fa420384000 ---p 00000000 00:00 0 
7fa420384000-7fa420482000 rw-p 00000000 00:00 0                          [stack:21618]
7fa420482000-7fa420485000 ---p 00000000 00:00 0 
7fa420485000-7fa420583000 rw-p 00000000 00:00 0                          [stack:21617]
7fa420583000-7fa4205f6000 r--p 00000000 08:05 527780                     /usr/lib/locale/locale-archive
7fa4205f6000-7fa4205f9000 ---p 00000000 00:00 0 
7fa4205f9000-7fa4206f7000 rw-p 00000000 00:00 0                          [stack:21616]
7fa4206f7000-7fa4206fa000 ---p 00000000 00:00 0 
7fa4206fa000-7fa4207f8000 rw-p 00000000 00:00 0                          [stack:21615]
7fa4207f8000-7fa4207f9000 ---p 00000000 00:00 0 
7fa4207f9000-7fa421000000 rw-p 00000000 00:00 0                          [stack:21614]
7fa421000000-7fa421270000 rwxp 00000000 00:00 0 
7fa421270000-7fa424262000 rw-p 00000000 00:00 0 
7fa424262000-7fa428000000 ---p 00000000 00:00 0 
7fa428041000-7fa428066000 r--p 00000000 08:05 527348                     /usr/share/locale/pl/LC_MESSAGES/libc.mo
7fa428066000-7fa42806b000 r--s 0004d000 08:05 555059                     /usr/lib/jvm/java-7-openjdk/jre/lib/jsse.jar
7fa42806b000-7fa428319000 rw-p 00000000 00:00 0 
7fa428319000-7fa4284ca000 r--s 01d27000 08:05 555057                     /usr/lib/jvm/java-7-openjdk/jre/lib/rt.jar
7fa4284ca000-7fa428816000 rw-p 00000000 00:00 0 
7fa428816000-7fa428817000 ---p 00000000 00:00 0 
7fa428817000-7fa428917000 rw-p 00000000 00:00 0                          [stack:21613]
7fa428917000-7fa428918000 ---p 00000000 00:00 0 
7fa428918000-7fa428a23000 rw-p 00000000 00:00 0                          [stack:21612]
7fa428a23000-7fa428a6b000 rw-p 00000000 00:00 0 
7fa428a6b000-7fa428a80000 rw-p 00000000 00:00 0 
7fa428a80000-7fa428bc1000 rw-p 00000000 00:00 0 
7fa428bc1000-7fa428bcc000 rw-p 00000000 00:00 0 
7fa428bcc000-7fa428c14000 rw-p 00000000 00:00 0 
7fa428c14000-7fa428c29000 rw-p 00000000 00:00 0 
7fa428c29000-7fa428d69000 rw-p 00000000 00:00 0 
7fa428d69000-7fa428d7c000 rw-p 00000000 00:00 0 
7fa428d7c000-7fa428e14000 rw-p 00000000 00:00 0 
7fa428e14000-7fa428e15000 rw-p 00000000 00:00 0 
7fa428e15000-7fa428e1d000 r-xp 00000000 08:05 555955                     /usr/lib/jvm/java-7-openjdk/jre/lib/amd64/libzip.so
7fa428e1d000-7fa42901c000 ---p 00008000 08:05 555955                     /usr/lib/jvm/java-7-openjdk/jre/lib/amd64/libzip.so
7fa42901c000-7fa42901d000 rw-p 00007000 08:05 555955                     /usr/lib/jvm/java-7-openjdk/jre/lib/amd64/libzip.so
7fa42901d000-7fa429028000 r-xp 00000000 08:05 527356                     /usr/lib/libnss_files-2.21.so
7fa429028000-7fa429228000 ---p 0000b000 08:05 527356                     /usr/lib/libnss_files-2.21.so
7fa429228000-7fa429229000 r--p 0000b000 08:05 527356                     /usr/lib/libnss_files-2.21.so
7fa429229000-7fa42922a000 rw-p 0000c000 08:05 527356                     /usr/lib/libnss_files-2.21.so
7fa42922a000-7fa429256000 r-xp 00000000 08:05 555954                     /usr/lib/jvm/java-7-openjdk/jre/lib/amd64/libjava.so
7fa429256000-7fa429455000 ---p 0002c000 08:05 555954                     /usr/lib/jvm/java-7-openjdk/jre/lib/amd64/libjava.so
7fa429455000-7fa429457000 rw-p 0002b000 08:05 555954                     /usr/lib/jvm/java-7-openjdk/jre/lib/amd64/libjava.so
7fa429457000-7fa429464000 r-xp 00000000 08:05 555953                     /usr/lib/jvm/java-7-openjdk/jre/lib/amd64/libverify.so
7fa429464000-7fa429663000 ---p 0000d000 08:05 555953                     /usr/lib/jvm/java-7-openjdk/jre/lib/amd64/libverify.so
7fa429663000-7fa429665000 rw-p 0000c000 08:05 555953                     /usr/lib/jvm/java-7-openjdk/jre/lib/amd64/libverify.so
7fa429665000-7fa42966c000 r-xp 00000000 08:05 527442                     /usr/lib/librt-2.21.so
7fa42966c000-7fa42986b000 ---p 00007000 08:05 527442                     /usr/lib/librt-2.21.so
7fa42986b000-7fa42986c000 r--p 00006000 08:05 527442                     /usr/lib/librt-2.21.so
7fa42986c000-7fa42986d000 rw-p 00007000 08:05 527442                     /usr/lib/librt-2.21.so
7fa42986d000-7fa429883000 r-xp 00000000 08:05 527804                     /usr/lib/libgcc_s.so.1
7fa429883000-7fa429a82000 ---p 00016000 08:05 527804                     /usr/lib/libgcc_s.so.1
7fa429a82000-7fa429a83000 rw-p 00015000 08:05 527804                     /usr/lib/libgcc_s.so.1
7fa429a83000-7fa429b86000 r-xp 00000000 08:05 527491                     /usr/lib/libm-2.21.so
7fa429b86000-7fa429d86000 ---p 00103000 08:05 527491                     /usr/lib/libm-2.21.so
7fa429d86000-7fa429d87000 r--p 00103000 08:05 527491                     /usr/lib/libm-2.21.so
7fa429d87000-7fa429d88000 rw-p 00104000 08:05 527491                     /usr/lib/libm-2.21.so
7fa429d88000-7fa429e78000 r-xp 00000000 08:05 527808                     /usr/lib/libstdc++.so.6.0.20
7fa429e78000-7fa42a078000 ---p 000f0000 08:05 527808                     /usr/lib/libstdc++.so.6.0.20
7fa42a078000-7fa42a080000 r--p 000f0000 08:05 527808                     /usr/lib/libstdc++.so.6.0.20
7fa42a080000-7fa42a082000 rw-p 000f8000 08:05 527808                     /usr/lib/libstdc++.so.6.0.20
7fa42a082000-7fa42a097000 rw-p 00000000 00:00 0 
7fa42a097000-7fa42abec000 r-xp 00000000 08:05 662899                     /usr/lib/jvm/java-7-openjdk/jre/lib/amd64/server/libjvm.so
7fa42abec000-7fa42adec000 ---p 00b55000 08:05 662899                     /usr/lib/jvm/java-7-openjdk/jre/lib/amd64/server/libjvm.so
7fa42adec000-7fa42aeae000 rw-p 00b55000 08:05 662899                     /usr/lib/jvm/java-7-openjdk/jre/lib/amd64/server/libjvm.so
7fa42aeae000-7fa42aeda000 rw-p 00000000 00:00 0 
7fa42aeda000-7fa42aeef000 r-xp 00000000 08:05 530530                     /usr/lib/libz.so.1.2.8
7fa42aeef000-7fa42b0ee000 ---p 00015000 08:05 530530                     /usr/lib/libz.so.1.2.8
7fa42b0ee000-7fa42b0ef000 r--p 00014000 08:05 530530                     /usr/lib/libz.so.1.2.8
7fa42b0ef000-7fa42b0f0000 rw-p 00015000 08:05 530530                     /usr/lib/libz.so.1.2.8
7fa42b0f0000-7fa42b289000 r-xp 00000000 08:05 527366                     /usr/lib/libc-2.21.so
7fa42b289000-7fa42b489000 ---p 00199000 08:05 527366                     /usr/lib/libc-2.21.so
7fa42b489000-7fa42b48d000 r--p 00199000 08:05 527366                     /usr/lib/libc-2.21.so
7fa42b48d000-7fa42b48f000 rw-p 0019d000 08:05 527366                     /usr/lib/libc-2.21.so
7fa42b48f000-7fa42b493000 rw-p 00000000 00:00 0 
7fa42b493000-7fa42b495000 r-xp 00000000 08:05 527458                     /usr/lib/libdl-2.21.so
7fa42b495000-7fa42b695000 ---p 00002000 08:05 527458                     /usr/lib/libdl-2.21.so
7fa42b695000-7fa42b696000 r--p 00002000 08:05 527458                     /usr/lib/libdl-2.21.so
7fa42b696000-7fa42b697000 rw-p 00003000 08:05 527458                     /usr/lib/libdl-2.21.so
7fa42b697000-7fa42b6a4000 r-xp 00000000 08:05 662895                     /usr/lib/jvm/java-7-openjdk/jre/lib/amd64/jli/libjli.so
7fa42b6a4000-7fa42b8a3000 ---p 0000d000 08:05 662895                     /usr/lib/jvm/java-7-openjdk/jre/lib/amd64/jli/libjli.so
7fa42b8a3000-7fa42b8a4000 rw-p 0000c000 08:05 662895                     /usr/lib/jvm/java-7-openjdk/jre/lib/amd64/jli/libjli.so
7fa42b8a4000-7fa42b8bc000 r-xp 00000000 08:05 527440                     /usr/lib/libpthread-2.21.so
7fa42b8bc000-7fa42babb000 ---p 00018000 08:05 527440                     /usr/lib/libpthread-2.21.so
7fa42babb000-7fa42babc000 r--p 00017000 08:05 527440                     /usr/lib/libpthread-2.21.so
7fa42babc000-7fa42babd000 rw-p 00018000 08:05 527440                     /usr/lib/libpthread-2.21.so
7fa42babd000-7fa42bac1000 rw-p 00000000 00:00 0 
7fa42bac1000-7fa42bae3000 r-xp 00000000 08:05 527486                     /usr/lib/ld-2.21.so
7fa42bae7000-7fa42baf6000 r--s 000dd000 08:07 1445658                    /home/fuji/Android/Sdk/build-tools/22.0.1/lib/dx.jar
7fa42baf6000-7fa42bb00000 rw-p 00000000 00:00 0 
7fa42bb00000-7fa42bbb6000 rw-p 00000000 00:00 0 
7fa42bbb6000-7fa42bbb9000 ---p 00000000 00:00 0 
7fa42bbb9000-7fa42bcbb000 rw-p 00000000 00:00 0                          [stack:21611]
7fa42bcbe000-7fa42bcd7000 rw-p 00000000 00:00 0 
7fa42bcd7000-7fa42bcdf000 rw-s 00000000 00:20 161899                     /tmp/hsperfdata_fuji/21607
7fa42bcdf000-7fa42bce0000 rw-p 00000000 00:00 0 
7fa42bce0000-7fa42bce1000 ---p 00000000 00:00 0 
7fa42bce1000-7fa42bce2000 rw-p 00000000 00:00 0 
7fa42bce2000-7fa42bce3000 r--p 00021000 08:05 527486                     /usr/lib/ld-2.21.so
7fa42bce3000-7fa42bce4000 rw-p 00022000 08:05 527486                     /usr/lib/ld-2.21.so
7fa42bce4000-7fa42bce5000 rw-p 00000000 00:00 0 
7ffef65ee000-7ffef660f000 rw-p 00000000 00:00 0                          [stack]
7ffef668d000-7ffef668f000 r--p 00000000 00:00 0                          [vvar]
7ffef668f000-7ffef6691000 r-xp 00000000 00:00 0                          [vdso]
ffffffffff600000-ffffffffff601000 r-xp 00000000 00:00 0                  [vsyscall]

VM Arguments:
jvm_args: -Xmx1024M -Dfile.encoding=UTF-8 -Duser.country=PL -Duser.language=pl -Duser.variant 
java_command: com.android.dx.command.Main --dex --output /home/fuji/AndroidStudioProjects/TirtClient/app/build/intermediates/dex/debug /home/fuji/AndroidStudioProjects/TirtClient/app/build/intermediates/classes/debug /home/fuji/AndroidStudioProjects/TirtClient/app/build/intermediates/pre-dexed/debug/support-annotations-22.0.0-1bacd4c40a1edbf59152ba5967529bd32ac8b83c.jar /home/fuji/AndroidStudioProjects/TirtClient/app/build/intermediates/pre-dexed/debug/parceler-api-0.2.13-bd941fa107d444aa06be57251de292f3c9d8f081.jar /home/fuji/AndroidStudioProjects/TirtClient/app/build/intermediates/pre-dexed/debug/retrofit-1.9.0-bcd39b2f4757d4351294845224e7fa19d266eb0f.jar /home/fuji/AndroidStudioProjects/TirtClient/app/build/intermediates/pre-dexed/debug/gson-2.3.1-62bfe5509cab5ac7bc7f77c928d17902a726cae5.jar /home/fuji/AndroidStudioProjects/TirtClient/app/build/intermediates/pre-dexed/debug/internal_impl-22.0.0-9d46a6ccdb8046c490ec844999063d36756bc986.jar /home/fuji/AndroidStudioProjects/TirtClient/app/build/intermediates/pre-dexed/debug/classes-ca3b53baa58dc619427638534e82cee7f924bef3.jar /home/fuji/AndroidStudioProjects/TirtClient/app/build/intermediates/pre-dexed/debug/classes-7cff51fc019965de3d29840091ccba743ff63d40.jar /home/fuji/AndroidStudioProjects/TirtClient/app/build/intermediates/pre-dexed/debug/parceler-0.2.13-12d65998d4da0f2b2176969d116c8b0a6efde306.jar
Launcher Type: SUN_STANDARD

Environment Variables:
PATH=~/.gem/ruby/2.1.0/bin/:~/.gem/ruby/2.1.0/gems/bundler-1.6.3/bin/:/usr/local/sbin:/usr/local/bin:/usr/bin:/usr/lib/jvm/default/bin:/usr/bin/site_perl:/usr/bin/vendor_perl:/usr/bin/core_perl:/home/fuji/.rvm/bin
LD_LIBRARY_PATH=.:
SHELL=/usr/bin/zsh
DISPLAY=:0

Signal Handlers:
SIGSEGV: [libjvm.so+0x989390], sa_mask[0]=0x7ffbfeff, sa_flags=0x10000004
SIGBUS: [libjvm.so+0x989390], sa_mask[0]=0x7ffbfeff, sa_flags=0x10000004
SIGFPE: [libjvm.so+0x7f74d0], sa_mask[0]=0x7ffbfeff, sa_flags=0x10000004
SIGPIPE: [libjvm.so+0x7f74d0], sa_mask[0]=0x7ffbfeff, sa_flags=0x10000004
SIGXFSZ: [libjvm.so+0x7f74d0], sa_mask[0]=0x7ffbfeff, sa_flags=0x10000004
SIGILL: [libjvm.so+0x7f74d0], sa_mask[0]=0x7ffbfeff, sa_flags=0x10000004
SIGUSR1: SIG_DFL, sa_mask[0]=0x00000000, sa_flags=0x00000000
SIGUSR2: [libjvm.so+0x7f7350], sa_mask[0]=0x00000004, sa_flags=0x10000004
SIGHUP: [libjvm.so+0x7f7550], sa_mask[0]=0x7ffbfeff, sa_flags=0x10000004
SIGINT: [libjvm.so+0x7f7550], sa_mask[0]=0x7ffbfeff, sa_flags=0x10000004
SIGTERM: [libjvm.so+0x7f7550], sa_mask[0]=0x7ffbfeff, sa_flags=0x10000004
SIGQUIT: [libjvm.so+0x7f7550], sa_mask[0]=0x7ffbfeff, sa_flags=0x10000004
SIGTRAP: SIG_DFL, sa_mask[0]=0x00000000, sa_flags=0x00000000


---------------  S Y S T E M  ---------------

OS:Linux
uname:Linux 4.0.2-1-ARCH #1 SMP PREEMPT Thu May 7 06:47:54 CEST 2015 x86_64
libc:glibc 2.21 NPTL 2.21 
rlimit: STACK 8192k, CORE 0k, NPROC 15803, NOFILE 4096, AS infinity
load average:0,94 0,62 0,69

/proc/meminfo:
MemTotal:        4051052 kB
MemFree:          112176 kB
MemAvailable:      54000 kB
Buffers:             800 kB
Cached:           811304 kB
SwapCached:            0 kB
Active:          2964464 kB
Inactive:         680396 kB
Active(anon):    2962308 kB
Inactive(anon):   651544 kB
Active(file):       2156 kB
Inactive(file):    28852 kB
Unevictable:           0 kB
Mlocked:               0 kB
SwapTotal:             0 kB
SwapFree:              0 kB
Dirty:               132 kB
Writeback:            12 kB
AnonPages:       2832896 kB
Mapped:           179748 kB
Shmem:            780956 kB
Slab:              48424 kB
SReclaimable:      21572 kB
SUnreclaim:        26852 kB
KernelStack:        3712 kB
PageTables:        11796 kB
NFS_Unstable:          0 kB
Bounce:                0 kB
WritebackTmp:          0 kB
CommitLimit:     2025524 kB
Committed_AS:    5096064 kB
VmallocTotal:   34359738367 kB
VmallocUsed:       78208 kB
VmallocChunk:   34359654900 kB
HardwareCorrupted:     0 kB
AnonHugePages:    876544 kB
HugePages_Total:       0
HugePages_Free:        0
HugePages_Rsvd:        0
HugePages_Surp:        0
Hugepagesize:       2048 kB
DirectMap4k:     1958720 kB
DirectMap2M:     2234368 kB


CPU:total 2 (2 cores per cpu, 1 threads per core) family 6 model 23 stepping 10, cmov, cx8, fxsr, mmx, sse, sse2, sse3, ssse3, sse4.1, tsc

/proc/cpuinfo:
processor	: 0
vendor_id	: GenuineIntel
cpu family	: 6
model		: 23
model name	: Intel(R) Core(TM)2 Duo CPU     E8500  @ 3.16GHz
stepping	: 10
microcode	: 0xa07
cpu MHz		: 2666.000
cache size	: 6144 KB
physical id	: 0
siblings	: 2
core id		: 0
cpu cores	: 2
apicid		: 0
initial apicid	: 0
fpu		: yes
fpu_exception	: yes
cpuid level	: 13
wp		: yes
flags		: fpu vme de pse tsc msr pae mce cx8 apic sep mtrr pge mca cmov pat pse36 clflush dts acpi mmx fxsr sse sse2 ss ht tm pbe syscall nx lm constant_tsc arch_perfmon pebs bts rep_good nopl aperfmperf pni dtes64 monitor ds_cpl vmx smx est tm2 ssse3 cx16 xtpr pdcm sse4_1 xsave lahf_lm dtherm tpr_shadow vnmi flexpriority
bugs		:
bogomips	: 6335.24
clflush size	: 64
cache_alignment	: 64
address sizes	: 36 bits physical, 48 bits virtual
power management:

processor	: 1
vendor_id	: GenuineIntel
cpu family	: 6
model		: 23
model name	: Intel(R) Core(TM)2 Duo CPU     E8500  @ 3.16GHz
stepping	: 10
microcode	: 0xa07
cpu MHz		: 3165.000
cache size	: 6144 KB
physical id	: 0
siblings	: 2
core id		: 1
cpu cores	: 2
apicid		: 1
initial apicid	: 1
fpu		: yes
fpu_exception	: yes
cpuid level	: 13
wp		: yes
flags		: fpu vme de pse tsc msr pae mce cx8 apic sep mtrr pge mca cmov pat pse36 clflush dts acpi mmx fxsr sse sse2 ss ht tm pbe syscall nx lm constant_tsc arch_perfmon pebs bts rep_good nopl aperfmperf pni dtes64 monitor ds_cpl vmx smx est tm2 ssse3 cx16 xtpr pdcm sse4_1 xsave lahf_lm dtherm tpr_shadow vnmi flexpriority
bugs		:
bogomips	: 6335.24
clflush size	: 64
cache_alignment	: 64
address sizes	: 36 bits physical, 48 bits virtual
power management:



Memory: 4k page, physical 4051052k(112176k free), swap 0k(0k free)

vm_info: OpenJDK 64-Bit Server VM (24.79-b02) for linux-amd64 JRE (1.7.0_79-b14), built on Apr 15 2015 12:42:59 by "builduser" with gcc 4.9.2 20150304 (prerelease)

time: Sat May 16 21:29:16 2015
elapsed time: 6 seconds

